<?xml version="1.0" encoding="UTF-8"?>
<coverage generated="1730988924124" clover="3.2.0">
  <project timestamp="1730988924124" name="All files">
    <metrics statements="33" coveredstatements="11" conditionals="8" coveredconditionals="5" methods="11" coveredmethods="1" elements="52" coveredelements="17" complexity="0" loc="33" ncloc="33" packages="3" files="6" classes="6"/>
    <package name="Card">
      <metrics statements="9" coveredstatements="0" conditionals="0" coveredconditionals="0" methods="3" coveredmethods="0"/>
      <file name="Card.js" path="/home/system/Documents/code/MapAction/src/components/Card/Card.js">
        <metrics statements="3" coveredstatements="0" conditionals="0" coveredconditionals="0" methods="1" coveredmethods="0"/>
        <line num="4" count="0" type="stmt"/>
        <line num="5" count="0" type="stmt"/>
        <line num="7" count="0" type="stmt"/>
      </file>
      <file name="CardBody.js" path="/home/system/Documents/code/MapAction/src/components/Card/CardBody.js">
        <metrics statements="3" coveredstatements="0" conditionals="0" coveredconditionals="0" methods="1" coveredmethods="0"/>
        <line num="4" count="0" type="stmt"/>
        <line num="5" count="0" type="stmt"/>
        <line num="7" count="0" type="stmt"/>
      </file>
      <file name="CardHeader.js" path="/home/system/Documents/code/MapAction/src/components/Card/CardHeader.js">
        <metrics statements="3" coveredstatements="0" conditionals="0" coveredconditionals="0" methods="1" coveredmethods="0"/>
        <line num="4" count="0" type="stmt"/>
        <line num="5" count="0" type="stmt"/>
        <line num="7" count="0" type="stmt"/>
      </file>
    </package>
    <package name="Charts">
      <metrics statements="8" coveredstatements="0" conditionals="0" coveredconditionals="0" methods="6" coveredmethods="0"/>
      <file name="BarChart.js" path="/home/system/Documents/code/MapAction/src/components/Charts/BarChart.js">
        <metrics statements="4" coveredstatements="0" conditionals="0" coveredconditionals="0" methods="3" coveredmethods="0"/>
        <line num="6" count="0" type="stmt"/>
        <line num="7" count="0" type="stmt"/>
        <line num="16" count="0" type="stmt"/>
        <line num="23" count="0" type="stmt"/>
      </file>
      <file name="LineChart.js" path="/home/system/Documents/code/MapAction/src/components/Charts/LineChart.js">
        <metrics statements="4" coveredstatements="0" conditionals="0" coveredconditionals="0" methods="3" coveredmethods="0"/>
        <line num="7" count="0" type="stmt"/>
        <line num="9" count="0" type="stmt"/>
        <line num="16" count="0" type="stmt"/>
        <line num="23" count="0" type="stmt"/>
      </file>
    </package>
    <package name="Configurator">
      <metrics statements="16" coveredstatements="11" conditionals="8" coveredconditionals="5" methods="2" coveredmethods="1"/>
      <file name="Configurator.js" path="/home/system/Documents/code/MapAction/src/components/Configurator/Configurator.js">
        <metrics statements="16" coveredstatements="11" conditionals="8" coveredconditionals="5" methods="2" coveredmethods="1"/>
        <line num="30" count="8" type="stmt"/>
        <line num="31" count="7" type="stmt"/>
        <line num="33" count="7" type="stmt"/>
        <line num="35" count="7" type="stmt"/>
        <line num="39" count="7" type="stmt"/>
        <line num="40" count="7" type="stmt"/>
        <line num="41" count="7" type="stmt"/>
        <line num="42" count="7" type="stmt"/>
        <line num="43" count="7" type="stmt"/>
        <line num="44" count="7" type="stmt"/>
        <line num="45" count="7" type="stmt"/>
        <line num="75" count="0" type="cond" truecount="0" falsecount="2"/>
        <line num="76" count="0" type="stmt"/>
        <line num="77" count="0" type="stmt"/>
        <line num="79" count="0" type="stmt"/>
        <line num="80" count="0" type="stmt"/>
      </file>
    </package>
  </project>
</coverage>
