{"/Users/babawhizzo/Code/map_action_ml/MapAction/src/config.js": {"path":"/Users/babawhizzo/Code/map_action_ml/MapAction/src/config.js","statementMap":{"0":{"start":{"line":1,"column":22},"end":{"line":4,"column":1}}},"fnMap":{},"branchMap":{},"s":{"0":1},"f":{},"b":{},"_coverageSchema":"1a1c01bbd47fc00a2c39e90264f33305004495a9","hash":"36810478e400abf7a9fa8483f54f05e20b562320"}
,"/Users/babawhizzo/Code/map_action_ml/MapAction/src/Fonctions/Dash_fonction.js": {"path":"/Users/babawhizzo/Code/map_action_ml/MapAction/src/Fonctions/Dash_fonction.js","statementMap":{"0":{"start":{"line":13,"column":31},"end":{"line":606,"column":1}},"1":{"start":{"line":14,"column":28},"end":{"line":14,"column":38}},"2":{"start":{"line":15,"column":40},"end":{"line":15,"column":55}},"3":{"start":{"line":16,"column":26},"end":{"line":29,"column":5}},"4":{"start":{"line":30,"column":21},"end":{"line":30,"column":33}},"5":{"start":{"line":32,"column":58},"end":{"line":32,"column":69}},"6":{"start":{"line":33,"column":60},"end":{"line":33,"column":71}},"7":{"start":{"line":34,"column":44},"end":{"line":34,"column":55}},"8":{"start":{"line":35,"column":54},"end":{"line":35,"column":65}},"9":{"start":{"line":36,"column":60},"end":{"line":36,"column":71}},"10":{"start":{"line":37,"column":30},"end":{"line":37,"column":41}},"11":{"start":{"line":38,"column":38},"end":{"line":38,"column":49}},"12":{"start":{"line":39,"column":46},"end":{"line":39,"column":58}},"13":{"start":{"line":40,"column":37},"end":{"line":40,"column":49}},"14":{"start":{"line":41,"column":44},"end":{"line":41,"column":55}},"15":{"start":{"line":42,"column":56},"end":{"line":42,"column":67}},"16":{"start":{"line":43,"column":48},"end":{"line":43,"column":59}},"17":{"start":{"line":44,"column":34},"end":{"line":44,"column":45}},"18":{"start":{"line":45,"column":44},"end":{"line":45,"column":56}},"19":{"start":{"line":46,"column":36},"end":{"line":46,"column":48}},"20":{"start":{"line":47,"column":21},"end":{"line":47,"column":33}},"21":{"start":{"line":48,"column":68},"end":{"line":48,"column":83}},"22":{"start":{"line":49,"column":52},"end":{"line":49,"column":67}},"23":{"start":{"line":50,"column":52},"end":{"line":50,"column":67}},"24":{"start":{"line":51,"column":34},"end":{"line":51,"column":46}},"25":{"start":{"line":52,"column":46},"end":{"line":52,"column":58}},"26":{"start":{"line":53,"column":28},"end":{"line":53,"column":40}},"27":{"start":{"line":55,"column":4},"end":{"line":72,"column":49}},"28":{"start":{"line":57,"column":26},"end":{"line":70,"column":9}},"29":{"start":{"line":58,"column":12},"end":{"line":58,"column":34}},"30":{"start":{"line":59,"column":12},"end":{"line":59,"column":35}},"31":{"start":{"line":61,"column":12},"end":{"line":61,"column":35}},"32":{"start":{"line":62,"column":12},"end":{"line":62,"column":50}},"33":{"start":{"line":63,"column":12},"end":{"line":63,"column":42}},"34":{"start":{"line":64,"column":12},"end":{"line":64,"column":45}},"35":{"start":{"line":65,"column":12},"end":{"line":65,"column":34}},"36":{"start":{"line":66,"column":12},"end":{"line":66,"column":42}},"37":{"start":{"line":67,"column":12},"end":{"line":67,"column":33}},"38":{"start":{"line":68,"column":12},"end":{"line":68,"column":42}},"39":{"start":{"line":69,"column":12},"end":{"line":69,"column":32}},"40":{"start":{"line":71,"column":8},"end":{"line":71,"column":20}},"41":{"start":{"line":74,"column":26},"end":{"line":102,"column":5}},"42":{"start":{"line":75,"column":18},"end":{"line":75,"column":83}},"43":{"start":{"line":77,"column":8},"end":{"line":79,"column":9}},"44":{"start":{"line":78,"column":12},"end":{"line":78,"column":156}},"45":{"start":{"line":81,"column":8},"end":{"line":101,"column":9}},"46":{"start":{"line":82,"column":12},"end":{"line":85,"column":13}},"47":{"start":{"line":83,"column":16},"end":{"line":83,"column":50}},"48":{"start":{"line":84,"column":16},"end":{"line":84,"column":23}},"49":{"start":{"line":87,"column":24},"end":{"line":92,"column":14}},"50":{"start":{"line":93,"column":33},"end":{"line":93,"column":48}},"51":{"start":{"line":94,"column":37},"end":{"line":94,"column":98}},"52":{"start":{"line":94,"column":65},"end":{"line":94,"column":90}},"53":{"start":{"line":95,"column":38},"end":{"line":95,"column":121}},"54":{"start":{"line":96,"column":12},"end":{"line":96,"column":56}},"55":{"start":{"line":97,"column":12},"end":{"line":97,"column":39}},"56":{"start":{"line":99,"column":10},"end":{"line":99,"column":112}},"57":{"start":{"line":100,"column":12},"end":{"line":100,"column":38}},"58":{"start":{"line":104,"column":27},"end":{"line":132,"column":5}},"59":{"start":{"line":105,"column":18},"end":{"line":105,"column":83}},"60":{"start":{"line":107,"column":8},"end":{"line":109,"column":9}},"61":{"start":{"line":108,"column":12},"end":{"line":108,"column":156}},"62":{"start":{"line":111,"column":8},"end":{"line":131,"column":9}},"63":{"start":{"line":112,"column":12},"end":{"line":115,"column":13}},"64":{"start":{"line":113,"column":16},"end":{"line":113,"column":50}},"65":{"start":{"line":114,"column":16},"end":{"line":114,"column":23}},"66":{"start":{"line":117,"column":24},"end":{"line":122,"column":14}},"67":{"start":{"line":123,"column":33},"end":{"line":123,"column":48}},"68":{"start":{"line":124,"column":38},"end":{"line":124,"column":99}},"69":{"start":{"line":124,"column":66},"end":{"line":124,"column":91}},"70":{"start":{"line":125,"column":39},"end":{"line":125,"column":123}},"71":{"start":{"line":126,"column":12},"end":{"line":126,"column":58}},"72":{"start":{"line":127,"column":12},"end":{"line":127,"column":40}},"73":{"start":{"line":129,"column":12},"end":{"line":129,"column":39}},"74":{"start":{"line":130,"column":12},"end":{"line":130,"column":39}},"75":{"start":{"line":134,"column":27},"end":{"line":155,"column":5}},"76":{"start":{"line":135,"column":29},"end":{"line":135,"column":62}},"77":{"start":{"line":136,"column":8},"end":{"line":138,"column":9}},"78":{"start":{"line":137,"column":12},"end":{"line":137,"column":37}},"79":{"start":{"line":139,"column":8},"end":{"line":154,"column":9}},"80":{"start":{"line":140,"column":40},"end":{"line":140,"column":61}},"81":{"start":{"line":141,"column":41},"end":{"line":141,"column":63}},"82":{"start":{"line":142,"column":12},"end":{"line":151,"column":15}},"83":{"start":{"line":153,"column":12},"end":{"line":153,"column":39}},"84":{"start":{"line":157,"column":27},"end":{"line":184,"column":5}},"85":{"start":{"line":158,"column":18},"end":{"line":158,"column":83}},"86":{"start":{"line":160,"column":8},"end":{"line":162,"column":9}},"87":{"start":{"line":161,"column":12},"end":{"line":161,"column":156}},"88":{"start":{"line":164,"column":8},"end":{"line":183,"column":9}},"89":{"start":{"line":165,"column":12},"end":{"line":168,"column":13}},"90":{"start":{"line":166,"column":16},"end":{"line":166,"column":50}},"91":{"start":{"line":167,"column":16},"end":{"line":167,"column":23}},"92":{"start":{"line":170,"column":24},"end":{"line":175,"column":14}},"93":{"start":{"line":176,"column":33},"end":{"line":176,"column":48}},"94":{"start":{"line":177,"column":24},"end":{"line":177,"column":98}},"95":{"start":{"line":177,"column":52},"end":{"line":177,"column":90}},"96":{"start":{"line":178,"column":34},"end":{"line":178,"column":104}},"97":{"start":{"line":179,"column":12},"end":{"line":179,"column":38}},"98":{"start":{"line":182,"column":12},"end":{"line":182,"column":39}},"99":{"start":{"line":186,"column":42},"end":{"line":206,"column":5}},"100":{"start":{"line":187,"column":8},"end":{"line":205,"column":9}},"101":{"start":{"line":188,"column":33},"end":{"line":188,"column":46}},"102":{"start":{"line":189,"column":34},"end":{"line":189,"column":76}},"103":{"start":{"line":190,"column":31},"end":{"line":190,"column":92}},"104":{"start":{"line":191,"column":32},"end":{"line":191,"column":94}},"105":{"start":{"line":193,"column":56},"end":{"line":196,"column":14}},"106":{"start":{"line":198,"column":33},"end":{"line":198,"column":65}},"107":{"start":{"line":199,"column":34},"end":{"line":199,"column":67}},"108":{"start":{"line":200,"column":33},"end":{"line":200,"column":126}},"109":{"start":{"line":201,"column":12},"end":{"line":201,"column":42}},"110":{"start":{"line":204,"column":12},"end":{"line":204,"column":39}},"111":{"start":{"line":208,"column":34},"end":{"line":228,"column":5}},"112":{"start":{"line":209,"column":8},"end":{"line":227,"column":9}},"113":{"start":{"line":210,"column":33},"end":{"line":210,"column":46}},"114":{"start":{"line":211,"column":34},"end":{"line":211,"column":51}},"115":{"start":{"line":212,"column":31},"end":{"line":212,"column":92}},"116":{"start":{"line":213,"column":32},"end":{"line":213,"column":94}},"117":{"start":{"line":215,"column":56},"end":{"line":218,"column":14}},"118":{"start":{"line":220,"column":33},"end":{"line":220,"column":124}},"119":{"start":{"line":220,"column":78},"end":{"line":220,"column":116}},"120":{"start":{"line":221,"column":34},"end":{"line":221,"column":126}},"121":{"start":{"line":221,"column":80},"end":{"line":221,"column":118}},"122":{"start":{"line":222,"column":46},"end":{"line":222,"column":121}},"123":{"start":{"line":223,"column":12},"end":{"line":223,"column":60}},"124":{"start":{"line":226,"column":12},"end":{"line":226,"column":39}},"125":{"start":{"line":229,"column":23},"end":{"line":233,"column":5}},"126":{"start":{"line":230,"column":6},"end":{"line":230,"column":61}},"127":{"start":{"line":231,"column":6},"end":{"line":231,"column":33}},"128":{"start":{"line":232,"column":6},"end":{"line":232,"column":32}},"129":{"start":{"line":235,"column":26},"end":{"line":239,"column":5}},"130":{"start":{"line":236,"column":8},"end":{"line":236,"column":47}},"131":{"start":{"line":237,"column":8},"end":{"line":237,"column":34}},"132":{"start":{"line":238,"column":8},"end":{"line":238,"column":43}},"133":{"start":{"line":241,"column":26},"end":{"line":245,"column":5}},"134":{"start":{"line":242,"column":8},"end":{"line":242,"column":47}},"135":{"start":{"line":243,"column":8},"end":{"line":243,"column":43}},"136":{"start":{"line":244,"column":8},"end":{"line":244,"column":35}},"137":{"start":{"line":246,"column":37},"end":{"line":266,"column":5}},"138":{"start":{"line":247,"column":8},"end":{"line":265,"column":9}},"139":{"start":{"line":248,"column":33},"end":{"line":248,"column":46}},"140":{"start":{"line":249,"column":34},"end":{"line":249,"column":76}},"141":{"start":{"line":250,"column":31},"end":{"line":250,"column":92}},"142":{"start":{"line":251,"column":32},"end":{"line":251,"column":94}},"143":{"start":{"line":253,"column":56},"end":{"line":256,"column":14}},"144":{"start":{"line":258,"column":36},"end":{"line":258,"column":117}},"145":{"start":{"line":258,"column":81},"end":{"line":258,"column":109}},"146":{"start":{"line":259,"column":37},"end":{"line":259,"column":119}},"147":{"start":{"line":259,"column":83},"end":{"line":259,"column":111}},"148":{"start":{"line":260,"column":41},"end":{"line":260,"column":146}},"149":{"start":{"line":261,"column":12},"end":{"line":261,"column":58}},"150":{"start":{"line":264,"column":12},"end":{"line":264,"column":39}},"151":{"start":{"line":267,"column":19},"end":{"line":267,"column":52}},"152":{"start":{"line":269,"column":26},"end":{"line":307,"column":5}},"153":{"start":{"line":270,"column":18},"end":{"line":270,"column":83}},"154":{"start":{"line":272,"column":8},"end":{"line":278,"column":9}},"155":{"start":{"line":273,"column":30},"end":{"line":273,"column":82}},"156":{"start":{"line":274,"column":28},"end":{"line":274,"column":78}},"157":{"start":{"line":275,"column":12},"end":{"line":275,"column":70}},"158":{"start":{"line":276,"column":12},"end":{"line":276,"column":76}},"159":{"start":{"line":277,"column":12},"end":{"line":277,"column":44}},"160":{"start":{"line":281,"column":8},"end":{"line":305,"column":9}},"161":{"start":{"line":282,"column":12},"end":{"line":285,"column":13}},"162":{"start":{"line":283,"column":16},"end":{"line":283,"column":50}},"163":{"start":{"line":284,"column":16},"end":{"line":284,"column":23}},"164":{"start":{"line":287,"column":24},"end":{"line":292,"column":14}},"165":{"start":{"line":295,"column":12},"end":{"line":295,"column":56}},"166":{"start":{"line":296,"column":12},"end":{"line":296,"column":34}},"167":{"start":{"line":297,"column":12},"end":{"line":297,"column":47}},"168":{"start":{"line":300,"column":12},"end":{"line":304,"column":13}},"169":{"start":{"line":301,"column":16},"end":{"line":301,"column":89}},"170":{"start":{"line":303,"column":16},"end":{"line":303,"column":67}},"171":{"start":{"line":309,"column":24},"end":{"line":332,"column":5}},"172":{"start":{"line":310,"column":29},"end":{"line":310,"column":42}},"173":{"start":{"line":311,"column":30},"end":{"line":311,"column":72}},"174":{"start":{"line":312,"column":27},"end":{"line":312,"column":88}},"175":{"start":{"line":313,"column":28},"end":{"line":313,"column":90}},"176":{"start":{"line":314,"column":18},"end":{"line":314,"column":80}},"177":{"start":{"line":315,"column":8},"end":{"line":331,"column":9}},"178":{"start":{"line":316,"column":56},"end":{"line":319,"column":14}},"179":{"start":{"line":320,"column":31},"end":{"line":320,"column":128}},"180":{"start":{"line":320,"column":76},"end":{"line":320,"column":120}},"181":{"start":{"line":321,"column":32},"end":{"line":321,"column":130}},"182":{"start":{"line":321,"column":78},"end":{"line":321,"column":122}},"183":{"start":{"line":323,"column":12},"end":{"line":323,"column":40}},"184":{"start":{"line":324,"column":39},"end":{"line":326,"column":19}},"185":{"start":{"line":327,"column":12},"end":{"line":327,"column":54}},"186":{"start":{"line":330,"column":12},"end":{"line":330,"column":39}},"187":{"start":{"line":335,"column":34},"end":{"line":359,"column":5}},"188":{"start":{"line":336,"column":18},"end":{"line":336,"column":83}},"189":{"start":{"line":338,"column":8},"end":{"line":340,"column":9}},"190":{"start":{"line":339,"column":12},"end":{"line":339,"column":156}},"191":{"start":{"line":342,"column":8},"end":{"line":358,"column":9}},"192":{"start":{"line":343,"column":12},"end":{"line":346,"column":13}},"193":{"start":{"line":344,"column":16},"end":{"line":344,"column":50}},"194":{"start":{"line":345,"column":16},"end":{"line":345,"column":23}},"195":{"start":{"line":348,"column":24},"end":{"line":353,"column":14}},"196":{"start":{"line":354,"column":12},"end":{"line":354,"column":101}},"197":{"start":{"line":354,"column":53},"end":{"line":354,"column":91}},"198":{"start":{"line":355,"column":12},"end":{"line":355,"column":89}},"199":{"start":{"line":355,"column":48},"end":{"line":355,"column":86}},"200":{"start":{"line":357,"column":12},"end":{"line":357,"column":38}},"201":{"start":{"line":360,"column":30},"end":{"line":374,"column":5}},"202":{"start":{"line":361,"column":18},"end":{"line":361,"column":55}},"203":{"start":{"line":362,"column":8},"end":{"line":373,"column":9}},"204":{"start":{"line":363,"column":22},"end":{"line":368,"column":14}},"205":{"start":{"line":369,"column":12},"end":{"line":369,"column":45}},"206":{"start":{"line":370,"column":12},"end":{"line":370,"column":54}},"207":{"start":{"line":372,"column":12},"end":{"line":372,"column":38}},"208":{"start":{"line":376,"column":34},"end":{"line":400,"column":5}},"209":{"start":{"line":377,"column":18},"end":{"line":377,"column":83}},"210":{"start":{"line":379,"column":8},"end":{"line":381,"column":9}},"211":{"start":{"line":380,"column":12},"end":{"line":380,"column":156}},"212":{"start":{"line":383,"column":8},"end":{"line":399,"column":9}},"213":{"start":{"line":384,"column":12},"end":{"line":387,"column":13}},"214":{"start":{"line":385,"column":16},"end":{"line":385,"column":50}},"215":{"start":{"line":386,"column":16},"end":{"line":386,"column":23}},"216":{"start":{"line":389,"column":24},"end":{"line":394,"column":14}},"217":{"start":{"line":395,"column":27},"end":{"line":395,"column":91}},"218":{"start":{"line":395,"column":55},"end":{"line":395,"column":83}},"219":{"start":{"line":396,"column":12},"end":{"line":396,"column":33}},"220":{"start":{"line":398,"column":12},"end":{"line":398,"column":39}},"221":{"start":{"line":402,"column":25},"end":{"line":435,"column":5}},"222":{"start":{"line":403,"column":6},"end":{"line":434,"column":7}},"223":{"start":{"line":404,"column":20},"end":{"line":408,"column":12}},"224":{"start":{"line":410,"column":26},"end":{"line":410,"column":34}},"225":{"start":{"line":412,"column":29},"end":{"line":415,"column":14}},"226":{"start":{"line":413,"column":12},"end":{"line":413,"column":85}},"227":{"start":{"line":414,"column":12},"end":{"line":414,"column":23}},"228":{"start":{"line":417,"column":29},"end":{"line":417,"column":47}},"229":{"start":{"line":419,"column":34},"end":{"line":425,"column":10}},"230":{"start":{"line":420,"column":12},"end":{"line":424,"column":14}},"231":{"start":{"line":430,"column":8},"end":{"line":430,"column":41}},"232":{"start":{"line":431,"column":8},"end":{"line":431,"column":40}},"233":{"start":{"line":433,"column":8},"end":{"line":433,"column":35}},"234":{"start":{"line":437,"column":27},"end":{"line":446,"column":5}},"235":{"start":{"line":438,"column":21},"end":{"line":438,"column":40}},"236":{"start":{"line":439,"column":8},"end":{"line":441,"column":11}},"237":{"start":{"line":440,"column":10},"end":{"line":440,"column":28}},"238":{"start":{"line":442,"column":8},"end":{"line":445,"column":9}},"239":{"start":{"line":443,"column":12},"end":{"line":443,"column":52}},"240":{"start":{"line":444,"column":12},"end":{"line":444,"column":30}},"241":{"start":{"line":447,"column":40},"end":{"line":458,"column":5}},"242":{"start":{"line":448,"column":21},"end":{"line":448,"column":40}},"243":{"start":{"line":449,"column":8},"end":{"line":449,"column":70}},"244":{"start":{"line":450,"column":8},"end":{"line":453,"column":11}},"245":{"start":{"line":451,"column":10},"end":{"line":451,"column":56}},"246":{"start":{"line":452,"column":10},"end":{"line":452,"column":28}},"247":{"start":{"line":454,"column":8},"end":{"line":457,"column":9}},"248":{"start":{"line":455,"column":12},"end":{"line":455,"column":52}},"249":{"start":{"line":456,"column":12},"end":{"line":456,"column":30}},"250":{"start":{"line":460,"column":28},"end":{"line":469,"column":5}},"251":{"start":{"line":461,"column":23},"end":{"line":461,"column":25}},"252":{"start":{"line":462,"column":8},"end":{"line":467,"column":9}},"253":{"start":{"line":462,"column":25},"end":{"line":462,"column":26}},"254":{"start":{"line":463,"column":28},"end":{"line":463,"column":39}},"255":{"start":{"line":464,"column":12},"end":{"line":466,"column":13}},"256":{"start":{"line":465,"column":16},"end":{"line":465,"column":34}},"257":{"start":{"line":468,"column":8},"end":{"line":468,"column":23}},"258":{"start":{"line":471,"column":28},"end":{"line":483,"column":5}},"259":{"start":{"line":472,"column":32},"end":{"line":472,"column":41}},"260":{"start":{"line":473,"column":8},"end":{"line":475,"column":9}},"261":{"start":{"line":474,"column":12},"end":{"line":474,"column":109}},"262":{"start":{"line":474,"column":69},"end":{"line":474,"column":107}},"263":{"start":{"line":476,"column":8},"end":{"line":478,"column":9}},"264":{"start":{"line":477,"column":12},"end":{"line":477,"column":99}},"265":{"start":{"line":477,"column":69},"end":{"line":477,"column":97}},"266":{"start":{"line":479,"column":8},"end":{"line":481,"column":9}},"267":{"start":{"line":480,"column":12},"end":{"line":480,"column":99}},"268":{"start":{"line":480,"column":69},"end":{"line":480,"column":97}},"269":{"start":{"line":482,"column":8},"end":{"line":482,"column":33}},"270":{"start":{"line":485,"column":24},"end":{"line":507,"column":5}},"271":{"start":{"line":487,"column":8},"end":{"line":499,"column":9}},"272":{"start":{"line":489,"column":16},"end":{"line":489,"column":74}},"273":{"start":{"line":490,"column":16},"end":{"line":490,"column":22}},"274":{"start":{"line":492,"column":16},"end":{"line":492,"column":82}},"275":{"start":{"line":493,"column":16},"end":{"line":493,"column":22}},"276":{"start":{"line":495,"column":16},"end":{"line":495,"column":76}},"277":{"start":{"line":496,"column":16},"end":{"line":496,"column":22}},"278":{"start":{"line":498,"column":16},"end":{"line":498,"column":86}},"279":{"start":{"line":500,"column":8},"end":{"line":506,"column":11}},"280":{"start":{"line":508,"column":28},"end":{"line":551,"column":5}},"281":{"start":{"line":509,"column":40},"end":{"line":528,"column":8}},"282":{"start":{"line":529,"column":6},"end":{"line":540,"column":54}},"283":{"start":{"line":530,"column":24},"end":{"line":530,"column":28}},"284":{"start":{"line":531,"column":8},"end":{"line":536,"column":9}},"285":{"start":{"line":532,"column":10},"end":{"line":535,"column":14}},"286":{"start":{"line":532,"column":36},"end":{"line":535,"column":11}},"287":{"start":{"line":537,"column":8},"end":{"line":539,"column":10}},"288":{"start":{"line":538,"column":10},"end":{"line":538,"column":28}},"289":{"start":{"line":541,"column":6},"end":{"line":550,"column":8}},"290":{"start":{"line":553,"column":4},"end":{"line":605,"column":6}}},"fnMap":{"0":{"name":"(anonymous_0)","decl":{"start":{"line":13,"column":31},"end":{"line":13,"column":32}},"loc":{"start":{"line":13,"column":37},"end":{"line":606,"column":1}},"line":13},"1":{"name":"(anonymous_1)","decl":{"start":{"line":55,"column":14},"end":{"line":55,"column":15}},"loc":{"start":{"line":55,"column":20},"end":{"line":72,"column":5}},"line":55},"2":{"name":"(anonymous_2)","decl":{"start":{"line":57,"column":26},"end":{"line":57,"column":27}},"loc":{"start":{"line":57,"column":38},"end":{"line":70,"column":9}},"line":57},"3":{"name":"(anonymous_3)","decl":{"start":{"line":74,"column":26},"end":{"line":74,"column":27}},"loc":{"start":{"line":74,"column":38},"end":{"line":102,"column":5}},"line":74},"4":{"name":"(anonymous_4)","decl":{"start":{"line":94,"column":53},"end":{"line":94,"column":54}},"loc":{"start":{"line":94,"column":65},"end":{"line":94,"column":90}},"line":94},"5":{"name":"(anonymous_5)","decl":{"start":{"line":104,"column":27},"end":{"line":104,"column":28}},"loc":{"start":{"line":104,"column":39},"end":{"line":132,"column":5}},"line":104},"6":{"name":"(anonymous_6)","decl":{"start":{"line":124,"column":54},"end":{"line":124,"column":55}},"loc":{"start":{"line":124,"column":66},"end":{"line":124,"column":91}},"line":124},"7":{"name":"(anonymous_7)","decl":{"start":{"line":134,"column":27},"end":{"line":134,"column":28}},"loc":{"start":{"line":134,"column":39},"end":{"line":155,"column":5}},"line":134},"8":{"name":"(anonymous_8)","decl":{"start":{"line":157,"column":27},"end":{"line":157,"column":28}},"loc":{"start":{"line":157,"column":39},"end":{"line":184,"column":5}},"line":157},"9":{"name":"(anonymous_9)","decl":{"start":{"line":177,"column":40},"end":{"line":177,"column":41}},"loc":{"start":{"line":177,"column":52},"end":{"line":177,"column":90}},"line":177},"10":{"name":"(anonymous_10)","decl":{"start":{"line":186,"column":42},"end":{"line":186,"column":43}},"loc":{"start":{"line":186,"column":54},"end":{"line":206,"column":5}},"line":186},"11":{"name":"(anonymous_11)","decl":{"start":{"line":208,"column":34},"end":{"line":208,"column":35}},"loc":{"start":{"line":208,"column":46},"end":{"line":228,"column":5}},"line":208},"12":{"name":"(anonymous_12)","decl":{"start":{"line":220,"column":66},"end":{"line":220,"column":67}},"loc":{"start":{"line":220,"column":78},"end":{"line":220,"column":116}},"line":220},"13":{"name":"(anonymous_13)","decl":{"start":{"line":221,"column":68},"end":{"line":221,"column":69}},"loc":{"start":{"line":221,"column":80},"end":{"line":221,"column":118}},"line":221},"14":{"name":"(anonymous_14)","decl":{"start":{"line":229,"column":23},"end":{"line":229,"column":24}},"loc":{"start":{"line":229,"column":35},"end":{"line":233,"column":5}},"line":229},"15":{"name":"(anonymous_15)","decl":{"start":{"line":235,"column":26},"end":{"line":235,"column":27}},"loc":{"start":{"line":235,"column":38},"end":{"line":239,"column":5}},"line":235},"16":{"name":"(anonymous_16)","decl":{"start":{"line":241,"column":26},"end":{"line":241,"column":27}},"loc":{"start":{"line":241,"column":38},"end":{"line":245,"column":5}},"line":241},"17":{"name":"(anonymous_17)","decl":{"start":{"line":246,"column":37},"end":{"line":246,"column":38}},"loc":{"start":{"line":246,"column":49},"end":{"line":266,"column":5}},"line":246},"18":{"name":"(anonymous_18)","decl":{"start":{"line":258,"column":69},"end":{"line":258,"column":70}},"loc":{"start":{"line":258,"column":81},"end":{"line":258,"column":109}},"line":258},"19":{"name":"(anonymous_19)","decl":{"start":{"line":259,"column":71},"end":{"line":259,"column":72}},"loc":{"start":{"line":259,"column":83},"end":{"line":259,"column":111}},"line":259},"20":{"name":"(anonymous_20)","decl":{"start":{"line":269,"column":26},"end":{"line":269,"column":27}},"loc":{"start":{"line":269,"column":38},"end":{"line":307,"column":5}},"line":269},"21":{"name":"(anonymous_21)","decl":{"start":{"line":309,"column":24},"end":{"line":309,"column":25}},"loc":{"start":{"line":309,"column":36},"end":{"line":332,"column":5}},"line":309},"22":{"name":"(anonymous_22)","decl":{"start":{"line":320,"column":64},"end":{"line":320,"column":65}},"loc":{"start":{"line":320,"column":76},"end":{"line":320,"column":120}},"line":320},"23":{"name":"(anonymous_23)","decl":{"start":{"line":321,"column":66},"end":{"line":321,"column":67}},"loc":{"start":{"line":321,"column":78},"end":{"line":321,"column":122}},"line":321},"24":{"name":"(anonymous_24)","decl":{"start":{"line":335,"column":34},"end":{"line":335,"column":35}},"loc":{"start":{"line":335,"column":46},"end":{"line":359,"column":5}},"line":335},"25":{"name":"(anonymous_25)","decl":{"start":{"line":354,"column":41},"end":{"line":354,"column":42}},"loc":{"start":{"line":354,"column":53},"end":{"line":354,"column":91}},"line":354},"26":{"name":"(anonymous_26)","decl":{"start":{"line":355,"column":36},"end":{"line":355,"column":37}},"loc":{"start":{"line":355,"column":48},"end":{"line":355,"column":86}},"line":355},"27":{"name":"(anonymous_27)","decl":{"start":{"line":360,"column":30},"end":{"line":360,"column":31}},"loc":{"start":{"line":360,"column":42},"end":{"line":374,"column":5}},"line":360},"28":{"name":"(anonymous_28)","decl":{"start":{"line":376,"column":34},"end":{"line":376,"column":35}},"loc":{"start":{"line":376,"column":46},"end":{"line":400,"column":5}},"line":376},"29":{"name":"(anonymous_29)","decl":{"start":{"line":395,"column":43},"end":{"line":395,"column":44}},"loc":{"start":{"line":395,"column":55},"end":{"line":395,"column":83}},"line":395},"30":{"name":"(anonymous_30)","decl":{"start":{"line":402,"column":25},"end":{"line":402,"column":26}},"loc":{"start":{"line":402,"column":37},"end":{"line":435,"column":5}},"line":402},"31":{"name":"(anonymous_31)","decl":{"start":{"line":412,"column":48},"end":{"line":412,"column":49}},"loc":{"start":{"line":412,"column":69},"end":{"line":415,"column":9}},"line":412},"32":{"name":"(anonymous_32)","decl":{"start":{"line":419,"column":69},"end":{"line":419,"column":70}},"loc":{"start":{"line":419,"column":88},"end":{"line":425,"column":9}},"line":419},"33":{"name":"(anonymous_33)","decl":{"start":{"line":437,"column":27},"end":{"line":437,"column":28}},"loc":{"start":{"line":437,"column":35},"end":{"line":446,"column":5}},"line":437},"34":{"name":"(anonymous_34)","decl":{"start":{"line":439,"column":72},"end":{"line":439,"column":73}},"loc":{"start":{"line":439,"column":78},"end":{"line":441,"column":9}},"line":439},"35":{"name":"(anonymous_35)","decl":{"start":{"line":447,"column":40},"end":{"line":447,"column":41}},"loc":{"start":{"line":447,"column":48},"end":{"line":458,"column":5}},"line":447},"36":{"name":"(anonymous_36)","decl":{"start":{"line":450,"column":86},"end":{"line":450,"column":87}},"loc":{"start":{"line":450,"column":92},"end":{"line":453,"column":9}},"line":450},"37":{"name":"(anonymous_37)","decl":{"start":{"line":460,"column":28},"end":{"line":460,"column":29}},"loc":{"start":{"line":460,"column":36},"end":{"line":469,"column":5}},"line":460},"38":{"name":"(anonymous_38)","decl":{"start":{"line":471,"column":28},"end":{"line":471,"column":29}},"loc":{"start":{"line":471,"column":43},"end":{"line":483,"column":5}},"line":471},"39":{"name":"(anonymous_39)","decl":{"start":{"line":474,"column":57},"end":{"line":474,"column":58}},"loc":{"start":{"line":474,"column":69},"end":{"line":474,"column":107}},"line":474},"40":{"name":"(anonymous_40)","decl":{"start":{"line":477,"column":57},"end":{"line":477,"column":58}},"loc":{"start":{"line":477,"column":69},"end":{"line":477,"column":97}},"line":477},"41":{"name":"(anonymous_41)","decl":{"start":{"line":480,"column":57},"end":{"line":480,"column":58}},"loc":{"start":{"line":480,"column":69},"end":{"line":480,"column":97}},"line":480},"42":{"name":"(anonymous_42)","decl":{"start":{"line":485,"column":24},"end":{"line":485,"column":25}},"loc":{"start":{"line":485,"column":42},"end":{"line":507,"column":5}},"line":485},"43":{"name":"(anonymous_43)","decl":{"start":{"line":508,"column":28},"end":{"line":508,"column":29}},"loc":{"start":{"line":508,"column":34},"end":{"line":551,"column":5}},"line":508},"44":{"name":"(anonymous_44)","decl":{"start":{"line":529,"column":16},"end":{"line":529,"column":17}},"loc":{"start":{"line":529,"column":22},"end":{"line":540,"column":7}},"line":529},"45":{"name":"(anonymous_45)","decl":{"start":{"line":532,"column":23},"end":{"line":532,"column":24}},"loc":{"start":{"line":532,"column":36},"end":{"line":535,"column":11}},"line":532},"46":{"name":"(anonymous_46)","decl":{"start":{"line":537,"column":15},"end":{"line":537,"column":16}},"loc":{"start":{"line":537,"column":21},"end":{"line":539,"column":9}},"line":537}},"branchMap":{"0":{"loc":{"start":{"line":77,"column":8},"end":{"line":79,"column":9}},"type":"if","locations":[{"start":{"line":77,"column":8},"end":{"line":79,"column":9}},{"start":{},"end":{}}],"line":77},"1":{"loc":{"start":{"line":77,"column":12},"end":{"line":77,"column":95}},"type":"binary-expr","locations":[{"start":{"line":77,"column":12},"end":{"line":77,"column":41}},{"start":{"line":77,"column":45},"end":{"line":77,"column":69}},{"start":{"line":77,"column":73},"end":{"line":77,"column":95}}],"line":77},"2":{"loc":{"start":{"line":82,"column":12},"end":{"line":85,"column":13}},"type":"if","locations":[{"start":{"line":82,"column":12},"end":{"line":85,"column":13}},{"start":{},"end":{}}],"line":82},"3":{"loc":{"start":{"line":95,"column":38},"end":{"line":95,"column":121}},"type":"cond-expr","locations":[{"start":{"line":95,"column":61},"end":{"line":95,"column":117}},{"start":{"line":95,"column":120},"end":{"line":95,"column":121}}],"line":95},"4":{"loc":{"start":{"line":99,"column":58},"end":{"line":99,"column":110}},"type":"cond-expr","locations":[{"start":{"line":99,"column":75},"end":{"line":99,"column":94}},{"start":{"line":99,"column":97},"end":{"line":99,"column":110}}],"line":99},"5":{"loc":{"start":{"line":107,"column":8},"end":{"line":109,"column":9}},"type":"if","locations":[{"start":{"line":107,"column":8},"end":{"line":109,"column":9}},{"start":{},"end":{}}],"line":107},"6":{"loc":{"start":{"line":107,"column":12},"end":{"line":107,"column":95}},"type":"binary-expr","locations":[{"start":{"line":107,"column":12},"end":{"line":107,"column":41}},{"start":{"line":107,"column":45},"end":{"line":107,"column":69}},{"start":{"line":107,"column":73},"end":{"line":107,"column":95}}],"line":107},"7":{"loc":{"start":{"line":112,"column":12},"end":{"line":115,"column":13}},"type":"if","locations":[{"start":{"line":112,"column":12},"end":{"line":115,"column":13}},{"start":{},"end":{}}],"line":112},"8":{"loc":{"start":{"line":125,"column":39},"end":{"line":125,"column":123}},"type":"cond-expr","locations":[{"start":{"line":125,"column":62},"end":{"line":125,"column":119}},{"start":{"line":125,"column":122},"end":{"line":125,"column":123}}],"line":125},"9":{"loc":{"start":{"line":136,"column":8},"end":{"line":138,"column":9}},"type":"if","locations":[{"start":{"line":136,"column":8},"end":{"line":138,"column":9}},{"start":{},"end":{}}],"line":136},"10":{"loc":{"start":{"line":160,"column":8},"end":{"line":162,"column":9}},"type":"if","locations":[{"start":{"line":160,"column":8},"end":{"line":162,"column":9}},{"start":{},"end":{}}],"line":160},"11":{"loc":{"start":{"line":160,"column":12},"end":{"line":160,"column":95}},"type":"binary-expr","locations":[{"start":{"line":160,"column":12},"end":{"line":160,"column":41}},{"start":{"line":160,"column":45},"end":{"line":160,"column":69}},{"start":{"line":160,"column":73},"end":{"line":160,"column":95}}],"line":160},"12":{"loc":{"start":{"line":165,"column":12},"end":{"line":168,"column":13}},"type":"if","locations":[{"start":{"line":165,"column":12},"end":{"line":168,"column":13}},{"start":{},"end":{}}],"line":165},"13":{"loc":{"start":{"line":178,"column":34},"end":{"line":178,"column":104}},"type":"cond-expr","locations":[{"start":{"line":178,"column":57},"end":{"line":178,"column":100}},{"start":{"line":178,"column":103},"end":{"line":178,"column":104}}],"line":178},"14":{"loc":{"start":{"line":189,"column":34},"end":{"line":189,"column":76}},"type":"cond-expr","locations":[{"start":{"line":189,"column":55},"end":{"line":189,"column":57}},{"start":{"line":189,"column":60},"end":{"line":189,"column":76}}],"line":189},"15":{"loc":{"start":{"line":200,"column":33},"end":{"line":200,"column":126}},"type":"cond-expr","locations":[{"start":{"line":200,"column":55},"end":{"line":200,"column":122}},{"start":{"line":200,"column":125},"end":{"line":200,"column":126}}],"line":200},"16":{"loc":{"start":{"line":222,"column":46},"end":{"line":222,"column":121}},"type":"cond-expr","locations":[{"start":{"line":222,"column":68},"end":{"line":222,"column":117}},{"start":{"line":222,"column":120},"end":{"line":222,"column":121}}],"line":222},"17":{"loc":{"start":{"line":249,"column":34},"end":{"line":249,"column":76}},"type":"cond-expr","locations":[{"start":{"line":249,"column":55},"end":{"line":249,"column":57}},{"start":{"line":249,"column":60},"end":{"line":249,"column":76}}],"line":249},"18":{"loc":{"start":{"line":260,"column":41},"end":{"line":260,"column":146}},"type":"cond-expr","locations":[{"start":{"line":260,"column":66},"end":{"line":260,"column":142}},{"start":{"line":260,"column":145},"end":{"line":260,"column":146}}],"line":260},"19":{"loc":{"start":{"line":272,"column":8},"end":{"line":278,"column":9}},"type":"if","locations":[{"start":{"line":272,"column":8},"end":{"line":278,"column":9}},{"start":{},"end":{}}],"line":272},"20":{"loc":{"start":{"line":272,"column":12},"end":{"line":272,"column":110}},"type":"binary-expr","locations":[{"start":{"line":272,"column":12},"end":{"line":272,"column":41}},{"start":{"line":272,"column":45},"end":{"line":272,"column":56}},{"start":{"line":272,"column":60},"end":{"line":272,"column":84}},{"start":{"line":272,"column":88},"end":{"line":272,"column":110}}],"line":272},"21":{"loc":{"start":{"line":282,"column":12},"end":{"line":285,"column":13}},"type":"if","locations":[{"start":{"line":282,"column":12},"end":{"line":285,"column":13}},{"start":{},"end":{}}],"line":282},"22":{"loc":{"start":{"line":300,"column":12},"end":{"line":304,"column":13}},"type":"if","locations":[{"start":{"line":300,"column":12},"end":{"line":304,"column":13}},{"start":{"line":302,"column":19},"end":{"line":304,"column":13}}],"line":300},"23":{"loc":{"start":{"line":311,"column":30},"end":{"line":311,"column":72}},"type":"cond-expr","locations":[{"start":{"line":311,"column":51},"end":{"line":311,"column":53}},{"start":{"line":311,"column":56},"end":{"line":311,"column":72}}],"line":311},"24":{"loc":{"start":{"line":324,"column":39},"end":{"line":326,"column":19}},"type":"cond-expr","locations":[{"start":{"line":325,"column":18},"end":{"line":325,"column":66}},{"start":{"line":326,"column":18},"end":{"line":326,"column":19}}],"line":324},"25":{"loc":{"start":{"line":338,"column":8},"end":{"line":340,"column":9}},"type":"if","locations":[{"start":{"line":338,"column":8},"end":{"line":340,"column":9}},{"start":{},"end":{}}],"line":338},"26":{"loc":{"start":{"line":338,"column":12},"end":{"line":338,"column":95}},"type":"binary-expr","locations":[{"start":{"line":338,"column":12},"end":{"line":338,"column":41}},{"start":{"line":338,"column":45},"end":{"line":338,"column":69}},{"start":{"line":338,"column":73},"end":{"line":338,"column":95}}],"line":338},"27":{"loc":{"start":{"line":343,"column":12},"end":{"line":346,"column":13}},"type":"if","locations":[{"start":{"line":343,"column":12},"end":{"line":346,"column":13}},{"start":{},"end":{}}],"line":343},"28":{"loc":{"start":{"line":379,"column":8},"end":{"line":381,"column":9}},"type":"if","locations":[{"start":{"line":379,"column":8},"end":{"line":381,"column":9}},{"start":{},"end":{}}],"line":379},"29":{"loc":{"start":{"line":379,"column":12},"end":{"line":379,"column":95}},"type":"binary-expr","locations":[{"start":{"line":379,"column":12},"end":{"line":379,"column":41}},{"start":{"line":379,"column":45},"end":{"line":379,"column":69}},{"start":{"line":379,"column":73},"end":{"line":379,"column":95}}],"line":379},"30":{"loc":{"start":{"line":384,"column":12},"end":{"line":387,"column":13}},"type":"if","locations":[{"start":{"line":384,"column":12},"end":{"line":387,"column":13}},{"start":{},"end":{}}],"line":384},"31":{"loc":{"start":{"line":413,"column":45},"end":{"line":413,"column":79}},"type":"binary-expr","locations":[{"start":{"line":413,"column":45},"end":{"line":413,"column":74}},{"start":{"line":413,"column":78},"end":{"line":413,"column":79}}],"line":413},"32":{"loc":{"start":{"line":442,"column":8},"end":{"line":445,"column":9}},"type":"if","locations":[{"start":{"line":442,"column":8},"end":{"line":445,"column":9}},{"start":{},"end":{}}],"line":442},"33":{"loc":{"start":{"line":454,"column":8},"end":{"line":457,"column":9}},"type":"if","locations":[{"start":{"line":454,"column":8},"end":{"line":457,"column":9}},{"start":{},"end":{}}],"line":454},"34":{"loc":{"start":{"line":464,"column":12},"end":{"line":466,"column":13}},"type":"if","locations":[{"start":{"line":464,"column":12},"end":{"line":466,"column":13}},{"start":{},"end":{}}],"line":464},"35":{"loc":{"start":{"line":473,"column":8},"end":{"line":475,"column":9}},"type":"if","locations":[{"start":{"line":473,"column":8},"end":{"line":475,"column":9}},{"start":{},"end":{}}],"line":473},"36":{"loc":{"start":{"line":476,"column":8},"end":{"line":478,"column":9}},"type":"if","locations":[{"start":{"line":476,"column":8},"end":{"line":478,"column":9}},{"start":{},"end":{}}],"line":476},"37":{"loc":{"start":{"line":479,"column":8},"end":{"line":481,"column":9}},"type":"if","locations":[{"start":{"line":479,"column":8},"end":{"line":481,"column":9}},{"start":{},"end":{}}],"line":479},"38":{"loc":{"start":{"line":487,"column":8},"end":{"line":499,"column":9}},"type":"switch","locations":[{"start":{"line":488,"column":12},"end":{"line":490,"column":22}},{"start":{"line":491,"column":12},"end":{"line":493,"column":22}},{"start":{"line":494,"column":12},"end":{"line":496,"column":22}},{"start":{"line":497,"column":12},"end":{"line":498,"column":86}}],"line":487},"39":{"loc":{"start":{"line":531,"column":8},"end":{"line":536,"column":9}},"type":"if","locations":[{"start":{"line":531,"column":8},"end":{"line":536,"column":9}},{"start":{},"end":{}}],"line":531}},"s":{"0":1,"1":4,"2":4,"3":4,"4":4,"5":4,"6":4,"7":4,"8":4,"9":4,"10":4,"11":4,"12":4,"13":4,"14":4,"15":4,"16":4,"17":4,"18":4,"19":4,"20":4,"21":4,"22":4,"23":4,"24":4,"25":4,"26":4,"27":4,"28":2,"29":2,"30":2,"31":2,"32":2,"33":2,"34":2,"35":2,"36":2,"37":2,"38":2,"39":2,"40":2,"41":4,"42":2,"43":2,"44":0,"45":2,"46":2,"47":0,"48":0,"49":2,"50":1,"51":1,"52":3,"53":1,"54":1,"55":1,"56":1,"57":1,"58":4,"59":2,"60":2,"61":0,"62":2,"63":2,"64":0,"65":0,"66":2,"67":2,"68":0,"69":0,"70":0,"71":0,"72":0,"73":2,"74":2,"75":4,"76":0,"77":0,"78":0,"79":0,"80":0,"81":0,"82":0,"83":0,"84":4,"85":2,"86":2,"87":0,"88":2,"89":2,"90":0,"91":0,"92":2,"93":2,"94":0,"95":0,"96":0,"97":0,"98":2,"99":4,"100":2,"101":2,"102":2,"103":2,"104":2,"105":2,"106":2,"107":0,"108":0,"109":0,"110":2,"111":4,"112":2,"113":2,"114":2,"115":2,"116":2,"117":2,"118":2,"119":0,"120":0,"121":0,"122":0,"123":0,"124":2,"125":4,"126":0,"127":0,"128":0,"129":4,"130":0,"131":0,"132":0,"133":4,"134":0,"135":0,"136":0,"137":4,"138":2,"139":2,"140":2,"141":2,"142":2,"143":2,"144":2,"145":0,"146":0,"147":0,"148":0,"149":0,"150":2,"151":4,"152":4,"153":2,"154":2,"155":0,"156":0,"157":0,"158":0,"159":0,"160":2,"161":2,"162":0,"163":0,"164":2,"165":2,"166":0,"167":0,"168":2,"169":0,"170":2,"171":4,"172":2,"173":2,"174":2,"175":2,"176":2,"177":2,"178":2,"179":2,"180":0,"181":0,"182":0,"183":0,"184":0,"185":0,"186":2,"187":4,"188":2,"189":2,"190":0,"191":2,"192":2,"193":0,"194":0,"195":2,"196":2,"197":0,"198":0,"199":0,"200":2,"201":4,"202":0,"203":0,"204":0,"205":0,"206":0,"207":0,"208":4,"209":2,"210":2,"211":0,"212":2,"213":2,"214":0,"215":0,"216":2,"217":2,"218":0,"219":0,"220":2,"221":4,"222":2,"223":2,"224":2,"225":0,"226":0,"227":0,"228":0,"229":0,"230":0,"231":0,"232":0,"233":2,"234":4,"235":0,"236":0,"237":0,"238":0,"239":0,"240":0,"241":4,"242":0,"243":0,"244":0,"245":0,"246":0,"247":0,"248":0,"249":0,"250":4,"251":0,"252":0,"253":0,"254":0,"255":0,"256":0,"257":0,"258":4,"259":0,"260":0,"261":0,"262":0,"263":0,"264":0,"265":0,"266":0,"267":0,"268":0,"269":0,"270":4,"271":0,"272":0,"273":0,"274":0,"275":0,"276":0,"277":0,"278":0,"279":0,"280":4,"281":0,"282":0,"283":0,"284":0,"285":0,"286":0,"287":0,"288":0,"289":0,"290":4},"f":{"0":4,"1":2,"2":2,"3":2,"4":3,"5":2,"6":0,"7":0,"8":2,"9":0,"10":2,"11":2,"12":0,"13":0,"14":0,"15":0,"16":0,"17":2,"18":0,"19":0,"20":2,"21":2,"22":0,"23":0,"24":2,"25":0,"26":0,"27":0,"28":2,"29":0,"30":2,"31":0,"32":0,"33":0,"34":0,"35":0,"36":0,"37":0,"38":0,"39":0,"40":0,"41":0,"42":0,"43":0,"44":0,"45":0,"46":0},"b":{"0":[0,2],"1":[2,0,0],"2":[0,2],"3":[1,0],"4":[0,1],"5":[0,2],"6":[2,0,0],"7":[0,2],"8":[0,0],"9":[0,0],"10":[0,2],"11":[2,0,0],"12":[0,2],"13":[0,0],"14":[2,0],"15":[0,0],"16":[0,0],"17":[2,0],"18":[0,0],"19":[0,2],"20":[2,0,0,0],"21":[0,2],"22":[0,2],"23":[2,0],"24":[0,0],"25":[0,2],"26":[2,0,0],"27":[0,2],"28":[0,2],"29":[2,0,0],"30":[0,2],"31":[0,0],"32":[0,0],"33":[0,0],"34":[0,0],"35":[0,0],"36":[0,0],"37":[0,0],"38":[0,0,0,0],"39":[0,0]},"_coverageSchema":"1a1c01bbd47fc00a2c39e90264f33305004495a9","hash":"a423c6f68b08e0703c2fe1f64b293d5730a43215"}
,"/Users/babawhizzo/Code/map_action_ml/MapAction/src/Fonctions/Incident_fonction.js": {"path":"/Users/babawhizzo/Code/map_action_ml/MapAction/src/Fonctions/Incident_fonction.js","statementMap":{"0":{"start":{"line":8,"column":28},"end":{"line":468,"column":1}},"1":{"start":{"line":9,"column":35},"end":{"line":9,"column":46}},"2":{"start":{"line":10,"column":21},"end":{"line":10,"column":33}},"3":{"start":{"line":11,"column":28},"end":{"line":11,"column":40}},"4":{"start":{"line":12,"column":44},"end":{"line":12,"column":56}},"5":{"start":{"line":13,"column":25},"end":{"line":13,"column":44}},"6":{"start":{"line":14,"column":21},"end":{"line":14,"column":34}},"7":{"start":{"line":15,"column":20},"end":{"line":15,"column":64}},"8":{"start":{"line":19,"column":26},"end":{"line":37,"column":5}},"9":{"start":{"line":20,"column":8},"end":{"line":36,"column":9}},"10":{"start":{"line":21,"column":29},"end":{"line":28,"column":13}},"11":{"start":{"line":29,"column":12},"end":{"line":29,"column":64}},"12":{"start":{"line":30,"column":12},"end":{"line":30,"column":40}},"13":{"start":{"line":32,"column":12},"end":{"line":35,"column":14}},"14":{"start":{"line":39,"column":4},"end":{"line":74,"column":21}},"15":{"start":{"line":40,"column":8},"end":{"line":40,"column":24}},"16":{"start":{"line":41,"column":30},"end":{"line":54,"column":9}},"17":{"start":{"line":42,"column":12},"end":{"line":53,"column":13}},"18":{"start":{"line":43,"column":33},"end":{"line":45,"column":17}},"19":{"start":{"line":46,"column":16},"end":{"line":46,"column":49}},"20":{"start":{"line":47,"column":16},"end":{"line":47,"column":43}},"21":{"start":{"line":49,"column":16},"end":{"line":52,"column":18}},"22":{"start":{"line":55,"column":33},"end":{"line":68,"column":9}},"23":{"start":{"line":56,"column":12},"end":{"line":67,"column":13}},"24":{"start":{"line":57,"column":33},"end":{"line":59,"column":17}},"25":{"start":{"line":60,"column":16},"end":{"line":60,"column":65}},"26":{"start":{"line":61,"column":16},"end":{"line":61,"column":49}},"27":{"start":{"line":63,"column":16},"end":{"line":66,"column":18}},"28":{"start":{"line":69,"column":8},"end":{"line":72,"column":9}},"29":{"start":{"line":70,"column":12},"end":{"line":70,"column":28}},"30":{"start":{"line":71,"column":12},"end":{"line":71,"column":31}},"31":{"start":{"line":75,"column":29},"end":{"line":88,"column":5}},"32":{"start":{"line":76,"column":8},"end":{"line":87,"column":9}},"33":{"start":{"line":77,"column":29},"end":{"line":79,"column":13}},"34":{"start":{"line":80,"column":12},"end":{"line":80,"column":66}},"35":{"start":{"line":81,"column":12},"end":{"line":81,"column":45}},"36":{"start":{"line":83,"column":12},"end":{"line":86,"column":14}},"37":{"start":{"line":89,"column":36},"end":{"line":89,"column":48}},"38":{"start":{"line":90,"column":48},"end":{"line":90,"column":63}},"39":{"start":{"line":92,"column":8},"end":{"line":92,"column":69}},"40":{"start":{"line":94,"column":21},"end":{"line":94,"column":64}},"41":{"start":{"line":95,"column":21},"end":{"line":95,"column":64}},"42":{"start":{"line":97,"column":21},"end":{"line":97,"column":45}},"43":{"start":{"line":98,"column":4},"end":{"line":98,"column":39}},"44":{"start":{"line":99,"column":22},"end":{"line":99,"column":46}},"45":{"start":{"line":100,"column":4},"end":{"line":100,"column":41}},"46":{"start":{"line":101,"column":17},"end":{"line":101,"column":37}},"47":{"start":{"line":102,"column":4},"end":{"line":102,"column":31}},"48":{"start":{"line":103,"column":24},"end":{"line":103,"column":60}},"49":{"start":{"line":104,"column":21},"end":{"line":104,"column":42}},"50":{"start":{"line":105,"column":25},"end":{"line":105,"column":60}},"51":{"start":{"line":106,"column":23},"end":{"line":106,"column":45}},"52":{"start":{"line":107,"column":46},"end":{"line":109,"column":5}},"53":{"start":{"line":110,"column":17},"end":{"line":110,"column":48}},"54":{"start":{"line":111,"column":4},"end":{"line":111,"column":33}},"55":{"start":{"line":112,"column":18},"end":{"line":112,"column":49}},"56":{"start":{"line":113,"column":38},"end":{"line":113,"column":53}},"57":{"start":{"line":114,"column":38},"end":{"line":114,"column":53}},"58":{"start":{"line":115,"column":36},"end":{"line":115,"column":51}},"59":{"start":{"line":116,"column":17},"end":{"line":116,"column":19}},"60":{"start":{"line":117,"column":41},"end":{"line":117,"column":53}},"61":{"start":{"line":118,"column":27},"end":{"line":118,"column":70}},"62":{"start":{"line":119,"column":21},"end":{"line":119,"column":58}},"63":{"start":{"line":120,"column":25},"end":{"line":120,"column":66}},"64":{"start":{"line":121,"column":27},"end":{"line":121,"column":70}},"65":{"start":{"line":122,"column":27},"end":{"line":122,"column":70}},"66":{"start":{"line":123,"column":26},"end":{"line":123,"column":68}},"67":{"start":{"line":124,"column":44},"end":{"line":134,"column":6}},"68":{"start":{"line":136,"column":24},"end":{"line":140,"column":5}},"69":{"start":{"line":142,"column":31},"end":{"line":146,"column":5}},"70":{"start":{"line":143,"column":8},"end":{"line":143,"column":42}},"71":{"start":{"line":144,"column":8},"end":{"line":144,"column":73}},"72":{"start":{"line":145,"column":8},"end":{"line":145,"column":34}},"73":{"start":{"line":148,"column":31},"end":{"line":245,"column":5}},"74":{"start":{"line":149,"column":8},"end":{"line":149,"column":27}},"75":{"start":{"line":150,"column":8},"end":{"line":150,"column":23}},"76":{"start":{"line":152,"column":23},"end":{"line":152,"column":40}},"77":{"start":{"line":153,"column":20},"end":{"line":153,"column":70}},"78":{"start":{"line":154,"column":22},"end":{"line":154,"column":53}},"79":{"start":{"line":156,"column":8},"end":{"line":161,"column":9}},"80":{"start":{"line":157,"column":12},"end":{"line":157,"column":57}},"81":{"start":{"line":158,"column":12},"end":{"line":158,"column":28}},"82":{"start":{"line":159,"column":12},"end":{"line":159,"column":32}},"83":{"start":{"line":160,"column":12},"end":{"line":160,"column":19}},"84":{"start":{"line":163,"column":8},"end":{"line":244,"column":9}},"85":{"start":{"line":164,"column":29},"end":{"line":172,"column":13}},"86":{"start":{"line":173,"column":12},"end":{"line":173,"column":34}},"87":{"start":{"line":174,"column":12},"end":{"line":174,"column":28}},"88":{"start":{"line":175,"column":12},"end":{"line":175,"column":32}},"89":{"start":{"line":176,"column":12},"end":{"line":186,"column":15}},"90":{"start":{"line":187,"column":12},"end":{"line":187,"column":67}},"91":{"start":{"line":189,"column":12},"end":{"line":243,"column":13}},"92":{"start":{"line":193,"column":16},"end":{"line":227,"column":17}},"93":{"start":{"line":194,"column":41},"end":{"line":194,"column":78}},"94":{"start":{"line":195,"column":44},"end":{"line":198,"column":21}},"95":{"start":{"line":199,"column":20},"end":{"line":199,"column":79}},"96":{"start":{"line":200,"column":42},"end":{"line":208,"column":21}},"97":{"start":{"line":209,"column":20},"end":{"line":209,"column":47}},"98":{"start":{"line":210,"column":20},"end":{"line":210,"column":36}},"99":{"start":{"line":211,"column":20},"end":{"line":211,"column":40}},"100":{"start":{"line":212,"column":20},"end":{"line":222,"column":23}},"101":{"start":{"line":223,"column":20},"end":{"line":223,"column":75}},"102":{"start":{"line":225,"column":20},"end":{"line":225,"column":46}},"103":{"start":{"line":226,"column":20},"end":{"line":226,"column":71}},"104":{"start":{"line":229,"column":16},"end":{"line":229,"column":32}},"105":{"start":{"line":230,"column":16},"end":{"line":230,"column":36}},"106":{"start":{"line":231,"column":16},"end":{"line":242,"column":17}},"107":{"start":{"line":232,"column":20},"end":{"line":232,"column":55}},"108":{"start":{"line":233,"column":20},"end":{"line":233,"column":53}},"109":{"start":{"line":234,"column":20},"end":{"line":237,"column":22}},"110":{"start":{"line":238,"column":23},"end":{"line":242,"column":17}},"111":{"start":{"line":239,"column":20},"end":{"line":239,"column":47}},"112":{"start":{"line":241,"column":20},"end":{"line":241,"column":47}},"113":{"start":{"line":246,"column":27},"end":{"line":249,"column":5}},"114":{"start":{"line":247,"column":23},"end":{"line":247,"column":30}},"115":{"start":{"line":248,"column":8},"end":{"line":248,"column":65}},"116":{"start":{"line":250,"column":30},"end":{"line":252,"column":5}},"117":{"start":{"line":251,"column":8},"end":{"line":251,"column":66}},"118":{"start":{"line":254,"column":43},"end":{"line":390,"column":5}},"119":{"start":{"line":255,"column":8},"end":{"line":389,"column":9}},"120":{"start":{"line":256,"column":27},"end":{"line":256,"column":30}},"121":{"start":{"line":257,"column":32},"end":{"line":257,"column":73}},"122":{"start":{"line":258,"column":34},"end":{"line":321,"column":13}},"123":{"start":{"line":323,"column":29},"end":{"line":326,"column":13}},"124":{"start":{"line":327,"column":35},"end":{"line":327,"column":57}},"125":{"start":{"line":330,"column":39},"end":{"line":380,"column":14}},"126":{"start":{"line":331,"column":29},"end":{"line":331,"column":41}},"127":{"start":{"line":333,"column":16},"end":{"line":333,"column":49}},"128":{"start":{"line":333,"column":34},"end":{"line":333,"column":49}},"129":{"start":{"line":334,"column":16},"end":{"line":334,"column":66}},"130":{"start":{"line":334,"column":49},"end":{"line":334,"column":66}},"131":{"start":{"line":335,"column":16},"end":{"line":335,"column":62}},"132":{"start":{"line":335,"column":47},"end":{"line":335,"column":62}},"133":{"start":{"line":336,"column":16},"end":{"line":337,"column":45}},"134":{"start":{"line":337,"column":20},"end":{"line":337,"column":45}},"135":{"start":{"line":338,"column":16},"end":{"line":338,"column":62}},"136":{"start":{"line":338,"column":47},"end":{"line":338,"column":62}},"137":{"start":{"line":339,"column":16},"end":{"line":339,"column":62}},"138":{"start":{"line":339,"column":47},"end":{"line":339,"column":62}},"139":{"start":{"line":340,"column":16},"end":{"line":340,"column":64}},"140":{"start":{"line":340,"column":47},"end":{"line":340,"column":64}},"141":{"start":{"line":341,"column":16},"end":{"line":341,"column":66}},"142":{"start":{"line":341,"column":48},"end":{"line":341,"column":66}},"143":{"start":{"line":342,"column":16},"end":{"line":342,"column":62}},"144":{"start":{"line":342,"column":47},"end":{"line":342,"column":62}},"145":{"start":{"line":343,"column":16},"end":{"line":343,"column":62}},"146":{"start":{"line":343,"column":47},"end":{"line":343,"column":62}},"147":{"start":{"line":344,"column":16},"end":{"line":344,"column":62}},"148":{"start":{"line":344,"column":47},"end":{"line":344,"column":62}},"149":{"start":{"line":345,"column":16},"end":{"line":345,"column":66}},"150":{"start":{"line":345,"column":46},"end":{"line":345,"column":66}},"151":{"start":{"line":346,"column":16},"end":{"line":346,"column":69}},"152":{"start":{"line":346,"column":48},"end":{"line":346,"column":69}},"153":{"start":{"line":347,"column":16},"end":{"line":347,"column":77}},"154":{"start":{"line":347,"column":51},"end":{"line":347,"column":77}},"155":{"start":{"line":348,"column":16},"end":{"line":348,"column":69}},"156":{"start":{"line":348,"column":50},"end":{"line":348,"column":69}},"157":{"start":{"line":349,"column":16},"end":{"line":349,"column":62}},"158":{"start":{"line":349,"column":46},"end":{"line":349,"column":62}},"159":{"start":{"line":350,"column":16},"end":{"line":351,"column":47}},"160":{"start":{"line":351,"column":20},"end":{"line":351,"column":47}},"161":{"start":{"line":352,"column":16},"end":{"line":352,"column":62}},"162":{"start":{"line":352,"column":47},"end":{"line":352,"column":62}},"163":{"start":{"line":353,"column":16},"end":{"line":353,"column":59}},"164":{"start":{"line":353,"column":45},"end":{"line":353,"column":59}},"165":{"start":{"line":354,"column":16},"end":{"line":354,"column":80}},"166":{"start":{"line":354,"column":52},"end":{"line":354,"column":80}},"167":{"start":{"line":355,"column":16},"end":{"line":356,"column":50}},"168":{"start":{"line":356,"column":20},"end":{"line":356,"column":50}},"169":{"start":{"line":357,"column":16},"end":{"line":357,"column":68}},"170":{"start":{"line":357,"column":52},"end":{"line":357,"column":68}},"171":{"start":{"line":358,"column":16},"end":{"line":358,"column":73}},"172":{"start":{"line":358,"column":49},"end":{"line":358,"column":73}},"173":{"start":{"line":359,"column":16},"end":{"line":359,"column":64}},"174":{"start":{"line":359,"column":48},"end":{"line":359,"column":64}},"175":{"start":{"line":360,"column":16},"end":{"line":360,"column":79}},"176":{"start":{"line":360,"column":56},"end":{"line":360,"column":79}},"177":{"start":{"line":361,"column":16},"end":{"line":361,"column":78}},"178":{"start":{"line":361,"column":51},"end":{"line":361,"column":78}},"179":{"start":{"line":362,"column":16},"end":{"line":362,"column":77}},"180":{"start":{"line":362,"column":51},"end":{"line":362,"column":77}},"181":{"start":{"line":363,"column":16},"end":{"line":364,"column":57}},"182":{"start":{"line":364,"column":20},"end":{"line":364,"column":57}},"183":{"start":{"line":365,"column":16},"end":{"line":365,"column":77}},"184":{"start":{"line":365,"column":50},"end":{"line":365,"column":77}},"185":{"start":{"line":366,"column":16},"end":{"line":367,"column":49}},"186":{"start":{"line":367,"column":20},"end":{"line":367,"column":49}},"187":{"start":{"line":368,"column":16},"end":{"line":368,"column":67}},"188":{"start":{"line":368,"column":52},"end":{"line":368,"column":67}},"189":{"start":{"line":369,"column":16},"end":{"line":370,"column":49}},"190":{"start":{"line":370,"column":20},"end":{"line":370,"column":49}},"191":{"start":{"line":371,"column":16},"end":{"line":371,"column":73}},"192":{"start":{"line":371,"column":44},"end":{"line":371,"column":73}},"193":{"start":{"line":372,"column":16},"end":{"line":373,"column":53}},"194":{"start":{"line":373,"column":20},"end":{"line":373,"column":53}},"195":{"start":{"line":374,"column":16},"end":{"line":374,"column":69}},"196":{"start":{"line":374,"column":43},"end":{"line":374,"column":69}},"197":{"start":{"line":375,"column":16},"end":{"line":375,"column":71}},"198":{"start":{"line":375,"column":49},"end":{"line":375,"column":71}},"199":{"start":{"line":376,"column":16},"end":{"line":376,"column":62}},"200":{"start":{"line":376,"column":48},"end":{"line":376,"column":62}},"201":{"start":{"line":377,"column":16},"end":{"line":377,"column":69}},"202":{"start":{"line":377,"column":45},"end":{"line":377,"column":69}},"203":{"start":{"line":379,"column":16},"end":{"line":379,"column":31}},"204":{"start":{"line":382,"column":12},"end":{"line":382,"column":38}},"205":{"start":{"line":384,"column":12},"end":{"line":387,"column":14}},"206":{"start":{"line":388,"column":12},"end":{"line":388,"column":22}},"207":{"start":{"line":392,"column":27},"end":{"line":437,"column":5}},"208":{"start":{"line":393,"column":8},"end":{"line":436,"column":9}},"209":{"start":{"line":394,"column":31},"end":{"line":394,"column":42}},"210":{"start":{"line":397,"column":12},"end":{"line":402,"column":13}},"211":{"start":{"line":398,"column":16},"end":{"line":400,"column":18}},"212":{"start":{"line":401,"column":16},"end":{"line":401,"column":23}},"213":{"start":{"line":405,"column":40},"end":{"line":408,"column":13}},"214":{"start":{"line":410,"column":28},"end":{"line":418,"column":13}},"215":{"start":{"line":419,"column":12},"end":{"line":419,"column":67}},"216":{"start":{"line":420,"column":12},"end":{"line":420,"column":56}},"217":{"start":{"line":422,"column":12},"end":{"line":433,"column":13}},"218":{"start":{"line":423,"column":33},"end":{"line":423,"column":70}},"219":{"start":{"line":424,"column":16},"end":{"line":424,"column":63}},"220":{"start":{"line":426,"column":16},"end":{"line":429,"column":18}},"221":{"start":{"line":430,"column":16},"end":{"line":432,"column":18}},"222":{"start":{"line":435,"column":12},"end":{"line":435,"column":70}},"223":{"start":{"line":439,"column":4},"end":{"line":467,"column":6}}},"fnMap":{"0":{"name":"(anonymous_0)","decl":{"start":{"line":8,"column":28},"end":{"line":8,"column":29}},"loc":{"start":{"line":8,"column":34},"end":{"line":468,"column":1}},"line":8},"1":{"name":"(anonymous_1)","decl":{"start":{"line":19,"column":26},"end":{"line":19,"column":27}},"loc":{"start":{"line":19,"column":38},"end":{"line":37,"column":5}},"line":19},"2":{"name":"(anonymous_2)","decl":{"start":{"line":39,"column":14},"end":{"line":39,"column":15}},"loc":{"start":{"line":39,"column":20},"end":{"line":74,"column":5}},"line":39},"3":{"name":"(anonymous_3)","decl":{"start":{"line":41,"column":30},"end":{"line":41,"column":31}},"loc":{"start":{"line":41,"column":42},"end":{"line":54,"column":9}},"line":41},"4":{"name":"(anonymous_4)","decl":{"start":{"line":55,"column":33},"end":{"line":55,"column":34}},"loc":{"start":{"line":55,"column":45},"end":{"line":68,"column":9}},"line":55},"5":{"name":"(anonymous_5)","decl":{"start":{"line":75,"column":29},"end":{"line":75,"column":30}},"loc":{"start":{"line":75,"column":41},"end":{"line":88,"column":5}},"line":75},"6":{"name":"(anonymous_6)","decl":{"start":{"line":142,"column":31},"end":{"line":142,"column":32}},"loc":{"start":{"line":142,"column":51},"end":{"line":146,"column":5}},"line":142},"7":{"name":"(anonymous_7)","decl":{"start":{"line":148,"column":31},"end":{"line":148,"column":32}},"loc":{"start":{"line":148,"column":44},"end":{"line":245,"column":5}},"line":148},"8":{"name":"(anonymous_8)","decl":{"start":{"line":246,"column":27},"end":{"line":246,"column":28}},"loc":{"start":{"line":246,"column":39},"end":{"line":249,"column":5}},"line":246},"9":{"name":"(anonymous_9)","decl":{"start":{"line":250,"column":30},"end":{"line":250,"column":31}},"loc":{"start":{"line":250,"column":42},"end":{"line":252,"column":5}},"line":250},"10":{"name":"(anonymous_10)","decl":{"start":{"line":254,"column":43},"end":{"line":254,"column":44}},"loc":{"start":{"line":254,"column":74},"end":{"line":390,"column":5}},"line":254},"11":{"name":"(anonymous_11)","decl":{"start":{"line":330,"column":58},"end":{"line":330,"column":59}},"loc":{"start":{"line":330,"column":71},"end":{"line":380,"column":13}},"line":330},"12":{"name":"(anonymous_12)","decl":{"start":{"line":392,"column":27},"end":{"line":392,"column":28}},"loc":{"start":{"line":392,"column":39},"end":{"line":437,"column":5}},"line":392}},"branchMap":{"0":{"loc":{"start":{"line":15,"column":20},"end":{"line":15,"column":64}},"type":"cond-expr","locations":[{"start":{"line":15,"column":37},"end":{"line":15,"column":59}},{"start":{"line":15,"column":62},"end":{"line":15,"column":64}}],"line":15},"1":{"loc":{"start":{"line":69,"column":8},"end":{"line":72,"column":9}},"type":"if","locations":[{"start":{"line":69,"column":8},"end":{"line":72,"column":9}},{"start":{},"end":{}}],"line":69},"2":{"loc":{"start":{"line":92,"column":8},"end":{"line":92,"column":69}},"type":"cond-expr","locations":[{"start":{"line":92,"column":37},"end":{"line":92,"column":64}},{"start":{"line":92,"column":67},"end":{"line":92,"column":69}}],"line":92},"3":{"loc":{"start":{"line":92,"column":8},"end":{"line":92,"column":34}},"type":"binary-expr","locations":[{"start":{"line":92,"column":8},"end":{"line":92,"column":16}},{"start":{"line":92,"column":20},"end":{"line":92,"column":34}}],"line":92},"4":{"loc":{"start":{"line":94,"column":21},"end":{"line":94,"column":64}},"type":"cond-expr","locations":[{"start":{"line":94,"column":32},"end":{"line":94,"column":59}},{"start":{"line":94,"column":62},"end":{"line":94,"column":64}}],"line":94},"5":{"loc":{"start":{"line":95,"column":21},"end":{"line":95,"column":64}},"type":"cond-expr","locations":[{"start":{"line":95,"column":32},"end":{"line":95,"column":59}},{"start":{"line":95,"column":62},"end":{"line":95,"column":64}}],"line":95},"6":{"loc":{"start":{"line":97,"column":21},"end":{"line":97,"column":45}},"type":"binary-expr","locations":[{"start":{"line":97,"column":21},"end":{"line":97,"column":40}},{"start":{"line":97,"column":44},"end":{"line":97,"column":45}}],"line":97},"7":{"loc":{"start":{"line":99,"column":22},"end":{"line":99,"column":46}},"type":"binary-expr","locations":[{"start":{"line":99,"column":22},"end":{"line":99,"column":41}},{"start":{"line":99,"column":45},"end":{"line":99,"column":46}}],"line":99},"8":{"loc":{"start":{"line":101,"column":17},"end":{"line":101,"column":37}},"type":"binary-expr","locations":[{"start":{"line":101,"column":17},"end":{"line":101,"column":31}},{"start":{"line":101,"column":35},"end":{"line":101,"column":37}}],"line":101},"9":{"loc":{"start":{"line":103,"column":24},"end":{"line":103,"column":60}},"type":"cond-expr","locations":[{"start":{"line":103,"column":35},"end":{"line":103,"column":55}},{"start":{"line":103,"column":58},"end":{"line":103,"column":60}}],"line":103},"10":{"loc":{"start":{"line":105,"column":25},"end":{"line":105,"column":60}},"type":"cond-expr","locations":[{"start":{"line":105,"column":36},"end":{"line":105,"column":55}},{"start":{"line":105,"column":58},"end":{"line":105,"column":60}}],"line":105},"11":{"loc":{"start":{"line":118,"column":27},"end":{"line":118,"column":70}},"type":"cond-expr","locations":[{"start":{"line":118,"column":40},"end":{"line":118,"column":65}},{"start":{"line":118,"column":68},"end":{"line":118,"column":70}}],"line":118},"12":{"loc":{"start":{"line":119,"column":21},"end":{"line":119,"column":58}},"type":"cond-expr","locations":[{"start":{"line":119,"column":34},"end":{"line":119,"column":53}},{"start":{"line":119,"column":56},"end":{"line":119,"column":58}}],"line":119},"13":{"loc":{"start":{"line":120,"column":25},"end":{"line":120,"column":66}},"type":"cond-expr","locations":[{"start":{"line":120,"column":38},"end":{"line":120,"column":61}},{"start":{"line":120,"column":64},"end":{"line":120,"column":66}}],"line":120},"14":{"loc":{"start":{"line":121,"column":27},"end":{"line":121,"column":70}},"type":"cond-expr","locations":[{"start":{"line":121,"column":40},"end":{"line":121,"column":65}},{"start":{"line":121,"column":68},"end":{"line":121,"column":70}}],"line":121},"15":{"loc":{"start":{"line":122,"column":27},"end":{"line":122,"column":70}},"type":"cond-expr","locations":[{"start":{"line":122,"column":40},"end":{"line":122,"column":65}},{"start":{"line":122,"column":68},"end":{"line":122,"column":70}}],"line":122},"16":{"loc":{"start":{"line":123,"column":26},"end":{"line":123,"column":68}},"type":"cond-expr","locations":[{"start":{"line":123,"column":39},"end":{"line":123,"column":63}},{"start":{"line":123,"column":66},"end":{"line":123,"column":68}}],"line":123},"17":{"loc":{"start":{"line":156,"column":8},"end":{"line":161,"column":9}},"type":"if","locations":[{"start":{"line":156,"column":8},"end":{"line":161,"column":9}},{"start":{},"end":{}}],"line":156},"18":{"loc":{"start":{"line":189,"column":12},"end":{"line":243,"column":13}},"type":"if","locations":[{"start":{"line":189,"column":12},"end":{"line":243,"column":13}},{"start":{"line":228,"column":19},"end":{"line":243,"column":13}}],"line":189},"19":{"loc":{"start":{"line":190,"column":16},"end":{"line":191,"column":62}},"type":"binary-expr","locations":[{"start":{"line":190,"column":16},"end":{"line":190,"column":30}},{"start":{"line":191,"column":16},"end":{"line":191,"column":62}}],"line":190},"20":{"loc":{"start":{"line":231,"column":16},"end":{"line":242,"column":17}},"type":"if","locations":[{"start":{"line":231,"column":16},"end":{"line":242,"column":17}},{"start":{"line":238,"column":23},"end":{"line":242,"column":17}}],"line":231},"21":{"loc":{"start":{"line":238,"column":23},"end":{"line":242,"column":17}},"type":"if","locations":[{"start":{"line":238,"column":23},"end":{"line":242,"column":17}},{"start":{"line":240,"column":23},"end":{"line":242,"column":17}}],"line":238},"22":{"loc":{"start":{"line":333,"column":16},"end":{"line":333,"column":49}},"type":"if","locations":[{"start":{"line":333,"column":16},"end":{"line":333,"column":49}},{"start":{},"end":{}}],"line":333},"23":{"loc":{"start":{"line":334,"column":16},"end":{"line":334,"column":66}},"type":"if","locations":[{"start":{"line":334,"column":16},"end":{"line":334,"column":66}},{"start":{},"end":{}}],"line":334},"24":{"loc":{"start":{"line":335,"column":16},"end":{"line":335,"column":62}},"type":"if","locations":[{"start":{"line":335,"column":16},"end":{"line":335,"column":62}},{"start":{},"end":{}}],"line":335},"25":{"loc":{"start":{"line":336,"column":16},"end":{"line":337,"column":45}},"type":"if","locations":[{"start":{"line":336,"column":16},"end":{"line":337,"column":45}},{"start":{},"end":{}}],"line":336},"26":{"loc":{"start":{"line":338,"column":16},"end":{"line":338,"column":62}},"type":"if","locations":[{"start":{"line":338,"column":16},"end":{"line":338,"column":62}},{"start":{},"end":{}}],"line":338},"27":{"loc":{"start":{"line":339,"column":16},"end":{"line":339,"column":62}},"type":"if","locations":[{"start":{"line":339,"column":16},"end":{"line":339,"column":62}},{"start":{},"end":{}}],"line":339},"28":{"loc":{"start":{"line":340,"column":16},"end":{"line":340,"column":64}},"type":"if","locations":[{"start":{"line":340,"column":16},"end":{"line":340,"column":64}},{"start":{},"end":{}}],"line":340},"29":{"loc":{"start":{"line":341,"column":16},"end":{"line":341,"column":66}},"type":"if","locations":[{"start":{"line":341,"column":16},"end":{"line":341,"column":66}},{"start":{},"end":{}}],"line":341},"30":{"loc":{"start":{"line":342,"column":16},"end":{"line":342,"column":62}},"type":"if","locations":[{"start":{"line":342,"column":16},"end":{"line":342,"column":62}},{"start":{},"end":{}}],"line":342},"31":{"loc":{"start":{"line":343,"column":16},"end":{"line":343,"column":62}},"type":"if","locations":[{"start":{"line":343,"column":16},"end":{"line":343,"column":62}},{"start":{},"end":{}}],"line":343},"32":{"loc":{"start":{"line":344,"column":16},"end":{"line":344,"column":62}},"type":"if","locations":[{"start":{"line":344,"column":16},"end":{"line":344,"column":62}},{"start":{},"end":{}}],"line":344},"33":{"loc":{"start":{"line":345,"column":16},"end":{"line":345,"column":66}},"type":"if","locations":[{"start":{"line":345,"column":16},"end":{"line":345,"column":66}},{"start":{},"end":{}}],"line":345},"34":{"loc":{"start":{"line":346,"column":16},"end":{"line":346,"column":69}},"type":"if","locations":[{"start":{"line":346,"column":16},"end":{"line":346,"column":69}},{"start":{},"end":{}}],"line":346},"35":{"loc":{"start":{"line":347,"column":16},"end":{"line":347,"column":77}},"type":"if","locations":[{"start":{"line":347,"column":16},"end":{"line":347,"column":77}},{"start":{},"end":{}}],"line":347},"36":{"loc":{"start":{"line":348,"column":16},"end":{"line":348,"column":69}},"type":"if","locations":[{"start":{"line":348,"column":16},"end":{"line":348,"column":69}},{"start":{},"end":{}}],"line":348},"37":{"loc":{"start":{"line":349,"column":16},"end":{"line":349,"column":62}},"type":"if","locations":[{"start":{"line":349,"column":16},"end":{"line":349,"column":62}},{"start":{},"end":{}}],"line":349},"38":{"loc":{"start":{"line":350,"column":16},"end":{"line":351,"column":47}},"type":"if","locations":[{"start":{"line":350,"column":16},"end":{"line":351,"column":47}},{"start":{},"end":{}}],"line":350},"39":{"loc":{"start":{"line":352,"column":16},"end":{"line":352,"column":62}},"type":"if","locations":[{"start":{"line":352,"column":16},"end":{"line":352,"column":62}},{"start":{},"end":{}}],"line":352},"40":{"loc":{"start":{"line":353,"column":16},"end":{"line":353,"column":59}},"type":"if","locations":[{"start":{"line":353,"column":16},"end":{"line":353,"column":59}},{"start":{},"end":{}}],"line":353},"41":{"loc":{"start":{"line":354,"column":16},"end":{"line":354,"column":80}},"type":"if","locations":[{"start":{"line":354,"column":16},"end":{"line":354,"column":80}},{"start":{},"end":{}}],"line":354},"42":{"loc":{"start":{"line":355,"column":16},"end":{"line":356,"column":50}},"type":"if","locations":[{"start":{"line":355,"column":16},"end":{"line":356,"column":50}},{"start":{},"end":{}}],"line":355},"43":{"loc":{"start":{"line":357,"column":16},"end":{"line":357,"column":68}},"type":"if","locations":[{"start":{"line":357,"column":16},"end":{"line":357,"column":68}},{"start":{},"end":{}}],"line":357},"44":{"loc":{"start":{"line":358,"column":16},"end":{"line":358,"column":73}},"type":"if","locations":[{"start":{"line":358,"column":16},"end":{"line":358,"column":73}},{"start":{},"end":{}}],"line":358},"45":{"loc":{"start":{"line":359,"column":16},"end":{"line":359,"column":64}},"type":"if","locations":[{"start":{"line":359,"column":16},"end":{"line":359,"column":64}},{"start":{},"end":{}}],"line":359},"46":{"loc":{"start":{"line":360,"column":16},"end":{"line":360,"column":79}},"type":"if","locations":[{"start":{"line":360,"column":16},"end":{"line":360,"column":79}},{"start":{},"end":{}}],"line":360},"47":{"loc":{"start":{"line":361,"column":16},"end":{"line":361,"column":78}},"type":"if","locations":[{"start":{"line":361,"column":16},"end":{"line":361,"column":78}},{"start":{},"end":{}}],"line":361},"48":{"loc":{"start":{"line":362,"column":16},"end":{"line":362,"column":77}},"type":"if","locations":[{"start":{"line":362,"column":16},"end":{"line":362,"column":77}},{"start":{},"end":{}}],"line":362},"49":{"loc":{"start":{"line":363,"column":16},"end":{"line":364,"column":57}},"type":"if","locations":[{"start":{"line":363,"column":16},"end":{"line":364,"column":57}},{"start":{},"end":{}}],"line":363},"50":{"loc":{"start":{"line":365,"column":16},"end":{"line":365,"column":77}},"type":"if","locations":[{"start":{"line":365,"column":16},"end":{"line":365,"column":77}},{"start":{},"end":{}}],"line":365},"51":{"loc":{"start":{"line":366,"column":16},"end":{"line":367,"column":49}},"type":"if","locations":[{"start":{"line":366,"column":16},"end":{"line":367,"column":49}},{"start":{},"end":{}}],"line":366},"52":{"loc":{"start":{"line":368,"column":16},"end":{"line":368,"column":67}},"type":"if","locations":[{"start":{"line":368,"column":16},"end":{"line":368,"column":67}},{"start":{},"end":{}}],"line":368},"53":{"loc":{"start":{"line":369,"column":16},"end":{"line":370,"column":49}},"type":"if","locations":[{"start":{"line":369,"column":16},"end":{"line":370,"column":49}},{"start":{},"end":{}}],"line":369},"54":{"loc":{"start":{"line":371,"column":16},"end":{"line":371,"column":73}},"type":"if","locations":[{"start":{"line":371,"column":16},"end":{"line":371,"column":73}},{"start":{},"end":{}}],"line":371},"55":{"loc":{"start":{"line":372,"column":16},"end":{"line":373,"column":53}},"type":"if","locations":[{"start":{"line":372,"column":16},"end":{"line":373,"column":53}},{"start":{},"end":{}}],"line":372},"56":{"loc":{"start":{"line":374,"column":16},"end":{"line":374,"column":69}},"type":"if","locations":[{"start":{"line":374,"column":16},"end":{"line":374,"column":69}},{"start":{},"end":{}}],"line":374},"57":{"loc":{"start":{"line":375,"column":16},"end":{"line":375,"column":71}},"type":"if","locations":[{"start":{"line":375,"column":16},"end":{"line":375,"column":71}},{"start":{},"end":{}}],"line":375},"58":{"loc":{"start":{"line":376,"column":16},"end":{"line":376,"column":62}},"type":"if","locations":[{"start":{"line":376,"column":16},"end":{"line":376,"column":62}},{"start":{},"end":{}}],"line":376},"59":{"loc":{"start":{"line":377,"column":16},"end":{"line":377,"column":69}},"type":"if","locations":[{"start":{"line":377,"column":16},"end":{"line":377,"column":69}},{"start":{},"end":{}}],"line":377},"60":{"loc":{"start":{"line":397,"column":12},"end":{"line":402,"column":13}},"type":"if","locations":[{"start":{"line":397,"column":12},"end":{"line":402,"column":13}},{"start":{},"end":{}}],"line":397},"61":{"loc":{"start":{"line":428,"column":20},"end":{"line":428,"column":60}},"type":"binary-expr","locations":[{"start":{"line":428,"column":20},"end":{"line":428,"column":34}},{"start":{"line":428,"column":38},"end":{"line":428,"column":51}},{"start":{"line":428,"column":55},"end":{"line":428,"column":60}}],"line":428},"62":{"loc":{"start":{"line":431,"column":20},"end":{"line":431,"column":75}},"type":"binary-expr","locations":[{"start":{"line":431,"column":20},"end":{"line":431,"column":48}},{"start":{"line":431,"column":52},"end":{"line":431,"column":75}}],"line":431}},"s":{"0":1,"1":13,"2":13,"3":13,"4":13,"5":13,"6":13,"7":13,"8":13,"9":9,"10":9,"11":8,"12":2,"13":7,"14":13,"15":9,"16":9,"17":9,"18":9,"19":9,"20":9,"21":9,"22":9,"23":9,"24":9,"25":9,"26":9,"27":9,"28":9,"29":9,"30":9,"31":13,"32":1,"33":1,"34":1,"35":0,"36":1,"37":13,"38":13,"39":13,"40":13,"41":13,"42":13,"43":13,"44":13,"45":13,"46":13,"47":13,"48":13,"49":13,"50":13,"51":13,"52":13,"53":13,"54":13,"55":13,"56":13,"57":13,"58":13,"59":13,"60":13,"61":13,"62":13,"63":13,"64":13,"65":13,"66":13,"67":13,"68":13,"69":13,"70":1,"71":1,"72":1,"73":13,"74":1,"75":1,"76":1,"77":1,"78":1,"79":1,"80":1,"81":1,"82":1,"83":1,"84":0,"85":0,"86":0,"87":0,"88":0,"89":0,"90":0,"91":0,"92":0,"93":0,"94":0,"95":0,"96":0,"97":0,"98":0,"99":0,"100":0,"101":0,"102":0,"103":0,"104":0,"105":0,"106":0,"107":0,"108":0,"109":0,"110":0,"111":0,"112":0,"113":13,"114":1,"115":1,"116":13,"117":1,"118":13,"119":0,"120":0,"121":0,"122":0,"123":0,"124":0,"125":0,"126":0,"127":0,"128":0,"129":0,"130":0,"131":0,"132":0,"133":0,"134":0,"135":0,"136":0,"137":0,"138":0,"139":0,"140":0,"141":0,"142":0,"143":0,"144":0,"145":0,"146":0,"147":0,"148":0,"149":0,"150":0,"151":0,"152":0,"153":0,"154":0,"155":0,"156":0,"157":0,"158":0,"159":0,"160":0,"161":0,"162":0,"163":0,"164":0,"165":0,"166":0,"167":0,"168":0,"169":0,"170":0,"171":0,"172":0,"173":0,"174":0,"175":0,"176":0,"177":0,"178":0,"179":0,"180":0,"181":0,"182":0,"183":0,"184":0,"185":0,"186":0,"187":0,"188":0,"189":0,"190":0,"191":0,"192":0,"193":0,"194":0,"195":0,"196":0,"197":0,"198":0,"199":0,"200":0,"201":0,"202":0,"203":0,"204":0,"205":0,"206":0,"207":13,"208":1,"209":1,"210":1,"211":1,"212":1,"213":0,"214":0,"215":0,"216":0,"217":0,"218":0,"219":0,"220":0,"221":0,"222":0,"223":13},"f":{"0":13,"1":9,"2":9,"3":9,"4":9,"5":1,"6":1,"7":1,"8":1,"9":1,"10":0,"11":0,"12":1},"b":{"0":[13,0],"1":[9,0],"2":[0,13],"3":[13,13],"4":[13,0],"5":[13,0],"6":[13,13],"7":[13,13],"8":[13,13],"9":[13,0],"10":[13,0],"11":[13,0],"12":[13,0],"13":[13,0],"14":[13,0],"15":[13,0],"16":[13,0],"17":[1,0],"18":[0,0],"19":[0,0],"20":[0,0],"21":[0,0],"22":[0,0],"23":[0,0],"24":[0,0],"25":[0,0],"26":[0,0],"27":[0,0],"28":[0,0],"29":[0,0],"30":[0,0],"31":[0,0],"32":[0,0],"33":[0,0],"34":[0,0],"35":[0,0],"36":[0,0],"37":[0,0],"38":[0,0],"39":[0,0],"40":[0,0],"41":[0,0],"42":[0,0],"43":[0,0],"44":[0,0],"45":[0,0],"46":[0,0],"47":[0,0],"48":[0,0],"49":[0,0],"50":[0,0],"51":[0,0],"52":[0,0],"53":[0,0],"54":[0,0],"55":[0,0],"56":[0,0],"57":[0,0],"58":[0,0],"59":[0,0],"60":[1,0],"61":[0,0,0],"62":[0,0]},"_coverageSchema":"1a1c01bbd47fc00a2c39e90264f33305004495a9","hash":"a3132281e68e696e2c48f68968f07c5be1bc83c9"}
}
