{"/home/system/Documents/code/MapAction/src/components/Card/Card.js": {"path":"/home/system/Documents/code/MapAction/src/components/Card/Card.js","statementMap":{"0":{"start":{"line":4,"column":41},"end":{"line":4,"column":46}},"1":{"start":{"line":5,"column":17},"end":{"line":5,"column":52}},"2":{"start":{"line":7,"column":2},"end":{"line":11,"column":4}}},"fnMap":{"0":{"name":"Card","decl":{"start":{"line":3,"column":9},"end":{"line":3,"column":13}},"loc":{"start":{"line":3,"column":21},"end":{"line":12,"column":1}},"line":3}},"branchMap":{},"s":{"0":0,"1":0,"2":0},"f":{"0":0},"b":{}}
,"/home/system/Documents/code/MapAction/src/components/Card/CardBody.js": {"path":"/home/system/Documents/code/MapAction/src/components/Card/CardBody.js","statementMap":{"0":{"start":{"line":4,"column":41},"end":{"line":4,"column":46}},"1":{"start":{"line":5,"column":17},"end":{"line":5,"column":56}},"2":{"start":{"line":7,"column":2},"end":{"line":11,"column":4}}},"fnMap":{"0":{"name":"CardBody","decl":{"start":{"line":3,"column":9},"end":{"line":3,"column":17}},"loc":{"start":{"line":3,"column":25},"end":{"line":12,"column":1}},"line":3}},"branchMap":{},"s":{"0":0,"1":0,"2":0},"f":{"0":0},"b":{}}
,"/home/system/Documents/code/MapAction/src/components/Card/CardHeader.js": {"path":"/home/system/Documents/code/MapAction/src/components/Card/CardHeader.js","statementMap":{"0":{"start":{"line":4,"column":41},"end":{"line":4,"column":46}},"1":{"start":{"line":5,"column":17},"end":{"line":5,"column":58}},"2":{"start":{"line":7,"column":2},"end":{"line":11,"column":4}}},"fnMap":{"0":{"name":"CardHeader","decl":{"start":{"line":3,"column":9},"end":{"line":3,"column":19}},"loc":{"start":{"line":3,"column":27},"end":{"line":12,"column":1}},"line":3}},"branchMap":{},"s":{"0":0,"1":0,"2":0},"f":{"0":0},"b":{}}
,"/home/system/Documents/code/MapAction/src/components/Charts/BarChart.js": {"path":"/home/system/Documents/code/MapAction/src/components/Charts/BarChart.js","statementMap":{"0":{"start":{"line":6,"column":4},"end":{"line":6,"column":17}},"1":{"start":{"line":7,"column":4},"end":{"line":12,"column":6}},"2":{"start":{"line":16,"column":4},"end":{"line":19,"column":7}},"3":{"start":{"line":23,"column":4},"end":{"line":32,"column":6}}},"fnMap":{"0":{"name":"(anonymous_0)","decl":{"start":{"line":5,"column":2},"end":{"line":5,"column":3}},"loc":{"start":{"line":5,"column":21},"end":{"line":13,"column":3}},"line":5},"1":{"name":"(anonymous_1)","decl":{"start":{"line":15,"column":2},"end":{"line":15,"column":3}},"loc":{"start":{"line":15,"column":22},"end":{"line":20,"column":3}},"line":15},"2":{"name":"(anonymous_2)","decl":{"start":{"line":22,"column":2},"end":{"line":22,"column":3}},"loc":{"start":{"line":22,"column":11},"end":{"line":33,"column":3}},"line":22}},"branchMap":{},"s":{"0":0,"1":0,"2":0,"3":0},"f":{"0":0,"1":0,"2":0},"b":{}}
,"/home/system/Documents/code/MapAction/src/components/Charts/LineChart.js": {"path":"/home/system/Documents/code/MapAction/src/components/Charts/LineChart.js","statementMap":{"0":{"start":{"line":7,"column":4},"end":{"line":7,"column":17}},"1":{"start":{"line":9,"column":4},"end":{"line":12,"column":6}},"2":{"start":{"line":16,"column":4},"end":{"line":19,"column":7}},"3":{"start":{"line":23,"column":4},"end":{"line":31,"column":6}}},"fnMap":{"0":{"name":"(anonymous_0)","decl":{"start":{"line":6,"column":2},"end":{"line":6,"column":3}},"loc":{"start":{"line":6,"column":21},"end":{"line":13,"column":3}},"line":6},"1":{"name":"(anonymous_1)","decl":{"start":{"line":15,"column":2},"end":{"line":15,"column":3}},"loc":{"start":{"line":15,"column":22},"end":{"line":20,"column":3}},"line":15},"2":{"name":"(anonymous_2)","decl":{"start":{"line":22,"column":2},"end":{"line":22,"column":3}},"loc":{"start":{"line":22,"column":11},"end":{"line":32,"column":3}},"line":22}},"branchMap":{},"s":{"0":0,"1":0,"2":0,"3":0},"f":{"0":0,"1":0,"2":0},"b":{}}
,"/home/system/Documents/code/MapAction/src/components/Configurator/Configurator.js": {"path":"/home/system/Documents/code/MapAction/src/components/Configurator/Configurator.js","statementMap":{"0":{"start":{"line":30,"column":6},"end":{"line":30,"column":11}},"1":{"start":{"line":31,"column":34},"end":{"line":31,"column":59}},"2":{"start":{"line":33,"column":41},"end":{"line":33,"column":55}},"3":{"start":{"line":35,"column":17},"end":{"line":38,"column":3}},"4":{"start":{"line":39,"column":20},"end":{"line":39,"column":58}},"5":{"start":{"line":40,"column":28},"end":{"line":40,"column":69}},"6":{"start":{"line":41,"column":32},"end":{"line":41,"column":70}},"7":{"start":{"line":42,"column":31},"end":{"line":42,"column":69}},"8":{"start":{"line":43,"column":19},"end":{"line":43,"column":57}},"9":{"start":{"line":44,"column":22},"end":{"line":44,"column":36}},"10":{"start":{"line":45,"column":2},"end":{"line":188,"column":4}},"11":{"start":{"line":75,"column":20},"end":{"line":81,"column":21}},"12":{"start":{"line":76,"column":22},"end":{"line":76,"column":44}},"13":{"start":{"line":77,"column":22},"end":{"line":77,"column":41}},"14":{"start":{"line":79,"column":22},"end":{"line":79,"column":43}},"15":{"start":{"line":80,"column":22},"end":{"line":80,"column":40}}},"fnMap":{"0":{"name":"Configurator","decl":{"start":{"line":21,"column":24},"end":{"line":21,"column":36}},"loc":{"start":{"line":21,"column":44},"end":{"line":189,"column":1}},"line":21},"1":{"name":"(anonymous_1)","decl":{"start":{"line":74,"column":28},"end":{"line":74,"column":29}},"loc":{"start":{"line":74,"column":34},"end":{"line":82,"column":19}},"line":74}},"branchMap":{"0":{"loc":{"start":{"line":50,"column":19},"end":{"line":50,"column":76}},"type":"cond-expr","locations":[{"start":{"line":50,"column":60},"end":{"line":50,"column":66}},{"start":{"line":50,"column":69},"end":{"line":50,"column":76}}],"line":50},"1":{"loc":{"start":{"line":75,"column":20},"end":{"line":81,"column":21}},"type":"if","locations":[{"start":{"line":75,"column":20},"end":{"line":81,"column":21}},{"start":{"line":78,"column":27},"end":{"line":81,"column":21}}],"line":75},"2":{"loc":{"start":{"line":95,"column":25},"end":{"line":95,"column":65}},"type":"cond-expr","locations":[{"start":{"line":95,"column":49},"end":{"line":95,"column":55}},{"start":{"line":95,"column":58},"end":{"line":95,"column":65}}],"line":95},"3":{"loc":{"start":{"line":97,"column":26},"end":{"line":97,"column":66}},"type":"cond-expr","locations":[{"start":{"line":97,"column":50},"end":{"line":97,"column":56}},{"start":{"line":97,"column":59},"end":{"line":97,"column":66}}],"line":97}},"s":{"0":8,"1":7,"2":7,"3":7,"4":7,"5":7,"6":7,"7":7,"8":7,"9":7,"10":7,"11":0,"12":0,"13":0,"14":0,"15":0},"f":{"0":8,"1":0},"b":{"0":[0,7],"1":[0,0],"2":[4,3],"3":[4,3]},"_coverageSchema":"1a1c01bbd47fc00a2c39e90264f33305004495a9","hash":"35fbf50ec1063efe7b6712808201e7535a9184be"}
}
