{"total": {"lines":{"total":2331,"covered":1867,"skipped":0,"pct":80.09},"statements":{"total":2429,"covered":1912,"skipped":0,"pct":78.71},"functions":{"total":486,"covered":358,"skipped":0,"pct":73.66},"branches":{"total":1011,"covered":595,"skipped":0,"pct":58.85},"branchesTrue":{"total":0,"covered":0,"skipped":0,"pct":100}}
,"/Users/mapaction/Kaicedra/app.Dashboard/src/App.js": {"lines":{"total":1,"covered":0,"skipped":0,"pct":0},"functions":{"total":0,"covered":0,"skipped":0,"pct":100},"statements":{"total":1,"covered":0,"skipped":0,"pct":0},"branches":{"total":0,"covered":0,"skipped":0,"pct":100}}
,"/Users/mapaction/Kaicedra/app.Dashboard/src/config.js": {"lines":{"total":1,"covered":1,"skipped":0,"pct":100},"functions":{"total":0,"covered":0,"skipped":0,"pct":100},"statements":{"total":1,"covered":1,"skipped":0,"pct":100},"branches":{"total":0,"covered":0,"skipped":0,"pct":100}}
,"/Users/mapaction/Kaicedra/app.Dashboard/src/routes.js": {"lines":{"total":1,"covered":1,"skipped":0,"pct":100},"functions":{"total":0,"covered":0,"skipped":0,"pct":100},"statements":{"total":1,"covered":1,"skipped":0,"pct":100},"branches":{"total":0,"covered":0,"skipped":0,"pct":100}}
,"/Users/mapaction/Kaicedra/app.Dashboard/src/Fonctions/Dash_fonction.js": {"lines":{"total":274,"covered":234,"skipped":0,"pct":85.4},"functions":{"total":47,"covered":36,"skipped":0,"pct":76.59},"statements":{"total":291,"covered":243,"skipped":0,"pct":83.5},"branches":{"total":93,"covered":54,"skipped":0,"pct":58.06}}
,"/Users/mapaction/Kaicedra/app.Dashboard/src/Fonctions/Incident_fonction.js": {"lines":{"total":201,"covered":153,"skipped":0,"pct":76.11},"functions":{"total":13,"covered":10,"skipped":0,"pct":76.92},"statements":{"total":226,"covered":158,"skipped":0,"pct":69.91},"branches":{"total":158,"covered":96,"skipped":0,"pct":60.75}}
,"/Users/mapaction/Kaicedra/app.Dashboard/src/Fonctions/Month.js": {"lines":{"total":24,"covered":22,"skipped":0,"pct":91.66},"functions":{"total":5,"covered":5,"skipped":0,"pct":100},"statements":{"total":24,"covered":22,"skipped":0,"pct":91.66},"branches":{"total":6,"covered":4,"skipped":0,"pct":66.66}}
,"/Users/mapaction/Kaicedra/app.Dashboard/src/Fonctions/YearMonth.js": {"lines":{"total":45,"covered":45,"skipped":0,"pct":100},"functions":{"total":5,"covered":5,"skipped":0,"pct":100},"statements":{"total":45,"covered":45,"skipped":0,"pct":100},"branches":{"total":25,"covered":24,"skipped":0,"pct":96}}
,"/Users/mapaction/Kaicedra/app.Dashboard/src/components/ProtectedRoute.js": {"lines":{"total":4,"covered":4,"skipped":0,"pct":100},"functions":{"total":2,"covered":2,"skipped":0,"pct":100},"statements":{"total":4,"covered":4,"skipped":0,"pct":100},"branches":{"total":2,"covered":2,"skipped":0,"pct":100}}
,"/Users/mapaction/Kaicedra/app.Dashboard/src/components/Card/Card.js": {"lines":{"total":3,"covered":3,"skipped":0,"pct":100},"functions":{"total":1,"covered":1,"skipped":0,"pct":100},"statements":{"total":3,"covered":3,"skipped":0,"pct":100},"branches":{"total":0,"covered":0,"skipped":0,"pct":100}}
,"/Users/mapaction/Kaicedra/app.Dashboard/src/components/Card/CardBody.js": {"lines":{"total":3,"covered":3,"skipped":0,"pct":100},"functions":{"total":1,"covered":1,"skipped":0,"pct":100},"statements":{"total":3,"covered":3,"skipped":0,"pct":100},"branches":{"total":0,"covered":0,"skipped":0,"pct":100}}
,"/Users/mapaction/Kaicedra/app.Dashboard/src/components/Card/CardHeader.js": {"lines":{"total":3,"covered":3,"skipped":0,"pct":100},"functions":{"total":1,"covered":1,"skipped":0,"pct":100},"statements":{"total":3,"covered":3,"skipped":0,"pct":100},"branches":{"total":0,"covered":0,"skipped":0,"pct":100}}
,"/Users/mapaction/Kaicedra/app.Dashboard/src/components/Charts/BarChart.js": {"lines":{"total":4,"covered":4,"skipped":0,"pct":100},"functions":{"total":3,"covered":3,"skipped":0,"pct":100},"statements":{"total":4,"covered":4,"skipped":0,"pct":100},"branches":{"total":0,"covered":0,"skipped":0,"pct":100}}
,"/Users/mapaction/Kaicedra/app.Dashboard/src/components/Charts/Chart_zone.js": {"lines":{"total":34,"covered":34,"skipped":0,"pct":100},"functions":{"total":6,"covered":6,"skipped":0,"pct":100},"statements":{"total":36,"covered":36,"skipped":0,"pct":100},"branches":{"total":13,"covered":12,"skipped":0,"pct":92.3}}
,"/Users/mapaction/Kaicedra/app.Dashboard/src/components/Charts/LineChart.js": {"lines":{"total":4,"covered":4,"skipped":0,"pct":100},"functions":{"total":3,"covered":3,"skipped":0,"pct":100},"statements":{"total":4,"covered":4,"skipped":0,"pct":100},"branches":{"total":0,"covered":0,"skipped":0,"pct":100}}
,"/Users/mapaction/Kaicedra/app.Dashboard/src/components/Configurator/Configurator.js": {"lines":{"total":16,"covered":16,"skipped":0,"pct":100},"functions":{"total":2,"covered":2,"skipped":0,"pct":100},"statements":{"total":16,"covered":16,"skipped":0,"pct":100},"branches":{"total":8,"covered":7,"skipped":0,"pct":87.5}}
,"/Users/mapaction/Kaicedra/app.Dashboard/src/components/FixedPlugin/FixedPlugin.js": {"lines":{"total":8,"covered":8,"skipped":0,"pct":100},"functions":{"total":1,"covered":1,"skipped":0,"pct":100},"statements":{"total":8,"covered":8,"skipped":0,"pct":100},"branches":{"total":6,"covered":6,"skipped":0,"pct":100}}
,"/Users/mapaction/Kaicedra/app.Dashboard/src/components/Footer/Footer.js": {"lines":{"total":1,"covered":1,"skipped":0,"pct":100},"functions":{"total":1,"covered":1,"skipped":0,"pct":100},"statements":{"total":1,"covered":1,"skipped":0,"pct":100},"branches":{"total":4,"covered":4,"skipped":0,"pct":100}}
,"/Users/mapaction/Kaicedra/app.Dashboard/src/components/Icons/IconBox.js": {"lines":{"total":2,"covered":2,"skipped":0,"pct":100},"functions":{"total":1,"covered":1,"skipped":0,"pct":100},"statements":{"total":2,"covered":2,"skipped":0,"pct":100},"branches":{"total":0,"covered":0,"skipped":0,"pct":100}}
,"/Users/mapaction/Kaicedra/app.Dashboard/src/components/Icons/Icons.js": {"lines":{"total":35,"covered":35,"skipped":0,"pct":100},"functions":{"total":0,"covered":0,"skipped":0,"pct":100},"statements":{"total":35,"covered":35,"skipped":0,"pct":100},"branches":{"total":0,"covered":0,"skipped":0,"pct":100}}
,"/Users/mapaction/Kaicedra/app.Dashboard/src/components/Layout/MainPanel.js": {"lines":{"total":3,"covered":3,"skipped":0,"pct":100},"functions":{"total":1,"covered":1,"skipped":0,"pct":100},"statements":{"total":3,"covered":3,"skipped":0,"pct":100},"branches":{"total":0,"covered":0,"skipped":0,"pct":100}}
,"/Users/mapaction/Kaicedra/app.Dashboard/src/components/Layout/PanelContainer.js": {"lines":{"total":3,"covered":3,"skipped":0,"pct":100},"functions":{"total":1,"covered":1,"skipped":0,"pct":100},"statements":{"total":3,"covered":3,"skipped":0,"pct":100},"branches":{"total":0,"covered":0,"skipped":0,"pct":100}}
,"/Users/mapaction/Kaicedra/app.Dashboard/src/components/Layout/PanelContent.js": {"lines":{"total":3,"covered":3,"skipped":0,"pct":100},"functions":{"total":1,"covered":1,"skipped":0,"pct":100},"statements":{"total":3,"covered":3,"skipped":0,"pct":100},"branches":{"total":0,"covered":0,"skipped":0,"pct":100}}
,"/Users/mapaction/Kaicedra/app.Dashboard/src/components/Menu/ItemContent.js": {"lines":{"total":4,"covered":4,"skipped":0,"pct":100},"functions":{"total":1,"covered":1,"skipped":0,"pct":100},"statements":{"total":4,"covered":4,"skipped":0,"pct":100},"branches":{"total":0,"covered":0,"skipped":0,"pct":100}}
,"/Users/mapaction/Kaicedra/app.Dashboard/src/components/Navbars/AdminNavbar.js": {"lines":{"total":52,"covered":47,"skipped":0,"pct":90.38},"functions":{"total":8,"covered":6,"skipped":0,"pct":75},"statements":{"total":52,"covered":47,"skipped":0,"pct":90.38},"branches":{"total":22,"covered":19,"skipped":0,"pct":86.36}}
,"/Users/mapaction/Kaicedra/app.Dashboard/src/components/Navbars/AdminNavbarLinks.js": {"lines":{"total":99,"covered":50,"skipped":0,"pct":50.5},"functions":{"total":31,"covered":10,"skipped":0,"pct":32.25},"statements":{"total":102,"covered":51,"skipped":0,"pct":50},"branches":{"total":50,"covered":9,"skipped":0,"pct":18}}
,"/Users/mapaction/Kaicedra/app.Dashboard/src/components/Navbars/AuthNavbar.js": {"lines":{"total":17,"covered":17,"skipped":0,"pct":100},"functions":{"total":1,"covered":1,"skipped":0,"pct":100},"statements":{"total":17,"covered":17,"skipped":0,"pct":100},"branches":{"total":0,"covered":0,"skipped":0,"pct":100}}
,"/Users/mapaction/Kaicedra/app.Dashboard/src/components/Navbars/SearchBar/SearchBar.js": {"lines":{"total":4,"covered":4,"skipped":0,"pct":100},"functions":{"total":1,"covered":1,"skipped":0,"pct":100},"statements":{"total":4,"covered":4,"skipped":0,"pct":100},"branches":{"total":0,"covered":0,"skipped":0,"pct":100}}
,"/Users/mapaction/Kaicedra/app.Dashboard/src/components/RTLProvider/RTLProvider.js": {"lines":{"total":4,"covered":4,"skipped":0,"pct":100},"functions":{"total":1,"covered":1,"skipped":0,"pct":100},"statements":{"total":4,"covered":4,"skipped":0,"pct":100},"branches":{"total":2,"covered":1,"skipped":0,"pct":50}}
,"/Users/mapaction/Kaicedra/app.Dashboard/src/components/Scrollbar/Scrollbar.js": {"lines":{"total":30,"covered":30,"skipped":0,"pct":100},"functions":{"total":10,"covered":10,"skipped":0,"pct":100},"statements":{"total":30,"covered":30,"skipped":0,"pct":100},"branches":{"total":0,"covered":0,"skipped":0,"pct":100}}
,"/Users/mapaction/Kaicedra/app.Dashboard/src/components/Separator/Separator.js": {"lines":{"total":4,"covered":4,"skipped":0,"pct":100},"functions":{"total":2,"covered":2,"skipped":0,"pct":100},"statements":{"total":4,"covered":4,"skipped":0,"pct":100},"branches":{"total":0,"covered":0,"skipped":0,"pct":100}}
,"/Users/mapaction/Kaicedra/app.Dashboard/src/components/Sidebar/Sidebar.js": {"lines":{"total":69,"covered":60,"skipped":0,"pct":86.95},"functions":{"total":14,"covered":12,"skipped":0,"pct":85.71},"statements":{"total":69,"covered":60,"skipped":0,"pct":86.95},"branches":{"total":62,"covered":50,"skipped":0,"pct":80.64}}
,"/Users/mapaction/Kaicedra/app.Dashboard/src/components/Sidebar/SidebarHelp.js": {"lines":{"total":4,"covered":4,"skipped":0,"pct":100},"functions":{"total":1,"covered":1,"skipped":0,"pct":100},"statements":{"total":4,"covered":4,"skipped":0,"pct":100},"branches":{"total":4,"covered":3,"skipped":0,"pct":75}}
,"/Users/mapaction/Kaicedra/app.Dashboard/src/context/AuthContext.js": {"lines":{"total":22,"covered":15,"skipped":0,"pct":68.18},"functions":{"total":5,"covered":4,"skipped":0,"pct":80},"statements":{"total":23,"covered":16,"skipped":0,"pct":69.56},"branches":{"total":2,"covered":2,"skipped":0,"pct":100}}
,"/Users/mapaction/Kaicedra/app.Dashboard/src/layouts/Admin.js": {"lines":{"total":29,"covered":23,"skipped":0,"pct":79.31},"functions":{"total":4,"covered":4,"skipped":0,"pct":100},"statements":{"total":30,"covered":24,"skipped":0,"pct":80},"branches":{"total":20,"covered":12,"skipped":0,"pct":60}}
,"/Users/mapaction/Kaicedra/app.Dashboard/src/layouts/Auth.js": {"lines":{"total":42,"covered":25,"skipped":0,"pct":59.52},"functions":{"total":7,"covered":6,"skipped":0,"pct":85.71},"statements":{"total":44,"covered":26,"skipped":0,"pct":59.09},"branches":{"total":24,"covered":9,"skipped":0,"pct":37.5}}
,"/Users/mapaction/Kaicedra/app.Dashboard/src/layouts/RTL.js": {"lines":{"total":47,"covered":35,"skipped":0,"pct":74.46},"functions":{"total":9,"covered":6,"skipped":0,"pct":66.66},"statements":{"total":49,"covered":37,"skipped":0,"pct":75.51},"branches":{"total":38,"covered":22,"skipped":0,"pct":57.89}}
,"/Users/mapaction/Kaicedra/app.Dashboard/src/theme/styles.js": {"lines":{"total":2,"covered":2,"skipped":0,"pct":100},"functions":{"total":1,"covered":1,"skipped":0,"pct":100},"statements":{"total":2,"covered":2,"skipped":0,"pct":100},"branches":{"total":0,"covered":0,"skipped":0,"pct":100}}
,"/Users/mapaction/Kaicedra/app.Dashboard/src/theme/theme.js": {"lines":{"total":0,"covered":0,"skipped":0,"pct":0},"functions":{"total":0,"covered":0,"skipped":0,"pct":0},"statements":{"total":0,"covered":0,"skipped":0,"pct":0},"branches":{"total":0,"covered":0,"skipped":0,"pct":0}}
,"/Users/mapaction/Kaicedra/app.Dashboard/src/theme/additions/card/Card.js": {"lines":{"total":3,"covered":3,"skipped":0,"pct":100},"functions":{"total":1,"covered":1,"skipped":0,"pct":100},"statements":{"total":3,"covered":3,"skipped":0,"pct":100},"branches":{"total":2,"covered":1,"skipped":0,"pct":50}}
,"/Users/mapaction/Kaicedra/app.Dashboard/src/theme/additions/layout/MainPanel.js": {"lines":{"total":4,"covered":4,"skipped":0,"pct":100},"functions":{"total":2,"covered":2,"skipped":0,"pct":100},"statements":{"total":4,"covered":4,"skipped":0,"pct":100},"branches":{"total":0,"covered":0,"skipped":0,"pct":100}}
,"/Users/mapaction/Kaicedra/app.Dashboard/src/theme/additions/layout/PanelContainer.js": {"lines":{"total":2,"covered":2,"skipped":0,"pct":100},"functions":{"total":0,"covered":0,"skipped":0,"pct":100},"statements":{"total":2,"covered":2,"skipped":0,"pct":100},"branches":{"total":0,"covered":0,"skipped":0,"pct":100}}
,"/Users/mapaction/Kaicedra/app.Dashboard/src/theme/additions/layout/PanelContent.js": {"lines":{"total":2,"covered":2,"skipped":0,"pct":100},"functions":{"total":0,"covered":0,"skipped":0,"pct":100},"statements":{"total":2,"covered":2,"skipped":0,"pct":100},"branches":{"total":0,"covered":0,"skipped":0,"pct":100}}
,"/Users/mapaction/Kaicedra/app.Dashboard/src/theme/components/badge.js": {"lines":{"total":1,"covered":1,"skipped":0,"pct":100},"functions":{"total":0,"covered":0,"skipped":0,"pct":100},"statements":{"total":1,"covered":1,"skipped":0,"pct":100},"branches":{"total":0,"covered":0,"skipped":0,"pct":100}}
,"/Users/mapaction/Kaicedra/app.Dashboard/src/theme/components/button.js": {"lines":{"total":5,"covered":5,"skipped":0,"pct":100},"functions":{"total":4,"covered":4,"skipped":0,"pct":100},"statements":{"total":5,"covered":5,"skipped":0,"pct":100},"branches":{"total":0,"covered":0,"skipped":0,"pct":100}}
,"/Users/mapaction/Kaicedra/app.Dashboard/src/theme/components/input.js": {"lines":{"total":3,"covered":3,"skipped":0,"pct":100},"functions":{"total":2,"covered":2,"skipped":0,"pct":100},"statements":{"total":3,"covered":3,"skipped":0,"pct":100},"branches":{"total":0,"covered":0,"skipped":0,"pct":100}}
,"/Users/mapaction/Kaicedra/app.Dashboard/src/theme/components/link.js": {"lines":{"total":1,"covered":1,"skipped":0,"pct":100},"functions":{"total":0,"covered":0,"skipped":0,"pct":100},"statements":{"total":1,"covered":1,"skipped":0,"pct":100},"branches":{"total":0,"covered":0,"skipped":0,"pct":100}}
,"/Users/mapaction/Kaicedra/app.Dashboard/src/theme/foundations/breakpoints.js": {"lines":{"total":1,"covered":1,"skipped":0,"pct":100},"functions":{"total":0,"covered":0,"skipped":0,"pct":100},"statements":{"total":1,"covered":1,"skipped":0,"pct":100},"branches":{"total":0,"covered":0,"skipped":0,"pct":100}}
,"/Users/mapaction/Kaicedra/app.Dashboard/src/variables/MapsCollabor.js": {"lines":{"total":43,"covered":37,"skipped":0,"pct":86.04},"functions":{"total":9,"covered":9,"skipped":0,"pct":100},"statements":{"total":44,"covered":38,"skipped":0,"pct":86.36},"branches":{"total":25,"covered":14,"skipped":0,"pct":56}}
,"/Users/mapaction/Kaicedra/app.Dashboard/src/variables/charts.js": {"lines":{"total":4,"covered":4,"skipped":0,"pct":100},"functions":{"total":0,"covered":0,"skipped":0,"pct":100},"statements":{"total":4,"covered":4,"skipped":0,"pct":100},"branches":{"total":0,"covered":0,"skipped":0,"pct":100}}
,"/Users/mapaction/Kaicedra/app.Dashboard/src/variables/general.js": {"lines":{"total":12,"covered":12,"skipped":0,"pct":100},"functions":{"total":0,"covered":0,"skipped":0,"pct":100},"statements":{"total":12,"covered":12,"skipped":0,"pct":100},"branches":{"total":0,"covered":0,"skipped":0,"pct":100}}
,"/Users/mapaction/Kaicedra/app.Dashboard/src/variables/maps.js": {"lines":{"total":33,"covered":28,"skipped":0,"pct":84.84},"functions":{"total":8,"covered":7,"skipped":0,"pct":87.5},"statements":{"total":33,"covered":28,"skipped":0,"pct":84.84},"branches":{"total":29,"covered":18,"skipped":0,"pct":62.06}}
,"/Users/mapaction/Kaicedra/app.Dashboard/src/views/Dashboard/CitizenTable.js": {"lines":{"total":101,"covered":84,"skipped":0,"pct":83.16},"functions":{"total":22,"covered":16,"skipped":0,"pct":72.72},"statements":{"total":103,"covered":85,"skipped":0,"pct":82.52},"branches":{"total":16,"covered":7,"skipped":0,"pct":43.75}}
,"/Users/mapaction/Kaicedra/app.Dashboard/src/views/Dashboard/Collaboration.jsx": {"lines":{"total":11,"covered":11,"skipped":0,"pct":100},"functions":{"total":3,"covered":3,"skipped":0,"pct":100},"statements":{"total":11,"covered":11,"skipped":0,"pct":100},"branches":{"total":2,"covered":1,"skipped":0,"pct":50}}
,"/Users/mapaction/Kaicedra/app.Dashboard/src/views/Dashboard/CollaborationChat.jsx": {"lines":{"total":41,"covered":33,"skipped":0,"pct":80.48},"functions":{"total":10,"covered":9,"skipped":0,"pct":90},"statements":{"total":44,"covered":35,"skipped":0,"pct":79.54},"branches":{"total":24,"covered":15,"skipped":0,"pct":62.5}}
,"/Users/mapaction/Kaicedra/app.Dashboard/src/views/Dashboard/Dashboard.js": {"lines":{"total":26,"covered":25,"skipped":0,"pct":96.15},"functions":{"total":4,"covered":3,"skipped":0,"pct":75},"statements":{"total":26,"covered":25,"skipped":0,"pct":96.15},"branches":{"total":2,"covered":1,"skipped":0,"pct":50}}
,"/Users/mapaction/Kaicedra/app.Dashboard/src/views/Dashboard/DashboardElu.js": {"lines":{"total":26,"covered":26,"skipped":0,"pct":100},"functions":{"total":3,"covered":3,"skipped":0,"pct":100},"statements":{"total":26,"covered":26,"skipped":0,"pct":100},"branches":{"total":2,"covered":1,"skipped":0,"pct":50}}
,"/Users/mapaction/Kaicedra/app.Dashboard/src/views/Dashboard/DataExport.js": {"lines":{"total":41,"covered":39,"skipped":0,"pct":95.12},"functions":{"total":9,"covered":7,"skipped":0,"pct":77.77},"statements":{"total":43,"covered":40,"skipped":0,"pct":93.02},"branches":{"total":14,"covered":11,"skipped":0,"pct":78.57}}
,"/Users/mapaction/Kaicedra/app.Dashboard/src/views/Dashboard/Incident.js": {"lines":{"total":127,"covered":74,"skipped":0,"pct":58.26},"functions":{"total":43,"covered":20,"skipped":0,"pct":46.51},"statements":{"total":146,"covered":80,"skipped":0,"pct":54.79},"branches":{"total":53,"covered":26,"skipped":0,"pct":49.05}}
,"/Users/mapaction/Kaicedra/app.Dashboard/src/views/Dashboard/LLM_Chat.jsx": {"lines":{"total":72,"covered":49,"skipped":0,"pct":68.05},"functions":{"total":26,"covered":16,"skipped":0,"pct":61.53},"statements":{"total":76,"covered":52,"skipped":0,"pct":68.42},"branches":{"total":42,"covered":24,"skipped":0,"pct":57.14}}
,"/Users/mapaction/Kaicedra/app.Dashboard/src/views/Dashboard/ListeCollab.jsx": {"lines":{"total":24,"covered":18,"skipped":0,"pct":75},"functions":{"total":8,"covered":5,"skipped":0,"pct":62.5},"statements":{"total":25,"covered":19,"skipped":0,"pct":76},"branches":{"total":10,"covered":4,"skipped":0,"pct":40}}
,"/Users/mapaction/Kaicedra/app.Dashboard/src/views/Dashboard/MessageManager.jsx": {"lines":{"total":78,"covered":61,"skipped":0,"pct":78.2},"functions":{"total":19,"covered":14,"skipped":0,"pct":73.68},"statements":{"total":78,"covered":61,"skipped":0,"pct":78.2},"branches":{"total":8,"covered":3,"skipped":0,"pct":37.5}}
,"/Users/mapaction/Kaicedra/app.Dashboard/src/views/Dashboard/Profile.js": {"lines":{"total":41,"covered":30,"skipped":0,"pct":73.17},"functions":{"total":9,"covered":4,"skipped":0,"pct":44.44},"statements":{"total":41,"covered":30,"skipped":0,"pct":73.17},"branches":{"total":2,"covered":1,"skipped":0,"pct":50}}
,"/Users/mapaction/Kaicedra/app.Dashboard/src/views/Dashboard/QuotesCarousel.jsx": {"lines":{"total":13,"covered":13,"skipped":0,"pct":100},"functions":{"total":6,"covered":6,"skipped":0,"pct":100},"statements":{"total":14,"covered":14,"skipped":0,"pct":100},"branches":{"total":2,"covered":2,"skipped":0,"pct":100}}
,"/Users/mapaction/Kaicedra/app.Dashboard/src/views/Dashboard/Tables.js": {"lines":{"total":121,"covered":82,"skipped":0,"pct":67.76},"functions":{"total":30,"covered":22,"skipped":0,"pct":73.33},"statements":{"total":124,"covered":84,"skipped":0,"pct":67.74},"branches":{"total":18,"covered":8,"skipped":0,"pct":44.44}}
,"/Users/mapaction/Kaicedra/app.Dashboard/src/views/Dashboard/Typewriter.js": {"lines":{"total":26,"covered":25,"skipped":0,"pct":96.15},"functions":{"total":4,"covered":4,"skipped":0,"pct":100},"statements":{"total":27,"covered":26,"skipped":0,"pct":96.29},"branches":{"total":11,"covered":8,"skipped":0,"pct":72.72}}
,"/Users/mapaction/Kaicedra/app.Dashboard/src/views/Dashboard/analyze.jsx": {"lines":{"total":137,"covered":86,"skipped":0,"pct":62.77},"functions":{"total":17,"covered":11,"skipped":0,"pct":64.7},"statements":{"total":142,"covered":88,"skipped":0,"pct":61.97},"branches":{"total":120,"covered":60,"skipped":0,"pct":50}}
,"/Users/mapaction/Kaicedra/app.Dashboard/src/views/Dashboard/globalView.jsx": {"lines":{"total":22,"covered":14,"skipped":0,"pct":63.63},"functions":{"total":8,"covered":3,"skipped":0,"pct":37.5},"statements":{"total":22,"covered":14,"skipped":0,"pct":63.63},"branches":{"total":26,"covered":7,"skipped":0,"pct":26.92}}
,"/Users/mapaction/Kaicedra/app.Dashboard/src/views/Dashboard/globalViewCollaboration.jsx": {"lines":{"total":73,"covered":66,"skipped":0,"pct":90.41},"functions":{"total":18,"covered":15,"skipped":0,"pct":83.33},"statements":{"total":76,"covered":68,"skipped":0,"pct":89.47},"branches":{"total":28,"covered":19,"skipped":0,"pct":67.85}}
,"/Users/mapaction/Kaicedra/app.Dashboard/src/views/Dashboard/oldTavle.js": {"lines":{"total":0,"covered":0,"skipped":0,"pct":0},"functions":{"total":0,"covered":0,"skipped":0,"pct":0},"statements":{"total":0,"covered":0,"skipped":0,"pct":0},"branches":{"total":0,"covered":0,"skipped":0,"pct":0}}
,"/Users/mapaction/Kaicedra/app.Dashboard/src/views/Pages/ComponentFaq.js": {"lines":{"total":2,"covered":2,"skipped":0,"pct":100},"functions":{"total":1,"covered":1,"skipped":0,"pct":100},"statements":{"total":2,"covered":2,"skipped":0,"pct":100},"branches":{"total":0,"covered":0,"skipped":0,"pct":100}}
,"/Users/mapaction/Kaicedra/app.Dashboard/src/views/Pages/ComponentHelp.js": {"lines":{"total":2,"covered":2,"skipped":0,"pct":100},"functions":{"total":1,"covered":1,"skipped":0,"pct":100},"statements":{"total":2,"covered":2,"skipped":0,"pct":100},"branches":{"total":0,"covered":0,"skipped":0,"pct":100}}
,"/Users/mapaction/Kaicedra/app.Dashboard/src/views/Pages/FAQ.js": {"lines":{"total":9,"covered":9,"skipped":0,"pct":100},"functions":{"total":2,"covered":2,"skipped":0,"pct":100},"statements":{"total":9,"covered":9,"skipped":0,"pct":100},"branches":{"total":0,"covered":0,"skipped":0,"pct":100}}
,"/Users/mapaction/Kaicedra/app.Dashboard/src/views/Pages/Help.js": {"lines":{"total":5,"covered":5,"skipped":0,"pct":100},"functions":{"total":2,"covered":2,"skipped":0,"pct":100},"statements":{"total":5,"covered":5,"skipped":0,"pct":100},"branches":{"total":0,"covered":0,"skipped":0,"pct":100}}
,"/Users/mapaction/Kaicedra/app.Dashboard/src/views/Pages/NotFound.js": {"lines":{"total":1,"covered":1,"skipped":0,"pct":100},"functions":{"total":1,"covered":1,"skipped":0,"pct":100},"statements":{"total":1,"covered":1,"skipped":0,"pct":100},"branches":{"total":0,"covered":0,"skipped":0,"pct":100}}
,"/Users/mapaction/Kaicedra/app.Dashboard/src/views/Pages/ResetPassWord.jsx": {"lines":{"total":38,"covered":36,"skipped":0,"pct":94.73},"functions":{"total":9,"covered":7,"skipped":0,"pct":77.77},"statements":{"total":38,"covered":36,"skipped":0,"pct":94.73},"branches":{"total":6,"covered":6,"skipped":0,"pct":100}}
,"/Users/mapaction/Kaicedra/app.Dashboard/src/views/Pages/SignIn.js": {"lines":{"total":61,"covered":50,"skipped":0,"pct":81.96},"functions":{"total":10,"covered":7,"skipped":0,"pct":70},"statements":{"total":61,"covered":50,"skipped":0,"pct":81.96},"branches":{"total":14,"covered":7,"skipped":0,"pct":50}}
,"/Users/mapaction/Kaicedra/app.Dashboard/src/views/Pages/SignUp.js": {"lines":{"total":7,"covered":7,"skipped":0,"pct":100},"functions":{"total":1,"covered":1,"skipped":0,"pct":100},"statements":{"total":7,"covered":7,"skipped":0,"pct":100},"branches":{"total":0,"covered":0,"skipped":0,"pct":100}}
,"/Users/mapaction/Kaicedra/app.Dashboard/src/views/RTL/RTLPage.js": {"lines":{"total":10,"covered":10,"skipped":0,"pct":100},"functions":{"total":3,"covered":3,"skipped":0,"pct":100},"statements":{"total":10,"covered":10,"skipped":0,"pct":100},"branches":{"total":16,"covered":15,"skipped":0,"pct":93.75}}
}
