TN:
SF:src/App.js
FNF:0
FNH:0
DA:4,0
LF:1
LH:0
BRF:0
BRH:0
end_of_record
TN:
SF:src/config.js
FNF:0
FNH:0
DA:1,17
LF:1
LH:1
BRF:0
BRH:0
end_of_record
TN:
SF:src/routes.js
FNF:0
FNH:0
DA:33,5
LF:1
LH:1
BRF:0
BRH:0
end_of_record
TN:
SF:src/Fonctions/Dash_fonction.js
FN:13,(anonymous_0)
FN:55,(anonymous_1)
FN:57,(anonymous_2)
FN:74,(anonymous_3)
FN:94,(anonymous_4)
FN:104,(anonymous_5)
FN:124,(anonymous_6)
FN:134,(anonymous_7)
FN:157,(anonymous_8)
FN:177,(anonymous_9)
FN:186,(anonymous_10)
FN:208,(anonymous_11)
FN:220,(anonymous_12)
FN:221,(anonymous_13)
FN:229,(anonymous_14)
FN:235,(anonymous_15)
FN:241,(anonymous_16)
FN:246,(anonymous_17)
FN:258,(anonymous_18)
FN:259,(anonymous_19)
FN:269,(anonymous_20)
FN:309,(anonymous_21)
FN:320,(anonymous_22)
FN:321,(anonymous_23)
FN:335,(anonymous_24)
FN:354,(anonymous_25)
FN:355,(anonymous_26)
FN:360,(anonymous_27)
FN:376,(anonymous_28)
FN:395,(anonymous_29)
FN:402,(anonymous_30)
FN:412,(anonymous_31)
FN:419,(anonymous_32)
FN:437,(anonymous_33)
FN:439,(anonymous_34)
FN:447,(anonymous_35)
FN:450,(anonymous_36)
FN:460,(anonymous_37)
FN:471,(anonymous_38)
FN:474,(anonymous_39)
FN:477,(anonymous_40)
FN:480,(anonymous_41)
FN:485,(anonymous_42)
FN:508,(anonymous_43)
FN:529,(anonymous_44)
FN:532,(anonymous_45)
FN:537,(anonymous_46)
FNF:47
FNH:36
FNDA:51,(anonymous_0)
FNDA:41,(anonymous_1)
FNDA:41,(anonymous_2)
FNDA:41,(anonymous_3)
FNDA:0,(anonymous_4)
FNDA:41,(anonymous_5)
FNDA:0,(anonymous_6)
FNDA:0,(anonymous_7)
FNDA:41,(anonymous_8)
FNDA:0,(anonymous_9)
FNDA:43,(anonymous_10)
FNDA:43,(anonymous_11)
FNDA:20,(anonymous_12)
FNDA:10,(anonymous_13)
FNDA:1,(anonymous_14)
FNDA:1,(anonymous_15)
FNDA:1,(anonymous_16)
FNDA:43,(anonymous_17)
FNDA:20,(anonymous_18)
FNDA:10,(anonymous_19)
FNDA:41,(anonymous_20)
FNDA:43,(anonymous_21)
FNDA:20,(anonymous_22)
FNDA:10,(anonymous_23)
FNDA:41,(anonymous_24)
FNDA:0,(anonymous_25)
FNDA:0,(anonymous_26)
FNDA:3,(anonymous_27)
FNDA:41,(anonymous_28)
FNDA:0,(anonymous_29)
FNDA:44,(anonymous_30)
FNDA:18,(anonymous_31)
FNDA:12,(anonymous_32)
FNDA:1,(anonymous_33)
FNDA:0,(anonymous_34)
FNDA:1,(anonymous_35)
FNDA:0,(anonymous_36)
FNDA:4,(anonymous_37)
FNDA:3,(anonymous_38)
FNDA:3,(anonymous_39)
FNDA:0,(anonymous_40)
FNDA:0,(anonymous_41)
FNDA:4,(anonymous_42)
FNDA:3,(anonymous_43)
FNDA:2,(anonymous_44)
FNDA:2,(anonymous_45)
FNDA:2,(anonymous_46)
DA:13,7
DA:14,51
DA:15,51
DA:16,51
DA:30,51
DA:32,51
DA:33,51
DA:34,51
DA:35,51
DA:36,51
DA:37,51
DA:38,51
DA:39,51
DA:40,51
DA:41,51
DA:42,51
DA:43,51
DA:44,51
DA:45,51
DA:46,51
DA:47,51
DA:48,51
DA:49,51
DA:50,51
DA:51,51
DA:52,51
DA:53,51
DA:55,51
DA:57,41
DA:58,41
DA:59,41
DA:61,41
DA:62,41
DA:63,41
DA:64,41
DA:65,41
DA:66,41
DA:67,41
DA:68,41
DA:69,41
DA:71,41
DA:74,51
DA:75,41
DA:77,41
DA:78,0
DA:81,41
DA:82,41
DA:83,39
DA:84,39
DA:87,2
DA:93,2
DA:94,0
DA:95,0
DA:96,0
DA:97,0
DA:99,2
DA:100,2
DA:104,51
DA:105,41
DA:107,41
DA:108,0
DA:111,41
DA:112,41
DA:113,39
DA:114,39
DA:117,2
DA:123,2
DA:124,0
DA:125,0
DA:126,0
DA:127,0
DA:129,2
DA:130,2
DA:134,51
DA:135,0
DA:136,0
DA:137,0
DA:139,0
DA:140,0
DA:141,0
DA:142,0
DA:153,0
DA:157,51
DA:158,41
DA:160,41
DA:161,0
DA:164,41
DA:165,41
DA:166,39
DA:167,39
DA:170,2
DA:176,2
DA:177,0
DA:178,0
DA:179,0
DA:182,2
DA:186,51
DA:187,43
DA:188,43
DA:189,43
DA:190,43
DA:191,43
DA:193,43
DA:198,42
DA:199,10
DA:200,10
DA:201,10
DA:204,33
DA:208,51
DA:209,43
DA:210,43
DA:211,43
DA:212,43
DA:213,43
DA:215,43
DA:220,43
DA:221,10
DA:222,10
DA:223,10
DA:226,33
DA:229,51
DA:230,1
DA:231,1
DA:232,1
DA:235,51
DA:236,1
DA:237,1
DA:238,1
DA:241,51
DA:242,1
DA:243,1
DA:244,1
DA:246,51
DA:247,43
DA:248,43
DA:249,43
DA:250,43
DA:251,43
DA:253,43
DA:258,43
DA:259,10
DA:260,10
DA:261,10
DA:264,33
DA:267,51
DA:269,51
DA:270,41
DA:272,41
DA:273,0
DA:274,0
DA:275,0
DA:276,0
DA:277,0
DA:281,41
DA:282,41
DA:283,39
DA:284,39
DA:287,2
DA:295,2
DA:296,0
DA:297,0
DA:300,2
DA:301,0
DA:303,2
DA:309,51
DA:310,43
DA:311,43
DA:312,43
DA:313,43
DA:314,43
DA:315,43
DA:316,43
DA:320,43
DA:321,10
DA:323,10
DA:324,10
DA:327,10
DA:330,33
DA:335,51
DA:336,41
DA:338,41
DA:339,0
DA:342,41
DA:343,41
DA:344,39
DA:345,39
DA:348,2
DA:354,2
DA:355,0
DA:357,2
DA:360,51
DA:361,3
DA:362,3
DA:363,3
DA:369,3
DA:370,3
DA:372,0
DA:376,51
DA:377,41
DA:379,41
DA:380,0
DA:383,41
DA:384,41
DA:385,39
DA:386,39
DA:389,2
DA:395,2
DA:396,0
DA:398,2
DA:402,51
DA:403,44
DA:404,44
DA:410,44
DA:412,17
DA:413,18
DA:414,18
DA:417,17
DA:419,17
DA:420,12
DA:430,17
DA:431,17
DA:433,27
DA:437,51
DA:438,1
DA:439,1
DA:440,0
DA:442,1
DA:443,1
DA:444,1
DA:447,51
DA:448,1
DA:449,1
DA:450,1
DA:451,0
DA:452,0
DA:454,1
DA:455,1
DA:456,1
DA:460,51
DA:461,4
DA:462,4
DA:463,4
DA:464,4
DA:465,3
DA:468,4
DA:471,51
DA:472,3
DA:473,3
DA:474,3
DA:476,3
DA:477,0
DA:479,3
DA:480,0
DA:482,3
DA:485,51
DA:487,4
DA:489,1
DA:490,1
DA:492,1
DA:493,1
DA:495,1
DA:496,1
DA:498,1
DA:500,4
DA:508,51
DA:509,3
DA:529,3
DA:530,2
DA:531,2
DA:532,2
DA:537,2
DA:538,2
DA:541,3
DA:553,51
LF:274
LH:234
BRDA:77,0,0,0
BRDA:77,0,1,41
BRDA:77,1,0,41
BRDA:77,1,1,0
BRDA:77,1,2,0
BRDA:82,2,0,39
BRDA:82,2,1,2
BRDA:95,3,0,0
BRDA:95,3,1,0
BRDA:99,4,0,0
BRDA:99,4,1,2
BRDA:107,5,0,0
BRDA:107,5,1,41
BRDA:107,6,0,41
BRDA:107,6,1,0
BRDA:107,6,2,0
BRDA:112,7,0,39
BRDA:112,7,1,2
BRDA:125,8,0,0
BRDA:125,8,1,0
BRDA:136,9,0,0
BRDA:136,9,1,0
BRDA:160,10,0,0
BRDA:160,10,1,41
BRDA:160,11,0,41
BRDA:160,11,1,0
BRDA:160,11,2,0
BRDA:165,12,0,39
BRDA:165,12,1,2
BRDA:178,13,0,0
BRDA:178,13,1,0
BRDA:189,14,0,0
BRDA:189,14,1,43
BRDA:200,15,0,10
BRDA:200,15,1,0
BRDA:222,16,0,4
BRDA:222,16,1,6
BRDA:249,17,0,0
BRDA:249,17,1,43
BRDA:260,18,0,4
BRDA:260,18,1,6
BRDA:272,19,0,0
BRDA:272,19,1,41
BRDA:272,20,0,41
BRDA:272,20,1,0
BRDA:272,20,2,0
BRDA:272,20,3,0
BRDA:282,21,0,39
BRDA:282,21,1,2
BRDA:300,22,0,0
BRDA:300,22,1,2
BRDA:311,23,0,0
BRDA:311,23,1,43
BRDA:324,24,0,0
BRDA:324,24,1,10
BRDA:338,25,0,0
BRDA:338,25,1,41
BRDA:338,26,0,41
BRDA:338,26,1,0
BRDA:338,26,2,0
BRDA:343,27,0,39
BRDA:343,27,1,2
BRDA:379,28,0,0
BRDA:379,28,1,41
BRDA:379,29,0,41
BRDA:379,29,1,0
BRDA:379,29,2,0
BRDA:384,30,0,39
BRDA:384,30,1,2
BRDA:413,31,0,18
BRDA:413,31,1,12
BRDA:442,32,0,1
BRDA:442,32,1,0
BRDA:454,33,0,1
BRDA:454,33,1,0
BRDA:464,34,0,3
BRDA:464,34,1,1
BRDA:473,35,0,1
BRDA:473,35,1,2
BRDA:476,36,0,0
BRDA:476,36,1,3
BRDA:479,37,0,0
BRDA:479,37,1,3
BRDA:487,38,0,1
BRDA:487,38,1,1
BRDA:487,38,2,1
BRDA:487,38,3,1
BRDA:531,39,0,2
BRDA:531,39,1,0
BRF:89
BRH:50
end_of_record
TN:
SF:src/Fonctions/Incident_fonction.js
FN:578,(anonymous_0)
FN:634,(anonymous_1)
FN:654,(anonymous_2)
FN:656,(anonymous_3)
FN:670,(anonymous_4)
FN:701,(anonymous_5)
FN:726,(anonymous_6)
FN:745,(anonymous_7)
FN:848,(anonymous_8)
FN:852,(anonymous_9)
FN:857,(anonymous_10)
FN:933,(anonymous_11)
FN:987,(anonymous_12)
FNF:13
FNH:13
FNDA:61,(anonymous_0)
FNDA:25,(anonymous_1)
FNDA:25,(anonymous_2)
FNDA:23,(anonymous_3)
FNDA:23,(anonymous_4)
FNDA:5,(anonymous_5)
FNDA:3,(anonymous_6)
FNDA:4,(anonymous_7)
FNDA:1,(anonymous_8)
FNDA:1,(anonymous_9)
FNDA:1,(anonymous_10)
FNDA:2,(anonymous_11)
FNDA:3,(anonymous_12)
DA:578,8
DA:579,61
DA:580,60
DA:581,60
DA:582,60
DA:584,60
DA:585,59
DA:586,59
DA:587,59
DA:588,59
DA:589,59
DA:590,59
DA:591,59
DA:592,59
DA:604,59
DA:611,59
DA:612,59
DA:613,59
DA:615,59
DA:616,59
DA:617,59
DA:618,59
DA:619,59
DA:620,59
DA:621,59
DA:622,59
DA:623,59
DA:626,59
DA:627,59
DA:628,59
DA:629,59
DA:630,59
DA:631,59
DA:634,59
DA:635,25
DA:636,25
DA:644,22
DA:645,19
DA:647,6
DA:654,59
DA:655,25
DA:656,25
DA:657,23
DA:658,23
DA:661,23
DA:662,23
DA:664,0
DA:670,25
DA:671,23
DA:672,23
DA:675,23
DA:677,23
DA:678,1
DA:679,22
DA:685,2
DA:688,0
DA:694,25
DA:695,23
DA:696,23
DA:701,59
DA:702,5
DA:703,5
DA:706,5
DA:707,5
DA:708,1
DA:709,4
DA:715,1
DA:718,0
DA:726,59
DA:727,3
DA:728,3
DA:729,3
DA:730,3
DA:740,0
DA:745,59
DA:746,4
DA:747,4
DA:748,4
DA:750,4
DA:751,4
DA:752,4
DA:754,4
DA:755,0
DA:756,0
DA:757,0
DA:758,0
DA:759,0
DA:762,4
DA:763,4
DA:772,2
DA:773,2
DA:774,2
DA:775,2
DA:786,2
DA:788,2
DA:792,2
DA:793,2
DA:794,2
DA:798,0
DA:799,0
DA:808,0
DA:809,0
DA:810,0
DA:811,0
DA:822,0
DA:824,2
DA:826,2
DA:827,2
DA:830,0
DA:831,0
DA:832,0
DA:833,0
DA:834,0
DA:835,0
DA:836,0
DA:837,0
DA:839,0
DA:843,4
DA:848,59
DA:849,1
DA:850,1
DA:852,59
DA:853,1
DA:857,59
DA:858,1
DA:859,1
DA:860,1
DA:861,1
DA:926,1
DA:930,1
DA:933,1
DA:934,2
DA:935,2
DA:936,2
DA:937,1
DA:938,0
DA:939,0
DA:940,0
DA:941,0
DA:942,0
DA:943,0
DA:944,0
DA:945,0
DA:946,0
DA:947,0
DA:948,0
DA:949,0
DA:950,0
DA:951,0
DA:952,0
DA:953,0
DA:954,0
DA:955,0
DA:956,0
DA:957,0
DA:958,0
DA:959,0
DA:960,0
DA:961,0
DA:962,0
DA:963,0
DA:964,0
DA:965,0
DA:966,0
DA:967,0
DA:968,0
DA:969,0
DA:970,0
DA:971,0
DA:972,0
DA:973,0
DA:976,1
DA:978,0
DA:982,0
DA:987,59
DA:988,3
DA:989,3
DA:990,3
DA:991,2
DA:992,2
DA:996,1
DA:1001,1
DA:1010,1
DA:1011,1
DA:1014,1
DA:1016,0
DA:1020,0
DA:1026,59
LF:188
LH:123
BRDA:582,0,0,58
BRDA:582,0,1,2
BRDA:611,1,0,24
BRDA:611,1,1,35
BRDA:611,2,0,59
BRDA:611,2,1,59
BRDA:612,3,0,59
BRDA:612,3,1,0
BRDA:613,4,0,59
BRDA:613,4,1,0
BRDA:615,5,0,59
BRDA:615,5,1,35
BRDA:616,6,0,59
BRDA:616,6,1,35
BRDA:617,7,0,59
BRDA:617,7,1,35
BRDA:618,8,0,59
BRDA:618,8,1,0
BRDA:620,9,0,59
BRDA:620,9,1,0
BRDA:626,10,0,59
BRDA:626,10,1,0
BRDA:627,11,0,59
BRDA:627,11,1,0
BRDA:628,12,0,59
BRDA:628,12,1,0
BRDA:629,13,0,59
BRDA:629,13,1,0
BRDA:630,14,0,59
BRDA:630,14,1,0
BRDA:631,15,0,59
BRDA:631,15,1,0
BRDA:677,16,0,1
BRDA:677,16,1,22
BRDA:677,17,0,23
BRDA:677,17,1,23
BRDA:677,17,2,1
BRDA:679,18,0,2
BRDA:679,18,1,20
BRDA:680,19,0,22
BRDA:680,19,1,22
BRDA:680,19,2,2
BRDA:680,19,3,2
BRDA:694,20,0,23
BRDA:694,20,1,2
BRDA:707,21,0,1
BRDA:707,21,1,4
BRDA:707,22,0,5
BRDA:707,22,1,5
BRDA:707,22,2,1
BRDA:709,23,0,1
BRDA:709,23,1,3
BRDA:710,24,0,4
BRDA:710,24,1,4
BRDA:710,24,2,1
BRDA:710,24,3,1
BRDA:754,25,0,0
BRDA:754,25,1,4
BRDA:788,26,0,2
BRDA:788,26,1,0
BRDA:789,27,0,2
BRDA:789,27,1,2
BRDA:832,28,0,0
BRDA:832,28,1,0
BRDA:836,29,0,0
BRDA:836,29,1,0
BRDA:935,30,0,0
BRDA:935,30,1,2
BRDA:936,31,0,1
BRDA:936,31,1,1
BRDA:937,32,0,1
BRDA:937,32,1,0
BRDA:938,33,0,0
BRDA:938,33,1,0
BRDA:939,34,0,0
BRDA:939,34,1,0
BRDA:940,35,0,0
BRDA:940,35,1,0
BRDA:941,36,0,0
BRDA:941,36,1,0
BRDA:942,37,0,0
BRDA:942,37,1,0
BRDA:943,38,0,0
BRDA:943,38,1,0
BRDA:944,39,0,0
BRDA:944,39,1,0
BRDA:945,40,0,0
BRDA:945,40,1,0
BRDA:946,41,0,0
BRDA:946,41,1,0
BRDA:947,42,0,0
BRDA:947,42,1,0
BRDA:948,43,0,0
BRDA:948,43,1,0
BRDA:949,44,0,0
BRDA:949,44,1,0
BRDA:950,45,0,0
BRDA:950,45,1,0
BRDA:951,46,0,0
BRDA:951,46,1,0
BRDA:952,47,0,0
BRDA:952,47,1,0
BRDA:953,48,0,0
BRDA:953,48,1,0
BRDA:954,49,0,0
BRDA:954,49,1,0
BRDA:955,50,0,0
BRDA:955,50,1,0
BRDA:956,51,0,0
BRDA:956,51,1,0
BRDA:957,52,0,0
BRDA:957,52,1,0
BRDA:958,53,0,0
BRDA:958,53,1,0
BRDA:959,54,0,0
BRDA:959,54,1,0
BRDA:960,55,0,0
BRDA:960,55,1,0
BRDA:961,56,0,0
BRDA:961,56,1,0
BRDA:962,57,0,0
BRDA:962,57,1,0
BRDA:963,58,0,0
BRDA:963,58,1,0
BRDA:964,59,0,0
BRDA:964,59,1,0
BRDA:965,60,0,0
BRDA:965,60,1,0
BRDA:966,61,0,0
BRDA:966,61,1,0
BRDA:967,62,0,0
BRDA:967,62,1,0
BRDA:968,63,0,0
BRDA:968,63,1,0
BRDA:969,64,0,0
BRDA:969,64,1,0
BRDA:970,65,0,0
BRDA:970,65,1,0
BRDA:971,66,0,0
BRDA:971,66,1,0
BRDA:972,67,0,0
BRDA:972,67,1,0
BRDA:990,68,0,2
BRDA:990,68,1,1
BRDA:1018,69,0,0
BRDA:1018,69,1,0
BRDA:1018,69,2,0
BRDA:1021,70,0,0
BRDA:1021,70,1,0
BRF:149
BRH:56
end_of_record
TN:
SF:src/Fonctions/Month.js
FN:5,(anonymous_0)
FN:9,(anonymous_1)
FN:15,(anonymous_2)
FN:27,(anonymous_3)
FN:40,(anonymous_4)
FNF:5
FNH:5
FNDA:16,(anonymous_0)
FNDA:1,(anonymous_1)
FNDA:1,(anonymous_2)
FNDA:160,(anonymous_3)
FNDA:27,(anonymous_4)
DA:3,6
DA:5,6
DA:6,16
DA:7,16
DA:9,16
DA:10,1
DA:11,1
DA:12,1
DA:15,16
DA:16,1
DA:17,1
DA:18,1
DA:19,1
DA:21,0
DA:25,16
DA:28,160
DA:29,160
DA:33,16
DA:40,6
DA:41,27
DA:42,26
DA:43,26
DA:44,0
DA:46,26
LF:24
LH:22
BRDA:18,0,0,1
BRDA:18,0,1,0
BRDA:18,1,0,1
BRDA:18,1,1,1
BRDA:43,2,0,0
BRDA:43,2,1,26
BRF:6
BRH:4
end_of_record
TN:
SF:src/Fonctions/YearMonth.js
FN:6,(anonymous_0)
FN:16,(anonymous_1)
FN:29,(anonymous_2)
FN:36,(anonymous_3)
FN:102,(anonymous_4)
FNF:5
FNH:5
FNDA:20,(anonymous_0)
FNDA:1,(anonymous_1)
FNDA:1,(anonymous_2)
FNDA:5,(anonymous_3)
FNDA:50,(anonymous_4)
DA:4,6
DA:6,6
DA:7,20
DA:8,20
DA:14,20
DA:16,20
DA:17,1
DA:19,1
DA:20,1
DA:21,1
DA:23,0
DA:29,20
DA:30,1
DA:31,1
DA:32,1
DA:33,1
DA:36,20
DA:37,5
DA:38,5
DA:39,3
DA:41,2
DA:44,5
DA:46,1
DA:50,1
DA:52,0
DA:53,0
DA:57,0
DA:59,1
DA:63,1
DA:65,0
DA:69,0
DA:71,0
DA:75,0
DA:77,0
DA:78,0
DA:79,0
DA:83,0
DA:85,3
DA:89,3
DA:91,0
DA:95,20
DA:102,6
DA:103,50
LF:43
LH:30
BRDA:17,0,0,1
BRDA:17,0,1,0
BRDA:19,1,0,1
BRDA:19,1,1,0
BRDA:21,2,0,1
BRDA:21,2,1,0
BRDA:21,3,0,1
BRDA:21,3,1,1
BRDA:36,4,0,4
BRDA:36,5,0,4
BRDA:38,6,0,3
BRDA:38,6,1,2
BRDA:44,7,0,1
BRDA:44,7,1,0
BRDA:44,7,2,1
BRDA:44,7,3,0
BRDA:44,7,4,0
BRDA:44,7,5,0
BRDA:44,7,6,3
BRDA:44,7,7,0
BRDA:86,8,0,3
BRDA:86,8,1,2
BRDA:87,9,0,3
BRDA:87,9,1,2
BRF:24
BRH:16
end_of_record
TN:
SF:src/components/ProtectedRoute.js
FN:5,(anonymous_0)
FN:11,(anonymous_1)
FNF:2
FNH:2
FNDA:6,(anonymous_0)
FNDA:8,(anonymous_1)
DA:5,2
DA:6,6
DA:8,6
DA:12,8
LF:4
LH:4
BRDA:12,0,0,3
BRDA:12,0,1,5
BRF:2
BRH:2
end_of_record
TN:
SF:src/components/Card/Card.js
FN:3,Card
FNF:1
FNH:1
FNDA:328,Card
DA:4,328
DA:5,326
DA:7,326
LF:3
LH:3
BRF:0
BRH:0
end_of_record
TN:
SF:src/components/Card/CardBody.js
FN:3,CardBody
FNF:1
FNH:1
FNDA:82,CardBody
DA:4,82
DA:5,82
DA:7,82
LF:3
LH:3
BRF:0
BRH:0
end_of_record
TN:
SF:src/components/Card/CardHeader.js
FN:3,CardHeader
FNF:1
FNH:1
FNDA:70,CardHeader
DA:4,70
DA:5,70
DA:7,70
LF:3
LH:3
BRF:0
BRH:0
end_of_record
TN:
SF:src/components/Charts/BarChart.js
FN:5,(anonymous_0)
FN:15,(anonymous_1)
FN:22,(anonymous_2)
FNF:3
FNH:3
FNDA:5,(anonymous_0)
FNDA:5,(anonymous_1)
FNDA:12,(anonymous_2)
DA:6,5
DA:7,5
DA:16,5
DA:23,12
LF:4
LH:4
BRF:0
BRH:0
end_of_record
TN:
SF:src/components/Charts/Chart_zone.js
FN:7,(anonymous_0)
FN:231,(anonymous_1)
FN:252,(anonymous_2)
FN:263,(anonymous_3)
FN:264,(anonymous_4)
FN:297,(anonymous_5)
FNF:6
FNH:6
FNDA:8,(anonymous_0)
FNDA:8,(anonymous_1)
FNDA:4,(anonymous_2)
FNDA:3,(anonymous_3)
FNDA:3,(anonymous_4)
FNDA:8,(anonymous_5)
DA:7,1
DA:8,8
DA:226,8
DA:227,8
DA:228,8
DA:229,8
DA:231,8
DA:232,8
DA:234,8
DA:235,1
DA:238,8
DA:239,8
DA:240,6
DA:241,6
DA:244,2
DA:250,2
DA:251,1
DA:252,1
DA:253,4
DA:254,4
DA:255,4
DA:256,4
DA:257,3
DA:259,4
DA:262,1
DA:263,3
DA:264,3
DA:266,1
DA:281,1
DA:292,1
DA:293,1
DA:297,8
DA:298,8
DA:301,8
LF:34
LH:34
BRDA:234,0,0,1
BRDA:234,0,1,7
BRDA:234,1,0,8
BRDA:234,1,1,1
BRDA:234,1,2,1
BRDA:239,2,0,6
BRDA:239,2,1,2
BRDA:254,3,0,4
BRDA:254,3,1,0
BRDA:255,4,0,2
BRDA:255,4,1,2
BRDA:256,5,0,3
BRDA:256,5,1,1
BRF:13
BRH:12
end_of_record
TN:
SF:src/components/Charts/LineChart.js
FN:6,(anonymous_0)
FN:15,(anonymous_1)
FN:22,(anonymous_2)
FNF:3
FNH:3
FNDA:4,(anonymous_0)
FNDA:4,(anonymous_1)
FNDA:8,(anonymous_2)
DA:7,4
DA:9,4
DA:16,4
DA:23,8
LF:4
LH:4
BRF:0
BRH:0
end_of_record
TN:
SF:src/components/Configurator/Configurator.js
FN:21,Configurator
FN:74,(anonymous_1)
FNF:2
FNH:2
FNDA:15,Configurator
FNDA:3,(anonymous_1)
DA:30,15
DA:31,14
DA:33,14
DA:35,14
DA:39,14
DA:40,14
DA:41,14
DA:42,14
DA:43,14
DA:44,14
DA:45,14
DA:75,3
DA:76,1
DA:77,1
DA:79,2
DA:80,2
LF:16
LH:16
BRDA:50,0,0,0
BRDA:50,0,1,14
BRDA:75,1,0,1
BRDA:75,1,1,2
BRDA:95,2,0,13
BRDA:95,2,1,1
BRDA:97,3,0,13
BRDA:97,3,1,1
BRF:8
BRH:7
end_of_record
TN:
SF:src/components/FixedPlugin/FixedPlugin.js
FN:7,FixedPlugin
FNF:1
FNH:1
FNDA:9,FixedPlugin
DA:8,9
DA:10,9
DA:11,9
DA:12,9
DA:13,9
DA:14,1
DA:17,9
DA:18,9
LF:8
LH:8
BRDA:13,0,0,1
BRDA:13,0,1,8
BRDA:27,1,0,5
BRDA:27,1,1,4
BRDA:28,2,0,5
BRDA:28,2,1,4
BRF:6
BRH:6
end_of_record
TN:
SF:src/components/Footer/Footer.js
FN:5,Footer
FNF:1
FNH:1
FNDA:8,Footer
DA:6,8
LF:1
LH:1
BRDA:28,0,0,1
BRDA:28,0,1,7
BRDA:36,1,0,1
BRDA:36,1,1,7
BRF:4
BRH:4
end_of_record
TN:
SF:src/components/Icons/IconBox.js
FN:4,IconBox
FNF:1
FNH:1
FNDA:105,IconBox
DA:5,105
DA:7,103
LF:2
LH:2
BRF:0
BRH:0
end_of_record
TN:
SF:src/components/Icons/Icons.js
FNF:0
FNH:0
DA:4,11
DA:21,11
DA:38,11
DA:49,11
DA:70,11
DA:112,11
DA:123,11
DA:178,11
DA:195,11
DA:212,11
DA:255,11
DA:266,11
DA:283,11
DA:300,11
DA:321,11
DA:337,11
DA:354,11
DA:365,11
DA:379,11
DA:396,11
DA:411,11
DA:436,11
DA:449,11
DA:461,11
DA:472,11
DA:489,11
DA:509,11
DA:528,11
DA:547,11
DA:580,11
DA:597,11
LF:31
LH:31
BRF:0
BRH:0
end_of_record
TN:
SF:src/components/Layout/MainPanel.js
FN:3,MainPanel
FNF:1
FNH:1
FNDA:13,MainPanel
DA:4,13
DA:5,11
DA:7,11
LF:3
LH:3
BRF:0
BRH:0
end_of_record
TN:
SF:src/components/Layout/PanelContainer.js
FN:3,PanelContainer
FNF:1
FNH:1
FNDA:11,PanelContainer
DA:4,11
DA:5,11
DA:7,11
LF:3
LH:3
BRF:0
BRH:0
end_of_record
TN:
SF:src/components/Layout/PanelContent.js
FN:3,PanelContent
FNF:1
FNH:1
FNDA:12,PanelContent
DA:4,12
DA:5,12
DA:7,12
LF:3
LH:3
BRF:0
BRH:0
end_of_record
TN:
SF:src/components/Menu/ItemContent.js
FN:6,ItemContent
FNF:1
FNH:1
FNDA:4,ItemContent
DA:7,4
DA:8,4
DA:9,4
DA:10,4
LF:4
LH:4
BRF:0
BRH:0
end_of_record
TN:
SF:src/components/Navbars/AdminNavbar.js
FN:29,AdminNavbar
FN:34,(anonymous_1)
FN:35,(anonymous_2)
FN:40,(anonymous_3)
FN:45,(anonymous_4)
FN:48,(anonymous_5)
FN:53,(anonymous_6)
FNF:7
FNH:6
FNDA:8,AdminNavbar
FNDA:7,(anonymous_1)
FNDA:0,(anonymous_2)
FNDA:7,(anonymous_3)
FNDA:7,(anonymous_4)
FNDA:7,(anonymous_5)
FNDA:1,(anonymous_6)
DA:30,8
DA:31,7
DA:32,7
DA:34,7
DA:35,7
DA:36,0
DA:37,0
DA:40,7
DA:41,7
DA:45,7
DA:46,7
DA:48,7
DA:49,7
DA:53,7
DA:54,1
DA:55,1
DA:57,0
DA:69,7
DA:72,7
DA:76,7
DA:78,7
DA:82,7
DA:84,7
DA:88,7
DA:92,7
DA:96,7
DA:102,7
DA:104,7
DA:107,7
DA:108,7
DA:109,7
DA:110,7
DA:111,7
DA:112,7
DA:113,7
DA:114,7
DA:116,7
DA:117,1
DA:118,1
DA:119,1
DA:120,1
DA:121,1
DA:124,7
DA:125,1
DA:126,1
DA:127,1
DA:128,1
DA:129,1
DA:130,1
DA:133,7
LF:50
LH:47
BRDA:36,0,0,0
BRDA:36,0,1,0
BRDA:54,1,0,1
BRDA:54,1,1,0
BRDA:102,2,0,1
BRDA:102,2,1,6
BRDA:102,3,0,7
BRDA:102,3,1,2
BRDA:104,4,0,1
BRDA:104,4,1,6
BRDA:104,5,0,7
BRDA:104,5,1,2
BRDA:116,6,0,1
BRDA:116,6,1,6
BRDA:116,7,0,7
BRDA:116,7,1,2
BRDA:124,8,0,1
BRDA:124,8,1,6
BRDA:156,9,0,3
BRDA:156,9,1,4
BRDA:157,10,0,3
BRDA:157,10,1,4
BRF:22
BRH:19
end_of_record
TN:
SF:src/components/Navbars/AdminNavbarLinks.js
FN:52,(anonymous_0)
FN:60,HeaderLinks
FN:82,(anonymous_2)
FN:98,(anonymous_3)
FN:103,(anonymous_4)
FN:107,(anonymous_5)
FN:112,(anonymous_6)
FN:115,(anonymous_7)
FN:119,(anonymous_8)
FN:139,(anonymous_9)
FN:144,(anonymous_10)
FN:169,(anonymous_11)
FN:174,(anonymous_12)
FN:208,(anonymous_13)
FN:238,(anonymous_14)
FN:243,(anonymous_15)
FNF:16
FNH:6
FNDA:0,(anonymous_0)
FNDA:20,HeaderLinks
FNDA:9,(anonymous_2)
FNDA:0,(anonymous_3)
FNDA:0,(anonymous_4)
FNDA:0,(anonymous_5)
FNDA:0,(anonymous_6)
FNDA:0,(anonymous_7)
FNDA:9,(anonymous_8)
FNDA:1,(anonymous_9)
FNDA:9,(anonymous_10)
FNDA:1,(anonymous_11)
FNDA:0,(anonymous_12)
FNDA:0,(anonymous_13)
FNDA:0,(anonymous_14)
FNDA:0,(anonymous_15)
DA:52,1
DA:53,0
DA:61,20
DA:70,19
DA:71,19
DA:72,19
DA:73,19
DA:74,19
DA:77,19
DA:78,19
DA:79,19
DA:80,19
DA:82,19
DA:83,9
DA:84,9
DA:91,9
DA:93,9
DA:94,9
DA:98,19
DA:99,0
DA:100,0
DA:103,19
DA:104,0
DA:107,19
DA:108,0
DA:109,0
DA:112,19
DA:113,0
DA:114,0
DA:115,0
DA:117,0
DA:119,19
DA:120,9
DA:121,9
DA:132,9
DA:134,9
DA:138,19
DA:139,19
DA:140,1
DA:141,1
DA:144,19
DA:145,9
DA:146,9
DA:151,19
DA:154,19
DA:155,19
DA:156,19
DA:159,19
DA:169,1
DA:175,0
DA:208,0
DA:239,0
DA:243,0
LF:53
LH:39
BRDA:151,0,0,0
BRDA:151,0,1,19
BRDA:151,1,0,19
BRDA:151,1,1,0
BRDA:155,2,0,19
BRDA:155,2,1,0
BRDA:172,3,0,1
BRDA:172,3,1,18
BRDA:173,4,0,0
BRDA:173,4,1,1
BRDA:219,5,0,19
BRDA:219,5,1,0
BRDA:219,5,2,0
BRDA:219,5,3,0
BRDA:247,6,0,0
BRDA:247,6,1,0
BRDA:248,7,0,0
BRDA:248,7,1,0
BRDA:249,8,0,0
BRDA:249,8,1,0
BRDA:250,9,0,0
BRDA:250,9,1,0
BRDA:257,10,0,19
BRDA:257,10,1,0
BRDA:266,11,0,0
BRDA:266,11,1,0
BRDA:267,12,0,0
BRDA:267,12,1,0
BRDA:268,13,0,0
BRDA:268,13,1,0
BRDA:269,14,0,0
BRDA:269,14,1,0
BRF:32
BRH:8
end_of_record
TN:
SF:src/components/Navbars/AuthNavbar.js
FN:24,AuthNavbar
FNF:1
FNH:1
FNDA:13,AuthNavbar
DA:25,13
DA:26,12
DA:28,12
DA:29,12
DA:30,12
DA:31,12
DA:32,12
DA:33,12
DA:34,12
DA:35,12
DA:36,12
DA:37,12
DA:38,12
DA:43,12
DA:63,12
DA:65,12
DA:129,12
LF:17
LH:17
BRF:0
BRH:0
end_of_record
TN:
SF:src/components/Navbars/SearchBar/SearchBar.js
FN:10,SearchBar
FNF:1
FNH:1
FNDA:26,SearchBar
DA:12,26
DA:14,24
DA:15,24
DA:16,24
LF:4
LH:4
BRF:0
BRH:0
end_of_record
TN:
SF:src/components/RTLProvider/RTLProvider.js
FN:10,RtlProvider
FNF:1
FNH:1
FNDA:10,RtlProvider
DA:6,2
DA:11,10
DA:12,10
DA:13,10
LF:4
LH:4
BRDA:11,0,0,0
BRDA:11,0,1,10
BRF:2
BRH:1
end_of_record
TN:
SF:src/components/Scrollbar/Scrollbar.js
FN:3,(anonymous_0)
FN:17,(anonymous_1)
FN:31,(anonymous_2)
FN:38,(anonymous_3)
FN:45,(anonymous_4)
FN:51,(anonymous_5)
FN:59,(anonymous_6)
FN:71,(anonymous_7)
FN:78,(anonymous_8)
FN:85,(anonymous_9)
FNF:10
FNH:10
FNDA:9,(anonymous_0)
FNDA:3,(anonymous_1)
FNDA:1,(anonymous_2)
FNDA:11,(anonymous_3)
FNDA:9,(anonymous_4)
FNDA:3,(anonymous_5)
FNDA:1,(anonymous_6)
FNDA:1,(anonymous_7)
FNDA:1,(anonymous_8)
FNDA:1,(anonymous_9)
DA:3,4
DA:4,9
DA:15,9
DA:17,4
DA:18,3
DA:29,3
DA:31,4
DA:32,1
DA:36,1
DA:38,4
DA:39,11
DA:43,11
DA:45,4
DA:46,9
DA:49,9
DA:51,4
DA:52,3
DA:56,3
DA:59,4
DA:60,1
DA:69,1
DA:71,4
DA:72,1
DA:76,1
DA:78,4
DA:79,1
DA:83,1
DA:85,4
DA:86,1
DA:90,1
LF:30
LH:30
BRF:0
BRH:0
end_of_record
TN:
SF:src/components/Separator/Separator.js
FN:4,HSeparator
FN:16,VSeparator
FNF:2
FNH:1
FNDA:38,HSeparator
FNDA:0,VSeparator
DA:5,38
DA:6,38
DA:17,0
DA:18,0
LF:4
LH:2
BRF:0
BRH:0
end_of_record
TN:
SF:src/components/Sidebar/Sidebar.js
FN:39,Sidebar
FN:47,(anonymous_1)
FN:54,(anonymous_2)
FN:64,(anonymous_3)
FN:67,(anonymous_4)
FN:68,(anonymous_5)
FN:69,(anonymous_6)
FN:322,SidebarResponsive
FN:325,(anonymous_8)
FN:337,(anonymous_9)
FN:352,(anonymous_10)
FN:354,(anonymous_11)
FN:355,(anonymous_12)
FN:356,(anonymous_13)
FNF:14
FNH:12
FNDA:15,Sidebar
FNDA:22,(anonymous_1)
FNDA:0,(anonymous_2)
FNDA:14,(anonymous_3)
FNDA:46,(anonymous_4)
FNDA:32,(anonymous_5)
FNDA:22,(anonymous_6)
FNDA:52,SidebarResponsive
FNDA:0,(anonymous_8)
FNDA:31,(anonymous_9)
FNDA:44,(anonymous_10)
FNDA:360,(anonymous_11)
FNDA:221,(anonymous_12)
FNDA:50,(anonymous_13)
DA:40,15
DA:41,15
DA:43,15
DA:44,14
DA:45,14
DA:47,14
DA:48,22
DA:50,14
DA:52,14
DA:53,14
DA:54,14
DA:55,0
DA:56,0
DA:59,14
DA:60,14
DA:61,14
DA:62,14
DA:63,14
DA:64,14
DA:66,14
DA:67,46
DA:68,32
DA:70,22
DA:71,0
DA:73,22
DA:74,0
DA:75,0
DA:76,0
DA:99,22
DA:210,14
DA:212,14
DA:215,10
DA:216,10
DA:217,10
DA:219,10
DA:226,10
DA:323,52
DA:324,27
DA:325,27
DA:326,0
DA:327,0
DA:330,27
DA:331,26
DA:334,25
DA:335,25
DA:337,25
DA:338,31
DA:341,25
DA:342,25
DA:343,25
DA:344,25
DA:345,25
DA:349,25
DA:352,25
DA:353,44
DA:354,360
DA:355,221
DA:357,50
DA:358,0
DA:360,50
DA:361,19
DA:362,19
DA:363,19
DA:386,31
DA:495,25
DA:500,25
DA:507,25
DA:508,25
DA:510,25
LF:69
LH:60
BRDA:48,0,0,10
BRDA:48,0,1,12
BRDA:67,1,0,46
BRDA:67,1,1,32
BRDA:67,1,2,32
BRDA:67,1,3,32
BRDA:67,1,4,32
BRDA:67,1,5,32
BRDA:67,1,6,32
BRDA:68,2,0,32
BRDA:68,2,1,14
BRDA:70,3,0,0
BRDA:70,3,1,22
BRDA:73,4,0,0
BRDA:73,4,1,22
BRDA:91,5,0,0
BRDA:91,5,1,0
BRDA:101,6,0,10
BRDA:101,6,1,12
BRDA:133,7,0,0
BRDA:133,7,1,10
BRDA:148,8,0,2
BRDA:148,8,1,8
BRDA:184,9,0,4
BRDA:184,9,1,8
BRDA:199,10,0,2
BRDA:199,10,1,6
BRDA:250,11,0,2
BRDA:250,11,1,8
BRDA:259,12,0,2
BRDA:259,12,1,8
BRDA:338,13,0,6
BRDA:338,13,1,25
BRDA:354,14,0,360
BRDA:354,14,1,335
BRDA:354,14,2,316
BRDA:354,14,3,297
BRDA:354,14,4,278
BRDA:354,14,5,259
BRDA:354,14,6,240
BRDA:355,15,0,221
BRDA:355,15,1,177
BRDA:357,16,0,0
BRDA:357,16,1,50
BRDA:360,17,0,19
BRDA:360,17,1,31
BRDA:378,18,0,0
BRDA:378,18,1,19
BRDA:388,19,0,6
BRDA:388,19,1,25
BRDA:419,20,0,0
BRDA:419,20,1,6
BRDA:433,21,0,0
BRDA:433,21,1,6
BRDA:469,22,0,0
BRDA:469,22,1,25
BRDA:483,23,0,0
BRDA:483,23,1,25
BRDA:526,24,0,0
BRDA:526,24,1,25
BRF:60
BRH:48
end_of_record
TN:
SF:src/components/Sidebar/SidebarHelp.js
FN:14,SidebarHelp
FNF:1
FNH:1
FNDA:1,SidebarHelp
DA:16,1
DA:17,1
DA:18,1
DA:19,1
LF:4
LH:4
BRDA:45,0,0,1
BRDA:45,0,1,0
BRDA:47,1,0,1
BRDA:47,1,1,1
BRF:4
BRH:3
end_of_record
TN:
SF:src/context/AuthContext.js
FN:5,(anonymous_0)
FN:7,(anonymous_1)
FN:11,(anonymous_2)
FN:15,(anonymous_3)
FN:32,(anonymous_4)
FNF:5
FNH:5
FNDA:15,(anonymous_0)
FNDA:13,(anonymous_1)
FNDA:1,(anonymous_2)
FNDA:1,(anonymous_3)
FNDA:31,(anonymous_4)
DA:3,6
DA:5,6
DA:6,15
DA:7,15
DA:8,13
DA:11,15
DA:12,1
DA:15,15
DA:16,1
DA:17,1
DA:18,1
DA:19,1
DA:20,1
DA:21,1
DA:22,1
DA:25,15
DA:32,31
LF:17
LH:17
BRF:0
BRH:0
end_of_record
TN:
SF:src/layouts/Admin.js
FN:21,AdminLayout
FN:28,(anonymous_1)
FN:29,(anonymous_2)
FN:50,(anonymous_3)
FNF:4
FNH:4
FNDA:5,AdminLayout
FNDA:8,(anonymous_1)
FNDA:72,(anonymous_2)
FNDA:8,(anonymous_3)
DA:22,5
DA:23,4
DA:24,4
DA:25,4
DA:26,4
DA:28,4
DA:29,8
DA:30,72
DA:31,0
DA:33,72
DA:34,4
DA:36,68
DA:37,56
DA:45,12
DA:50,4
DA:51,8
DA:52,8
DA:53,72
DA:54,0
DA:55,0
DA:56,0
DA:58,72
DA:59,4
DA:60,4
DA:61,0
DA:64,68
DA:69,0
DA:73,8
DA:76,4
LF:29
LH:23
BRDA:30,0,0,0
BRDA:30,0,1,72
BRDA:33,1,0,4
BRDA:33,1,1,68
BRDA:36,2,0,56
BRDA:36,2,1,12
BRDA:53,3,0,0
BRDA:53,3,1,72
BRDA:55,4,0,0
BRDA:55,4,1,0
BRDA:58,5,0,4
BRDA:58,5,1,68
BRDA:60,6,0,0
BRDA:60,6,1,4
BRDA:64,7,0,0
BRDA:64,7,1,68
BRDA:82,8,0,4
BRDA:82,8,1,0
BRDA:83,9,0,4
BRDA:83,9,1,0
BRF:20
BRH:12
end_of_record
TN:
SF:src/layouts/Auth.js
FN:10,Pages
FN:14,(anonymous_1)
FN:17,cleanup
FN:19,(anonymous_3)
FN:42,(anonymous_4)
FN:62,(anonymous_5)
FN:63,(anonymous_6)
FNF:7
FNH:6
FNDA:5,Pages
FNDA:4,(anonymous_1)
FNDA:4,cleanup
FNDA:0,(anonymous_3)
FNDA:8,(anonymous_4)
FNDA:8,(anonymous_5)
FNDA:72,(anonymous_6)
DA:11,5
DA:13,4
DA:14,4
DA:15,4
DA:17,4
DA:19,4
DA:20,0
DA:21,0
DA:22,0
DA:23,0
DA:24,0
DA:25,0
DA:27,0
DA:28,0
DA:29,0
DA:30,0
DA:33,0
DA:36,0
DA:40,0
DA:42,4
DA:43,8
DA:44,8
DA:45,72
DA:46,4
DA:47,4
DA:48,0
DA:51,68
DA:54,0
DA:55,0
DA:60,8
DA:62,4
DA:63,8
DA:64,72
DA:65,0
DA:67,72
DA:68,4
DA:70,68
DA:71,12
DA:79,56
DA:83,4
DA:84,4
DA:85,4
LF:42
LH:25
BRDA:22,0,0,0
BRDA:22,0,1,0
BRDA:24,1,0,0
BRDA:24,1,1,0
BRDA:27,2,0,0
BRDA:27,2,1,0
BRDA:29,3,0,0
BRDA:29,3,1,0
BRDA:33,4,0,0
BRDA:33,4,1,0
BRDA:45,5,0,4
BRDA:45,5,1,68
BRDA:47,6,0,0
BRDA:47,6,1,4
BRDA:51,7,0,0
BRDA:51,7,1,68
BRDA:54,8,0,0
BRDA:54,8,1,0
BRDA:64,9,0,0
BRDA:64,9,1,72
BRDA:67,10,0,4
BRDA:67,10,1,68
BRDA:70,11,0,12
BRDA:70,11,1,56
BRF:24
BRH:9
end_of_record
TN:
SF:src/layouts/RTL.js
FN:30,Dashboard
FN:37,(anonymous_1)
FN:40,(anonymous_2)
FN:64,(anonymous_3)
FN:84,(anonymous_4)
FN:85,(anonymous_5)
FN:185,(anonymous_6)
FN:188,(anonymous_7)
FN:189,(anonymous_8)
FNF:9
FNH:6
FNDA:5,Dashboard
FNDA:4,(anonymous_1)
FNDA:8,(anonymous_2)
FNDA:24,(anonymous_3)
FNDA:8,(anonymous_4)
FNDA:72,(anonymous_5)
FNDA:0,(anonymous_6)
FNDA:0,(anonymous_7)
FNDA:0,(anonymous_8)
DA:31,5
DA:33,4
DA:34,4
DA:36,4
DA:37,4
DA:38,4
DA:40,4
DA:41,8
DA:42,8
DA:43,72
DA:44,0
DA:45,0
DA:46,0
DA:48,72
DA:49,4
DA:50,4
DA:51,0
DA:54,68
DA:57,0
DA:61,8
DA:64,4
DA:65,24
DA:66,24
DA:67,216
DA:68,12
DA:69,12
DA:70,0
DA:73,204
DA:76,0
DA:77,0
DA:82,24
DA:84,4
DA:85,8
DA:86,72
DA:87,0
DA:89,72
DA:90,4
DA:92,68
DA:93,56
DA:101,12
DA:105,4
DA:106,4
DA:107,4
DA:109,4
DA:186,0
DA:188,0
DA:189,0
LF:47
LH:35
BRDA:43,0,0,0
BRDA:43,0,1,72
BRDA:45,1,0,0
BRDA:45,1,1,0
BRDA:48,2,0,4
BRDA:48,2,1,68
BRDA:50,3,0,0
BRDA:50,3,1,4
BRDA:54,4,0,0
BRDA:54,4,1,68
BRDA:67,5,0,12
BRDA:67,5,1,204
BRDA:69,6,0,0
BRDA:69,6,1,12
BRDA:73,7,0,0
BRDA:73,7,1,204
BRDA:76,8,0,0
BRDA:76,8,1,0
BRDA:86,9,0,0
BRDA:86,9,1,72
BRDA:89,10,0,4
BRDA:89,10,1,68
BRDA:92,11,0,56
BRDA:92,11,1,12
BRDA:92,12,0,68
BRDA:92,12,1,68
BRDA:115,13,0,4
BRDA:115,13,1,0
BRDA:116,14,0,4
BRDA:116,14,1,0
BRDA:124,15,0,0
BRDA:124,15,1,4
BRDA:132,16,0,0
BRDA:132,16,1,4
BRDA:134,17,0,0
BRDA:134,17,1,4
BRDA:162,18,0,4
BRDA:162,18,1,0
BRF:38
BRH:22
end_of_record
TN:
SF:src/theme/styles.js
FN:23,(anonymous_0)
FNF:1
FNH:1
FNDA:2,(anonymous_0)
DA:3,1
DA:23,2
LF:2
LH:2
BRF:0
BRH:0
end_of_record
TN:
SF:src/theme/theme.js
FNF:0
FNH:0
LF:0
LH:0
BRF:0
BRH:0
end_of_record
TN:
SF:src/theme/additions/card/Card.js
FN:14,(anonymous_0)
FNF:1
FNH:1
FNDA:1,(anonymous_0)
DA:1,1
DA:14,1
DA:23,1
LF:3
LH:3
BRDA:15,0,0,0
BRDA:15,0,1,1
BRF:2
BRH:1
end_of_record
TN:
SF:src/theme/additions/layout/MainPanel.js
FN:14,(anonymous_0)
FN:17,(anonymous_1)
FNF:2
FNH:2
FNDA:1,(anonymous_0)
FNDA:1,(anonymous_1)
DA:1,1
DA:14,1
DA:17,1
DA:26,1
LF:4
LH:4
BRF:0
BRH:0
end_of_record
TN:
SF:src/theme/additions/layout/PanelContainer.js
FNF:0
FNH:0
DA:1,1
DA:8,1
LF:2
LH:2
BRF:0
BRH:0
end_of_record
TN:
SF:src/theme/additions/layout/PanelContent.js
FNF:0
FNH:0
DA:1,1
DA:10,1
LF:2
LH:2
BRF:0
BRH:0
end_of_record
TN:
SF:src/theme/components/badge.js
FNF:0
FNH:0
DA:1,1
LF:1
LH:1
BRF:0
BRH:0
end_of_record
TN:
SF:src/theme/components/button.js
FN:27,(anonymous_0)
FN:35,(anonymous_1)
FN:45,(anonymous_2)
FN:53,(anonymous_3)
FNF:4
FNH:4
FNDA:1,(anonymous_0)
FNDA:1,(anonymous_1)
FNDA:1,(anonymous_2)
FNDA:1,(anonymous_3)
DA:2,1
DA:27,1
DA:35,1
DA:45,1
DA:53,1
LF:5
LH:5
BRF:0
BRH:0
end_of_record
TN:
SF:src/theme/components/input.js
FN:12,(anonymous_0)
FN:20,(anonymous_1)
FNF:2
FNH:2
FNDA:1,(anonymous_0)
FNDA:1,(anonymous_1)
DA:2,1
DA:12,1
DA:20,1
LF:3
LH:3
BRF:0
BRH:0
end_of_record
TN:
SF:src/theme/components/link.js
FNF:0
FNH:0
DA:1,1
LF:1
LH:1
BRF:0
BRH:0
end_of_record
TN:
SF:src/theme/foundations/breakpoints.js
FNF:0
FNH:0
DA:4,1
LF:1
LH:1
BRF:0
BRH:0
end_of_record
TN:
SF:src/variables/MapsCollabor.js
FN:14,(anonymous_0)
FN:23,(anonymous_1)
FN:27,(anonymous_2)
FN:42,(anonymous_3)
FN:61,(anonymous_4)
FN:65,(anonymous_5)
FN:71,(anonymous_6)
FN:125,(anonymous_7)
FN:152,(anonymous_8)
FNF:9
FNH:9
FNDA:4,(anonymous_0)
FNDA:4,(anonymous_1)
FNDA:4,(anonymous_2)
FNDA:4,(anonymous_3)
FNDA:4,(anonymous_4)
FNDA:4,(anonymous_5)
FNDA:4,(anonymous_6)
FNDA:3,(anonymous_7)
FNDA:1,(anonymous_8)
DA:12,6
DA:14,6
DA:15,4
DA:16,4
DA:17,4
DA:18,4
DA:19,4
DA:20,4
DA:21,4
DA:23,4
DA:24,4
DA:27,4
DA:28,4
DA:29,4
DA:34,4
DA:35,4
DA:37,0
DA:38,0
DA:42,4
DA:43,4
DA:45,4
DA:46,0
DA:49,4
DA:50,4
DA:51,0
DA:52,0
DA:55,4
DA:61,4
DA:62,4
DA:66,4
DA:72,4
DA:73,4
DA:89,4
DA:91,0
DA:95,4
DA:99,4
DA:103,4
DA:107,4
DA:111,4
DA:115,4
DA:119,4
DA:126,3
DA:152,1
LF:43
LH:37
BRDA:45,0,0,0
BRDA:45,0,1,4
BRDA:45,1,0,4
BRDA:45,1,1,0
BRDA:45,1,2,0
BRDA:50,2,0,0
BRDA:50,2,1,4
BRDA:66,3,0,4
BRDA:66,3,1,4
BRDA:66,3,2,4
BRDA:66,3,3,4
BRDA:81,4,0,4
BRDA:81,4,1,0
BRDA:126,5,0,0
BRDA:126,5,1,3
BRDA:126,6,0,3
BRDA:126,6,1,0
BRDA:126,6,2,3
BRDA:126,6,3,0
BRDA:126,6,4,3
BRDA:126,6,5,0
BRDA:133,7,0,0
BRDA:133,7,1,3
BRDA:135,8,0,3
BRDA:135,8,1,0
BRF:25
BRH:14
end_of_record
TN:
SF:src/variables/charts.js
FNF:0
FNH:0
DA:1,7
DA:8,7
DA:71,7
DA:82,7
LF:4
LH:4
BRF:0
BRH:0
end_of_record
TN:
SF:src/variables/general.js
FNF:0
FNH:0
DA:32,6
DA:77,6
DA:114,6
DA:159,6
DA:197,6
DA:254,6
DA:292,6
DA:330,6
DA:351,6
DA:366,6
DA:393,6
DA:426,6
LF:12
LH:12
BRF:0
BRH:0
end_of_record
TN:
SF:src/variables/maps.js
FN:15,(anonymous_0)
FN:21,(anonymous_1)
FN:25,(anonymous_2)
FN:50,(anonymous_3)
FN:56,(anonymous_4)
FN:115,(anonymous_5)
FN:144,(anonymous_6)
FN:158,(anonymous_7)
FNF:8
FNH:7
FNDA:8,(anonymous_0)
FNDA:8,(anonymous_1)
FNDA:8,(anonymous_2)
FNDA:5,(anonymous_3)
FNDA:5,(anonymous_4)
FNDA:4,(anonymous_5)
FNDA:0,(anonymous_6)
FNDA:1,(anonymous_7)
DA:13,6
DA:15,6
DA:16,8
DA:17,8
DA:18,8
DA:19,8
DA:21,8
DA:22,8
DA:25,8
DA:26,8
DA:28,8
DA:29,0
DA:32,8
DA:33,8
DA:34,0
DA:35,0
DA:38,8
DA:45,8
DA:47,8
DA:51,5
DA:57,5
DA:71,8
DA:73,0
DA:77,8
DA:81,8
DA:85,8
DA:89,8
DA:93,8
DA:97,8
DA:101,8
DA:116,4
DA:144,0
DA:158,1
LF:33
LH:28
BRDA:28,0,0,0
BRDA:28,0,1,8
BRDA:28,1,0,8
BRDA:28,1,1,0
BRDA:28,1,2,0
BRDA:33,2,0,0
BRDA:33,2,1,8
BRDA:51,3,0,5
BRDA:51,3,1,5
BRDA:51,3,2,5
BRDA:51,3,3,5
BRDA:104,4,0,6
BRDA:104,4,1,2
BRDA:116,5,0,0
BRDA:116,5,1,4
BRDA:116,6,0,4
BRDA:116,6,1,0
BRDA:116,6,2,4
BRDA:116,6,3,0
BRDA:116,6,4,4
BRDA:116,6,5,0
BRDA:123,7,0,0
BRDA:123,7,1,4
BRDA:125,8,0,4
BRDA:125,8,1,0
BRDA:158,9,0,1
BRDA:158,9,1,0
BRDA:168,10,0,6
BRDA:168,10,1,2
BRF:29
BRH:18
end_of_record
TN:
SF:src/views/Dashboard/CitizenTable.js
FN:36,CitizenTable
FN:56,(anonymous_1)
FN:63,(anonymous_2)
FN:72,(anonymous_3)
FN:76,(anonymous_4)
FN:80,(anonymous_5)
FN:96,(anonymous_6)
FN:141,(anonymous_7)
FN:155,(anonymous_8)
FN:160,(anonymous_9)
FN:163,(anonymous_10)
FN:183,(anonymous_11)
FN:184,(anonymous_12)
FN:205,(anonymous_13)
FN:261,(anonymous_14)
FN:317,(anonymous_15)
FN:325,(anonymous_16)
FN:331,(anonymous_17)
FN:334,(anonymous_18)
FN:364,(anonymous_19)
FN:371,(anonymous_20)
FN:379,(anonymous_21)
FNF:22
FNH:12
FNDA:36,CitizenTable
FNDA:11,(anonymous_1)
FNDA:10,(anonymous_2)
FNDA:11,(anonymous_3)
FNDA:0,(anonymous_4)
FNDA:0,(anonymous_5)
FNDA:1,(anonymous_6)
FNDA:0,(anonymous_7)
FNDA:3,(anonymous_8)
FNDA:0,(anonymous_9)
FNDA:0,(anonymous_10)
FNDA:0,(anonymous_11)
FNDA:0,(anonymous_12)
FNDA:34,(anonymous_13)
FNDA:34,(anonymous_14)
FNDA:2,(anonymous_15)
FNDA:1,(anonymous_16)
FNDA:0,(anonymous_17)
FNDA:0,(anonymous_18)
FNDA:7,(anonymous_19)
FNDA:0,(anonymous_20)
FNDA:2,(anonymous_21)
DA:37,36
DA:38,34
DA:39,34
DA:40,34
DA:41,34
DA:51,34
DA:52,34
DA:53,34
DA:54,34
DA:56,34
DA:57,11
DA:58,11
DA:63,10
DA:64,10
DA:65,10
DA:66,10
DA:68,1
DA:72,34
DA:73,11
DA:76,34
DA:77,0
DA:80,34
DA:81,0
DA:82,0
DA:93,0
DA:96,34
DA:97,1
DA:98,1
DA:100,1
DA:101,1
DA:102,1
DA:103,1
DA:104,1
DA:105,1
DA:106,1
DA:107,1
DA:108,1
DA:109,1
DA:110,0
DA:113,1
DA:114,1
DA:119,1
DA:120,1
DA:121,1
DA:122,1
DA:133,1
DA:135,0
DA:136,0
DA:141,34
DA:142,0
DA:143,0
DA:144,0
DA:145,0
DA:146,0
DA:147,0
DA:148,0
DA:150,0
DA:151,0
DA:155,34
DA:156,3
DA:157,3
DA:160,34
DA:161,0
DA:163,34
DA:164,0
DA:165,0
DA:167,0
DA:179,0
DA:181,0
DA:182,0
DA:183,0
DA:184,0
DA:186,0
DA:187,0
DA:197,0
DA:198,0
DA:200,0
DA:201,0
DA:205,34
DA:206,34
DA:261,34
DA:262,34
DA:317,34
DA:318,2
DA:326,1
DA:327,1
DA:332,0
DA:333,0
DA:335,0
DA:337,0
DA:338,0
DA:343,34
DA:365,7
DA:371,0
DA:379,2
LF:95
LH:58
BRDA:109,0,0,0
BRDA:109,0,1,1
BRDA:142,1,0,0
BRDA:142,1,1,0
BRDA:146,2,0,0
BRDA:146,2,1,0
BRDA:184,3,0,0
BRDA:184,3,1,0
BRDA:326,4,0,1
BRDA:326,4,1,0
BRDA:337,5,0,0
BRDA:337,5,1,0
BRDA:352,6,0,7
BRDA:352,6,1,27
BRF:14
BRH:4
end_of_record
TN:
SF:src/views/Dashboard/Collaboration.jsx
FN:42,Dashboard
FN:59,(anonymous_1)
FN:60,fetchData
FNF:3
FNH:3
FNDA:5,Dashboard
FNDA:5,(anonymous_1)
FNDA:5,fetchData
DA:41,6
DA:43,5
DA:44,5
DA:54,5
DA:57,5
DA:58,5
DA:59,5
DA:61,5
DA:62,5
DA:64,5
DA:67,5
LF:11
LH:11
BRDA:188,0,0,0
BRDA:188,0,1,5
BRF:2
BRH:1
end_of_record
TN:
SF:src/views/Dashboard/Dashboard.js
FN:47,Dashboard
FN:112,(anonymous_1)
FN:114,fetchData
FN:168,(anonymous_3)
FNF:4
FNH:3
FNDA:7,Dashboard
FNDA:6,(anonymous_1)
FNDA:6,fetchData
FNDA:0,(anonymous_3)
DA:43,6
DA:48,7
DA:49,7
DA:50,7
DA:100,7
DA:103,7
DA:104,7
DA:105,7
DA:106,7
DA:107,7
DA:108,7
DA:110,7
DA:112,7
DA:115,6
DA:116,6
DA:117,6
DA:118,6
DA:119,6
DA:120,6
DA:121,6
DA:122,6
DA:123,6
DA:124,6
DA:127,6
DA:130,7
DA:168,0
LF:26
LH:25
BRDA:283,0,0,0
BRDA:283,0,1,7
BRF:2
BRH:1
end_of_record
TN:
SF:src/views/Dashboard/DashboardElu.js
FN:37,EluDashboard
FN:88,(anonymous_1)
FN:89,fetchData
FNF:3
FNH:3
FNDA:4,EluDashboard
FNDA:4,(anonymous_1)
FNDA:4,fetchData
DA:35,6
DA:38,4
DA:39,4
DA:40,4
DA:76,4
DA:79,4
DA:80,4
DA:81,4
DA:82,4
DA:83,4
DA:84,4
DA:86,4
DA:87,4
DA:88,4
DA:90,4
DA:91,4
DA:92,4
DA:93,4
DA:94,4
DA:95,4
DA:96,4
DA:97,4
DA:98,4
DA:99,4
DA:102,4
DA:105,4
LF:26
LH:26
BRDA:258,0,0,0
BRDA:258,0,1,4
BRF:2
BRH:1
end_of_record
TN:
SF:src/views/Dashboard/DataExport.js
FN:25,(anonymous_0)
FN:35,(anonymous_1)
FN:66,(anonymous_2)
FN:68,(anonymous_3)
FN:69,(anonymous_4)
FN:70,(anonymous_5)
FN:77,(anonymous_6)
FN:125,(anonymous_7)
FN:136,(anonymous_8)
FNF:9
FNH:7
FNDA:8,(anonymous_0)
FNDA:3,(anonymous_1)
FNDA:2,(anonymous_2)
FNDA:4,(anonymous_3)
FNDA:4,(anonymous_4)
FNDA:8,(anonymous_5)
FNDA:2,(anonymous_6)
FNDA:0,(anonymous_7)
FNDA:0,(anonymous_8)
DA:25,6
DA:26,8
DA:27,8
DA:28,8
DA:29,8
DA:30,8
DA:31,8
DA:32,8
DA:33,8
DA:35,8
DA:36,3
DA:38,3
DA:39,2
DA:45,1
DA:46,1
DA:47,1
DA:48,1
DA:49,1
DA:57,1
DA:58,1
DA:59,1
DA:62,1
DA:66,8
DA:67,2
DA:68,4
DA:69,2
DA:70,4
DA:71,8
DA:74,2
DA:77,8
DA:78,2
DA:79,2
DA:80,2
DA:81,2
DA:82,2
DA:83,2
DA:84,2
DA:85,2
DA:88,8
DA:125,0
DA:136,0
LF:41
LH:39
BRDA:38,0,0,2
BRDA:38,0,1,1
BRDA:47,1,0,1
BRDA:47,1,1,0
BRDA:67,2,0,0
BRDA:67,2,1,2
BRDA:67,3,0,2
BRDA:67,3,1,2
BRDA:71,4,0,0
BRDA:71,4,1,8
BRDA:118,5,0,8
BRDA:118,5,1,6
BRDA:129,6,0,8
BRDA:129,6,1,2
BRF:14
BRH:11
end_of_record
TN:
SF:src/views/Dashboard/Incident.js
FN:25,(anonymous_0)
FN:52,(anonymous_1)
FN:55,(anonymous_2)
FN:71,(anonymous_3)
FN:75,(anonymous_4)
FN:90,(anonymous_5)
FN:95,(anonymous_6)
FN:96,(anonymous_7)
FN:99,(anonymous_8)
FN:133,(anonymous_9)
FN:146,(anonymous_10)
FN:156,(anonymous_11)
FNF:12
FNH:10
FNDA:11,(anonymous_0)
FNDA:4,(anonymous_1)
FNDA:7,(anonymous_2)
FNDA:7,(anonymous_3)
FNDA:0,(anonymous_4)
FNDA:1,(anonymous_5)
FNDA:1,(anonymous_6)
FNDA:1,(anonymous_7)
FNDA:4,(anonymous_8)
FNDA:4,(anonymous_9)
FNDA:1,(anonymous_10)
FNDA:0,(anonymous_11)
DA:25,7
DA:26,11
DA:27,11
DA:28,11
DA:29,11
DA:30,11
DA:31,11
DA:45,11
DA:46,11
DA:47,11
DA:52,11
DA:53,4
DA:55,11
DA:56,7
DA:57,7
DA:58,7
DA:64,6
DA:65,4
DA:67,2
DA:71,11
DA:72,7
DA:75,11
DA:76,0
DA:77,0
DA:78,0
DA:79,0
DA:80,0
DA:81,0
DA:82,0
DA:84,0
DA:85,0
DA:86,0
DA:90,11
DA:91,1
DA:92,1
DA:95,11
DA:96,1
DA:99,11
DA:100,4
DA:101,4
DA:102,4
DA:103,4
DA:104,4
DA:105,4
DA:106,4
DA:109,11
DA:134,4
DA:135,4
DA:146,1
DA:156,0
LF:50
LH:39
BRDA:53,0,0,4
BRDA:53,0,1,0
BRDA:104,1,0,4
BRDA:104,1,1,0
BRDA:105,2,0,0
BRDA:105,2,1,4
BRDA:119,3,0,4
BRDA:119,3,1,7
BRDA:134,4,0,4
BRDA:134,4,1,0
BRDA:151,5,0,4
BRDA:151,5,1,1
BRF:12
BRH:8
end_of_record
TN:
SF:src/views/Dashboard/LLM_Chat.jsx
FN:24,Chat
FN:35,(anonymous_1)
FN:45,(anonymous_2)
FN:53,(anonymous_3)
FN:63,(anonymous_4)
FN:76,(anonymous_5)
FN:81,(anonymous_6)
FN:103,(anonymous_7)
FN:108,(anonymous_8)
FN:113,(anonymous_9)
FN:115,(anonymous_10)
FN:131,(anonymous_11)
FN:145,(anonymous_12)
FN:150,(anonymous_13)
FN:154,(anonymous_14)
FN:160,(anonymous_15)
FN:165,(anonymous_16)
FN:166,(anonymous_17)
FN:167,(anonymous_18)
FN:175,(anonymous_19)
FN:177,(anonymous_20)
FN:178,(anonymous_21)
FN:210,(anonymous_22)
FN:234,(anonymous_23)
FN:284,(anonymous_24)
FN:286,(anonymous_25)
FNF:26
FNH:16
FNDA:14,Chat
FNDA:18,(anonymous_1)
FNDA:1,(anonymous_2)
FNDA:0,(anonymous_3)
FNDA:0,(anonymous_4)
FNDA:8,(anonymous_5)
FNDA:7,(anonymous_6)
FNDA:8,(anonymous_7)
FNDA:0,(anonymous_8)
FNDA:0,(anonymous_9)
FNDA:0,(anonymous_10)
FNDA:1,(anonymous_11)
FNDA:1,(anonymous_12)
FNDA:0,(anonymous_13)
FNDA:8,(anonymous_14)
FNDA:11,(anonymous_15)
FNDA:0,(anonymous_16)
FNDA:0,(anonymous_17)
FNDA:0,(anonymous_18)
FNDA:1,(anonymous_19)
FNDA:1,(anonymous_20)
FNDA:1,(anonymous_21)
FNDA:4,(anonymous_22)
FNDA:0,(anonymous_23)
FNDA:2,(anonymous_24)
FNDA:1,(anonymous_25)
DA:25,14
DA:26,13
DA:27,13
DA:28,13
DA:29,13
DA:32,13
DA:35,13
DA:36,18
DA:37,17
DA:45,13
DA:46,1
DA:47,0
DA:52,0
DA:53,0
DA:57,0
DA:58,0
DA:63,13
DA:64,0
DA:65,0
DA:70,0
DA:71,0
DA:76,13
DA:77,8
DA:78,8
DA:81,7
DA:94,7
DA:96,7
DA:98,1
DA:103,13
DA:104,8
DA:108,8
DA:109,0
DA:110,0
DA:113,8
DA:114,0
DA:115,0
DA:116,0
DA:121,0
DA:122,0
DA:129,8
DA:130,8
DA:131,8
DA:132,1
DA:133,1
DA:135,1
DA:136,0
DA:138,1
DA:145,1
DA:146,1
DA:149,8
DA:150,8
DA:151,0
DA:154,8
DA:155,8
DA:160,13
DA:161,11
DA:165,13
DA:166,0
DA:167,0
DA:168,0
DA:171,0
DA:175,13
DA:176,1
DA:177,1
DA:178,1
DA:179,1
DA:184,1
DA:191,13
DA:211,4
DA:235,0
DA:284,2
DA:287,1
LF:72
LH:49
BRDA:36,0,0,17
BRDA:36,0,1,1
BRDA:46,1,0,0
BRDA:46,1,1,1
BRDA:46,2,0,1
BRDA:46,2,1,0
BRDA:46,2,2,0
BRDA:64,3,0,0
BRDA:64,3,1,0
BRDA:64,4,0,0
BRDA:64,4,1,0
BRDA:116,5,0,0
BRDA:116,5,1,0
BRDA:135,6,0,0
BRDA:135,6,1,1
BRDA:168,7,0,0
BRDA:168,7,1,0
BRDA:176,8,0,1
BRDA:176,8,1,0
BRDA:179,9,0,1
BRDA:179,9,1,0
BRDA:214,10,0,1
BRDA:214,10,1,3
BRDA:222,11,0,1
BRDA:222,11,1,3
BRDA:228,12,0,1
BRDA:228,12,1,3
BRDA:230,13,0,1
BRDA:230,13,1,3
BRDA:230,14,0,4
BRDA:230,14,1,3
BRDA:240,15,0,2
BRDA:240,15,1,1
BRDA:287,16,0,1
BRDA:287,16,1,0
BRDA:290,17,0,13
BRDA:290,17,1,1
BRDA:307,18,0,13
BRDA:307,18,1,0
BRDA:307,18,2,0
BRDA:321,19,0,13
BRDA:321,19,1,0
BRF:42
BRH:24
end_of_record
TN:
SF:src/views/Dashboard/Profile.js
FN:22,Profile
FN:28,(anonymous_1)
FN:67,(anonymous_2)
FN:81,(anonymous_3)
FN:159,(anonymous_4)
FN:168,(anonymous_5)
FN:177,(anonymous_6)
FN:186,(anonymous_7)
FN:194,(anonymous_8)
FNF:9
FNH:4
FNDA:3,Profile
FNDA:1,(anonymous_1)
FNDA:2,(anonymous_2)
FNDA:2,(anonymous_3)
FNDA:0,(anonymous_4)
FNDA:0,(anonymous_5)
FNDA:0,(anonymous_6)
FNDA:0,(anonymous_7)
FNDA:0,(anonymous_8)
DA:23,3
DA:24,3
DA:25,3
DA:26,3
DA:28,3
DA:29,1
DA:30,1
DA:32,1
DA:33,1
DA:34,1
DA:35,1
DA:36,1
DA:38,1
DA:39,0
DA:42,1
DA:44,1
DA:45,1
DA:51,0
DA:52,0
DA:53,0
DA:54,0
DA:60,1
DA:61,1
DA:62,1
DA:67,3
DA:68,2
DA:69,2
DA:74,2
DA:75,0
DA:77,2
DA:81,3
DA:82,2
DA:86,3
DA:87,3
DA:88,3
DA:90,3
DA:159,0
DA:168,0
DA:177,0
DA:186,0
DA:194,0
LF:41
LH:30
BRDA:38,0,0,0
BRDA:38,0,1,1
BRF:2
BRH:1
end_of_record
TN:
SF:src/views/Dashboard/QuotesCarousel.jsx
FN:19,(anonymous_0)
FN:23,(anonymous_1)
FN:24,(anonymous_2)
FN:26,(anonymous_3)
FN:27,(anonymous_4)
FN:34,(anonymous_5)
FNF:6
FNH:3
FNDA:5,(anonymous_0)
FNDA:5,(anonymous_1)
FNDA:0,(anonymous_2)
FNDA:0,(anonymous_3)
FNDA:0,(anonymous_4)
FNDA:5,(anonymous_5)
DA:6,6
DA:19,6
DA:20,5
DA:21,5
DA:23,5
DA:24,5
DA:25,0
DA:26,0
DA:27,0
DA:28,0
DA:30,0
DA:34,5
DA:37,5
LF:13
LH:8
BRDA:28,0,0,0
BRDA:28,0,1,0
BRF:2
BRH:0
end_of_record
TN:
SF:src/views/Dashboard/Tables.js
FN:35,Tables
FN:55,(anonymous_1)
FN:62,(anonymous_2)
FN:71,(anonymous_3)
FN:74,(anonymous_4)
FN:77,(anonymous_5)
FN:93,(anonymous_6)
FN:138,(anonymous_7)
FN:152,(anonymous_8)
FN:157,(anonymous_9)
FN:160,(anonymous_10)
FN:180,(anonymous_11)
FN:181,(anonymous_12)
FN:201,(anonymous_13)
FN:257,(anonymous_14)
FN:311,(anonymous_15)
FN:319,(anonymous_16)
FN:325,(anonymous_17)
FN:328,(anonymous_18)
FN:359,(anonymous_19)
FN:367,(anonymous_20)
FN:370,(anonymous_21)
FNF:22
FNH:13
FNDA:24,Tables
FNDA:6,(anonymous_1)
FNDA:6,(anonymous_2)
FNDA:6,(anonymous_3)
FNDA:0,(anonymous_4)
FNDA:1,(anonymous_5)
FNDA:1,(anonymous_6)
FNDA:0,(anonymous_7)
FNDA:2,(anonymous_8)
FNDA:0,(anonymous_9)
FNDA:0,(anonymous_10)
FNDA:0,(anonymous_11)
FNDA:0,(anonymous_12)
FNDA:23,(anonymous_13)
FNDA:23,(anonymous_14)
FNDA:2,(anonymous_15)
FNDA:0,(anonymous_16)
FNDA:0,(anonymous_17)
FNDA:0,(anonymous_18)
FNDA:6,(anonymous_19)
FNDA:1,(anonymous_20)
FNDA:2,(anonymous_21)
DA:36,24
DA:37,23
DA:38,23
DA:39,23
DA:40,23
DA:50,23
DA:51,23
DA:52,23
DA:53,23
DA:55,23
DA:56,6
DA:57,6
DA:62,6
DA:63,6
DA:64,6
DA:65,6
DA:67,0
DA:71,23
DA:72,6
DA:74,23
DA:75,0
DA:77,23
DA:78,1
DA:79,1
DA:90,1
DA:93,23
DA:94,1
DA:95,1
DA:97,1
DA:98,1
DA:99,1
DA:100,1
DA:101,1
DA:102,1
DA:103,1
DA:104,1
DA:105,1
DA:106,1
DA:107,0
DA:110,1
DA:111,1
DA:116,1
DA:117,1
DA:118,1
DA:119,1
DA:130,1
DA:132,0
DA:133,0
DA:138,23
DA:139,0
DA:140,0
DA:141,0
DA:142,0
DA:143,0
DA:144,0
DA:145,0
DA:147,0
DA:148,0
DA:152,23
DA:153,2
DA:154,2
DA:157,23
DA:158,0
DA:160,23
DA:161,0
DA:162,0
DA:164,0
DA:176,0
DA:178,0
DA:179,0
DA:180,0
DA:181,0
DA:183,0
DA:184,0
DA:194,0
DA:195,0
DA:197,0
DA:198,0
DA:201,23
DA:202,23
DA:257,23
DA:258,23
DA:311,23
DA:312,2
DA:320,0
DA:321,0
DA:326,0
DA:327,0
DA:329,0
DA:331,0
DA:332,0
DA:337,23
DA:360,6
DA:367,1
DA:370,2
LF:95
LH:59
BRDA:106,0,0,0
BRDA:106,0,1,1
BRDA:139,1,0,0
BRDA:139,1,1,0
BRDA:143,2,0,0
BRDA:143,2,1,0
BRDA:181,3,0,0
BRDA:181,3,1,0
BRDA:320,4,0,0
BRDA:320,4,1,0
BRDA:331,5,0,0
BRDA:331,5,1,0
BRDA:346,6,0,6
BRDA:346,6,1,17
BRF:14
BRH:3
end_of_record
TN:
SF:src/views/Dashboard/Typewriter.js
FN:9,(anonymous_0)
FN:20,(anonymous_1)
FN:34,(anonymous_2)
FN:51,(anonymous_3)
FNF:4
FNH:4
FNDA:12,(anonymous_0)
FNDA:8,(anonymous_1)
FNDA:30,(anonymous_2)
FNDA:7,(anonymous_3)
DA:9,7
DA:16,12
DA:17,12
DA:18,12
DA:20,12
DA:22,8
DA:23,1
DA:24,1
DA:25,1
DA:27,1
DA:31,7
DA:32,7
DA:34,7
DA:35,30
DA:36,30
DA:38,30
DA:39,3
DA:42,30
DA:43,2
DA:44,2
DA:45,0
DA:51,7
DA:55,12
DA:56,12
DA:58,12
DA:67,7
LF:26
LH:25
BRDA:11,0,0,0
BRDA:22,1,0,1
BRDA:22,1,1,7
BRDA:24,2,0,1
BRDA:24,2,1,0
BRDA:38,3,0,3
BRDA:38,3,1,27
BRDA:42,4,0,2
BRDA:42,4,1,28
BRDA:44,5,0,0
BRDA:44,5,1,2
BRF:11
BRH:8
end_of_record
TN:
SF:src/views/Dashboard/analyze.jsx
FN:45,Analyze
FN:71,(anonymous_1)
FN:76,(anonymous_2)
FN:100,(anonymous_3)
FN:105,(anonymous_4)
FN:106,(anonymous_5)
FN:146,(anonymous_6)
FN:148,(anonymous_7)
FN:182,(anonymous_8)
FN:211,RecenterMap
FN:213,(anonymous_10)
FN:222,(anonymous_11)
FN:223,(anonymous_12)
FN:224,(anonymous_13)
FN:225,(anonymous_14)
FNF:15
FNH:7
FNDA:14,Analyze
FNDA:0,(anonymous_1)
FNDA:5,(anonymous_2)
FNDA:5,(anonymous_3)
FNDA:5,(anonymous_4)
FNDA:5,(anonymous_5)
FNDA:5,(anonymous_6)
FNDA:0,(anonymous_7)
FNDA:5,(anonymous_8)
FNDA:0,RecenterMap
FNDA:0,(anonymous_10)
FNDA:0,(anonymous_11)
FNDA:0,(anonymous_12)
FNDA:0,(anonymous_13)
FNDA:0,(anonymous_14)
DA:46,14
DA:61,13
DA:62,13
DA:64,13
DA:65,13
DA:66,13
DA:67,13
DA:69,13
DA:71,13
DA:72,0
DA:76,13
DA:77,5
DA:78,5
DA:82,5
DA:83,0
DA:86,5
DA:87,5
DA:88,5
DA:89,5
DA:91,0
DA:94,0
DA:95,0
DA:100,13
DA:101,5
DA:105,13
DA:106,5
DA:107,5
DA:109,5
DA:110,5
DA:114,5
DA:117,5
DA:123,5
DA:124,0
DA:129,0
DA:130,5
DA:131,5
DA:132,5
DA:135,5
DA:137,0
DA:138,0
DA:142,5
DA:146,13
DA:147,5
DA:148,5
DA:149,0
DA:150,0
DA:154,0
DA:160,0
DA:166,0
DA:167,0
DA:170,0
DA:173,0
DA:174,0
DA:175,0
DA:178,0
DA:182,5
DA:186,13
DA:187,0
DA:189,13
DA:195,13
DA:208,13
DA:212,0
DA:213,0
DA:214,0
DA:215,0
DA:218,0
DA:221,13
DA:222,0
DA:223,0
DA:224,0
DA:225,0
DA:230,13
DA:238,13
LF:73
LH:43
BRDA:82,0,0,0
BRDA:82,0,1,5
BRDA:87,1,0,5
BRDA:87,1,1,0
BRDA:87,2,0,5
BRDA:87,2,1,5
BRDA:109,3,0,5
BRDA:109,3,1,0
BRDA:117,4,0,5
BRDA:117,4,1,5
BRDA:117,4,2,5
BRDA:117,4,3,5
BRDA:117,4,4,5
BRDA:123,5,0,0
BRDA:123,5,1,5
BRDA:124,6,0,0
BRDA:124,6,1,0
BRDA:130,7,0,5
BRDA:130,7,1,0
BRDA:130,8,0,5
BRDA:130,8,1,5
BRDA:147,9,0,5
BRDA:147,9,1,0
BRDA:147,10,0,5
BRDA:147,10,1,5
BRDA:160,11,0,0
BRDA:160,11,1,0
BRDA:160,11,2,0
BRDA:160,11,3,0
BRDA:160,11,4,0
BRDA:166,12,0,0
BRDA:166,12,1,0
BRDA:170,13,0,0
BRDA:170,13,1,0
BRDA:186,14,0,0
BRDA:186,14,1,13
BRDA:198,15,0,0
BRDA:198,15,1,13
BRDA:200,16,0,0
BRDA:200,16,1,13
BRDA:214,17,0,0
BRDA:214,17,1,0
BRDA:214,18,0,0
BRDA:214,18,1,0
BRDA:253,19,0,5
BRDA:253,19,1,8
BRDA:268,20,0,0
BRDA:268,20,1,8
BRDA:310,21,0,8
BRDA:310,21,1,0
BRDA:321,22,0,0
BRDA:321,22,1,8
BRDA:328,23,0,0
BRDA:328,23,1,0
BRDA:336,24,0,0
BRDA:336,24,1,0
BRDA:346,25,0,0
BRDA:346,25,1,0
BRDA:355,26,0,0
BRDA:355,26,1,0
BRDA:355,26,2,0
BRDA:363,27,0,0
BRDA:363,27,1,0
BRDA:457,28,0,5
BRDA:457,28,1,0
BRDA:457,29,0,5
BRDA:457,29,1,5
BRDA:501,30,0,5
BRDA:501,30,1,0
BRF:69
BRH:29
end_of_record
TN:
SF:src/views/Dashboard/globalView.jsx
FN:28,GlobalView
FN:77,RecenterMap
FN:79,(anonymous_2)
FN:207,(anonymous_3)
FN:210,(anonymous_4)
FN:213,(anonymous_5)
FN:276,(anonymous_6)
FN:284,(anonymous_7)
FNF:8
FNH:3
FNDA:3,GlobalView
FNDA:0,RecenterMap
FNDA:0,(anonymous_2)
FNDA:0,(anonymous_3)
FNDA:0,(anonymous_4)
FNDA:0,(anonymous_5)
FNDA:6,(anonymous_6)
FNDA:2,(anonymous_7)
DA:47,3
DA:48,2
DA:49,2
DA:51,2
DA:52,2
DA:54,2
DA:58,2
DA:62,2
DA:66,2
DA:70,2
DA:74,2
DA:78,0
DA:79,0
DA:80,0
DA:81,0
DA:84,0
DA:87,2
DA:208,0
DA:211,0
DA:213,0
DA:277,6
DA:284,2
LF:22
LH:14
BRDA:80,0,0,0
BRDA:80,0,1,0
BRDA:80,1,0,0
BRDA:80,1,1,0
BRDA:96,2,0,0
BRDA:96,2,1,2
BRDA:114,3,0,0
BRDA:114,3,1,2
BRDA:114,4,0,2
BRDA:114,4,1,0
BRDA:132,5,0,0
BRDA:132,5,1,0
BRDA:134,6,0,0
BRDA:134,6,1,0
BRDA:165,7,0,0
BRDA:165,7,1,2
BRDA:198,8,0,2
BRDA:198,8,1,2
BRDA:198,8,2,2
BRDA:216,9,0,2
BRDA:216,9,1,0
BRDA:233,10,0,2
BRDA:233,10,1,2
BRDA:233,10,2,2
BRDA:288,11,0,0
BRDA:288,11,1,2
BRF:26
BRH:12
end_of_record
TN:
SF:src/views/Dashboard/globalViewCollaboration.jsx
FN:29,GlobalViewCollaboration
FN:39,(anonymous_1)
FN:40,(anonymous_2)
FN:41,(anonymous_3)
FN:51,(anonymous_4)
FN:55,(anonymous_5)
FN:56,(anonymous_6)
FN:88,(anonymous_7)
FN:98,(anonymous_8)
FN:107,(anonymous_9)
FN:111,(anonymous_10)
FN:112,(anonymous_11)
FN:140,(anonymous_12)
FN:186,RecenterMap
FN:188,(anonymous_14)
FN:253,(anonymous_15)
FN:257,(anonymous_16)
FN:271,(anonymous_17)
FNF:18
FNH:15
FNDA:24,GlobalViewCollaboration
FNDA:3,(anonymous_1)
FNDA:3,(anonymous_2)
FNDA:12,(anonymous_3)
FNDA:0,(anonymous_4)
FNDA:0,(anonymous_5)
FNDA:0,(anonymous_6)
FNDA:7,(anonymous_7)
FNDA:1,(anonymous_8)
FNDA:2,(anonymous_9)
FNDA:8,(anonymous_10)
FNDA:1,(anonymous_11)
FNDA:7,(anonymous_12)
FNDA:23,RecenterMap
FNDA:23,(anonymous_14)
FNDA:92,(anonymous_15)
FNDA:3,(anonymous_16)
FNDA:2,(anonymous_17)
DA:30,24
DA:36,23
DA:37,23
DA:39,23
DA:40,3
DA:41,3
DA:42,12
DA:46,3
DA:47,1
DA:51,23
DA:52,0
DA:55,23
DA:56,0
DA:57,0
DA:61,0
DA:72,23
DA:73,23
DA:74,23
DA:75,23
DA:76,23
DA:77,23
DA:78,23
DA:79,23
DA:84,23
DA:85,23
DA:87,23
DA:88,23
DA:89,7
DA:95,7
DA:98,23
DA:99,1
DA:100,1
DA:101,1
DA:103,0
DA:107,23
DA:108,2
DA:109,2
DA:110,2
DA:111,8
DA:112,2
DA:113,2
DA:121,2
DA:123,2
DA:131,1
DA:132,1
DA:134,1
DA:135,1
DA:140,23
DA:141,7
DA:142,7
DA:143,7
DA:144,7
DA:145,7
DA:147,7
DA:154,7
DA:155,7
DA:157,0
DA:158,0
DA:163,23
DA:167,23
DA:171,23
DA:175,23
DA:179,23
DA:183,23
DA:187,23
DA:188,23
DA:189,23
DA:190,23
DA:193,23
DA:196,23
DA:254,92
DA:257,3
DA:271,2
LF:73
LH:66
BRDA:42,0,0,3
BRDA:42,0,1,9
BRDA:46,1,0,1
BRDA:46,1,1,2
BRDA:85,2,0,0
BRDA:85,2,1,23
BRDA:189,3,0,23
BRDA:189,3,1,0
BRDA:189,4,0,23
BRDA:189,4,1,23
BRDA:204,5,0,0
BRDA:204,5,1,23
BRDA:214,6,0,23
BRDA:214,6,1,0
BRDA:214,7,0,23
BRDA:214,7,1,23
BRDA:225,8,0,0
BRDA:225,8,1,23
BRDA:227,9,0,0
BRDA:227,9,1,23
BRDA:262,10,0,23
BRDA:262,10,1,2
BRDA:282,11,0,23
BRDA:282,11,1,0
BRDA:306,12,0,0
BRDA:306,12,1,23
BRDA:307,13,0,0
BRDA:307,13,1,23
BRF:28
BRH:19
end_of_record
TN:
SF:src/views/Dashboard/oldTavle.js
FNF:0
FNH:0
LF:0
LH:0
BRF:0
BRH:0
end_of_record
TN:
SF:src/views/Pages/ComponentFaq.js
FN:4,(anonymous_0)
FNF:1
FNH:1
FNDA:4,(anonymous_0)
DA:4,7
DA:6,4
LF:2
LH:2
BRF:0
BRH:0
end_of_record
TN:
SF:src/views/Pages/ComponentHelp.js
FN:4,(anonymous_0)
FNF:1
FNH:1
FNDA:4,(anonymous_0)
DA:4,6
DA:5,4
LF:2
LH:2
BRF:0
BRH:0
end_of_record
TN:
SF:src/views/Pages/FAQ.js
FN:14,(anonymous_0)
FN:61,(anonymous_1)
FNF:2
FNH:2
FNDA:2,(anonymous_0)
FNDA:4,(anonymous_1)
DA:14,6
DA:15,2
DA:16,2
DA:17,2
DA:18,2
DA:19,2
DA:20,2
DA:34,2
DA:62,4
LF:9
LH:9
BRF:0
BRH:0
end_of_record
TN:
SF:src/views/Pages/Help.js
FN:15,Help
FN:59,(anonymous_1)
FNF:2
FNH:2
FNDA:2,Help
FNDA:4,(anonymous_1)
DA:16,2
DA:17,2
DA:18,2
DA:32,2
DA:60,4
LF:5
LH:5
BRF:0
BRH:0
end_of_record
TN:
SF:src/views/Pages/NotFound.js
FN:3,NotFound
FNF:1
FNH:1
FNDA:1,NotFound
DA:4,1
LF:1
LH:1
BRF:0
BRH:0
end_of_record
TN:
SF:src/views/Pages/SignIn.js
FN:28,SignIn
FN:42,(anonymous_1)
FN:106,(anonymous_2)
FN:199,(anonymous_3)
FN:217,(anonymous_4)
FN:265,(anonymous_5)
FN:273,(anonymous_6)
FNF:7
FNH:7
FNDA:22,SignIn
FNDA:3,(anonymous_1)
FNDA:1,(anonymous_2)
FNDA:3,(anonymous_3)
FNDA:3,(anonymous_4)
FNDA:1,(anonymous_5)
FNDA:1,(anonymous_6)
DA:29,22
DA:30,22
DA:31,21
DA:32,21
DA:33,21
DA:34,21
DA:35,21
DA:36,21
DA:39,21
DA:40,21
DA:42,21
DA:43,3
DA:44,3
DA:45,3
DA:47,3
DA:49,3
DA:51,3
DA:55,2
DA:58,2
DA:67,2
DA:68,2
DA:69,2
DA:70,2
DA:71,2
DA:72,2
DA:73,2
DA:75,2
DA:78,2
DA:79,1
DA:80,1
DA:81,1
DA:82,1
DA:84,0
DA:87,0
DA:94,1
DA:95,1
DA:96,1
DA:102,3
DA:106,21
DA:107,1
DA:108,1
DA:109,0
DA:110,0
DA:113,1
DA:114,1
DA:119,1
DA:123,1
DA:124,1
DA:125,1
DA:127,0
DA:128,0
DA:132,21
DA:199,3
DA:217,3
DA:265,1
DA:273,1
LF:56
LH:50
BRDA:78,0,0,1
BRDA:78,0,1,1
BRDA:80,1,0,1
BRDA:80,1,1,0
BRDA:81,2,0,1
BRDA:81,2,1,0
BRDA:108,3,0,0
BRDA:108,3,1,1
BRDA:176,4,0,21
BRDA:176,4,1,1
BRF:10
BRH:7
end_of_record
TN:
SF:src/views/Pages/SignUp.js
FN:22,SignUp
FNF:1
FNH:1
FNDA:2,SignUp
DA:23,2
DA:24,2
DA:25,2
DA:26,2
DA:27,2
DA:28,2
DA:29,2
LF:7
LH:7
BRF:0
BRH:0
end_of_record
TN:
SF:src/views/RTL/RTLPage.js
FN:44,Dashboard
FN:287,(anonymous_1)
FN:352,(anonymous_2)
FNF:3
FNH:3
FNDA:5,Dashboard
FNDA:20,(anonymous_1)
FNDA:20,(anonymous_2)
DA:46,5
DA:47,4
DA:48,4
DA:49,4
DA:50,4
DA:51,4
DA:53,4
DA:55,4
DA:288,20
DA:353,20
LF:10
LH:10
BRDA:221,0,0,0
BRDA:221,0,1,4
BRDA:295,1,0,4
BRDA:295,1,1,16
BRDA:301,2,0,4
BRDA:301,2,1,16
BRDA:308,3,0,4
BRDA:308,3,1,16
BRDA:315,4,0,4
BRDA:315,4,1,16
BRDA:360,5,0,4
BRDA:360,5,1,16
BRDA:367,6,0,4
BRDA:367,6,1,16
BRDA:374,7,0,4
BRDA:374,7,1,16
BRF:16
BRH:15
end_of_record
