TN:
SF:src/components/Card/Card.js
FN:3,Card
FNF:1
FNH:0
FNDA:0,Card
DA:4,0
DA:5,0
DA:7,0
LF:3
LH:0
BRF:0
BRH:0
end_of_record
TN:
SF:src/components/Card/CardBody.js
FN:3,CardBody
FNF:1
FNH:0
FNDA:0,CardBody
DA:4,0
DA:5,0
DA:7,0
LF:3
LH:0
BRF:0
BRH:0
end_of_record
TN:
SF:src/components/Card/CardHeader.js
FN:3,CardHeader
FNF:1
FNH:0
FNDA:0,CardHeader
DA:4,0
DA:5,0
DA:7,0
LF:3
LH:0
BRF:0
BRH:0
end_of_record
TN:
SF:src/components/Charts/BarChart.js
FN:5,(anonymous_0)
FN:15,(anonymous_1)
FN:22,(anonymous_2)
FNF:3
FNH:0
FNDA:0,(anonymous_0)
FNDA:0,(anonymous_1)
FNDA:0,(anonymous_2)
DA:6,0
DA:7,0
DA:16,0
DA:23,0
LF:4
LH:0
BRF:0
BRH:0
end_of_record
TN:
SF:src/components/Charts/LineChart.js
FN:6,(anonymous_0)
FN:15,(anonymous_1)
FN:22,(anonymous_2)
FNF:3
FNH:0
FNDA:0,(anonymous_0)
FNDA:0,(anonymous_1)
FNDA:0,(anonymous_2)
DA:7,0
DA:9,0
DA:16,0
DA:23,0
LF:4
LH:0
BRF:0
BRH:0
end_of_record
TN:
SF:src/components/Configurator/Configurator.js
FN:21,Configurator
FN:74,(anonymous_1)
FNF:2
FNH:1
FNDA:8,Configurator
FNDA:0,(anonymous_1)
DA:30,8
DA:31,7
DA:33,7
DA:35,7
DA:39,7
DA:40,7
DA:41,7
DA:42,7
DA:43,7
DA:44,7
DA:45,7
DA:75,0
DA:76,0
DA:77,0
DA:79,0
DA:80,0
LF:16
LH:11
BRDA:50,0,0,0
BRDA:50,0,1,7
BRDA:75,1,0,0
BRDA:75,1,1,0
BRDA:95,2,0,4
BRDA:95,2,1,3
BRDA:97,3,0,4
BRDA:97,3,1,3
BRF:8
BRH:5
end_of_record
